Running tests on a test flinger device
Loading environment variables
Using environment file: tf_snapd_cm3_refresh
Deleting test flinger data
Creating job for snapd using a device
Running testflinger client
Submitting job to testflinger
JOB_ID: d9120aea-2878-47f6-93f9-8be8bfec6465
Print job: /var/snap/testflinger-cli/current/job.yaml 
job_queue: cm3
global_timeout: 36000
provision_data:
    url: http://cdimage.ubuntu.com/ubuntu-core/16/stable/current/ubuntu-core-16-cm3.img.xz
test_data:
    test_cmds: |
        #!/bin/bash
        sudo apt update || ps aux | grep apt
        sudo apt install -y git curl sshpass
        git clone https://github.com/sergiocazzolato/snappy-qa-jobs.git
        (cd snappy-qa-jobs && git checkout master)
        git clone https://git.launchpad.net/snapd-vendor snapd
        (cd snapd && git checkout master)
        . snapd/tests/lib/external/prepare-ssh.sh "{device_ip}" "22" "ubuntu"
        . snappy-qa-jobs/scripts/utils/register_device.sh "{device_ip}" "22" "test" "ubuntu" "sergiocazzolato@yahoo.com.ar"
        . snappy-qa-jobs/scripts/utils/refresh.sh "{device_ip}" "22" "test" "ubuntu" "stable" "edge"
        . snappy-qa-jobs/scripts/utils/run_setup.sh "{device_ip}" "22" "test" "ubuntu" ""
        . snappy-qa-jobs/scripts/utils/get_spread.sh
        . snappy-qa-jobs/scripts/utils/run_spread.sh "{device_ip}" "22" "snapd" "external:ubuntu-core-16-arm-32:tests/" "" "tests/main/auto-refresh,tests/main/interfaces-content" "-v"
Showing job data
***********************************

* Starting setup phase on cm3-002 *

***********************************

Cleaning up container if it exists...
Error response from daemon: No such container: cm3002

***************************************

* Starting provision phase on cm3-002 *

***************************************
Install python-logstash if you want to use logstash logging
2018-07-09 04:31:03,157 cm3-001 INFO: BEGIN provision
2018-07-09 04:31:03,157 cm3-001 INFO: Provisioning device
2018-07-09 04:31:09,506 cm3-001 INFO: Running snmpset -c private -v1 10.101.48.8 .1.3.6.1.4.1.318.1.1.12.3.3.1.1.4.2 i 2
iso.3.6.1.4.1.318.1.1.12.3.3.1.1.4.2 = INTEGER: 2
2018-07-09 04:31:09,625 cm3-001 INFO: Running sleep 10
2018-07-09 04:31:19,654 cm3-001 INFO: Running snmpset -c private -v1 10.101.48.8 .1.3.6.1.4.1.318.1.1.12.3.3.1.1.4.2 i 1
iso.3.6.1.4.1.318.1.1.12.3.3.1.1.4.2 = INTEGER: 1
2018-07-09 04:31:19,773 cm3-001 INFO: Flashing image
2018-07-09 04:36:21,078 cm3-001 INFO: b"Warning: Permanently added '10.101.50.182' (ECDSA) to the list of known hosts.\r\ntesting...\n+ echo testing...\n+ /snap/cm3-installer/6/bin/rpiboot -d /snap/cm3-installer/6/msd\nWaiting for BCM2835/6/7\nSending bootcode.bin\nSuccessful read 4 bytes \nWaiting for BCM2835/6/7\nSecond stage boot server\nFile read: start.elf\nSecond stage boot server done\nstarting image download...\n+ echo 'starting image download...'\n+ unxz -c\n+ curl -L http://cdimage.ubuntu.com/ubuntu-core/16/stable/current/ubuntu-core-16-cm3.img.xz\n+ dd of=/dev/sda bs=4M oflag=sync\n  % Total    % Received % Xferd  Average Speed   Time    Time     Time  Current\n                                 Dload  Upload   Total   Spent    Left  Speed\n\r  0     0    0     0    0     0      0      0 --:--:-- --:--:-- --:--:--     0\r  0     0    0     0    0     0      0      0 --:--:-- --:--:-- --:--:--     0\r  0  334M    0 15681    0     0  12064      0  8:04:15  0:00:01  8:04:14 12062\r  0  334M    0  172k    0     0  75823      0  1:17:02  0:00:02  1:17:00 75842\r  0  334M    0  356k    0     0   106k      0  0:53:29  0:00:03  0:53:26  106k\r  0  334M    0  563k    0     0   131k      0  0:43:15  0:00:04  0:43:11  131k\r  0  334M    0  778k    0     0   147k      0  0:38:45  0:00:05  0:38:40  154k\r  0  334M    0  989k    0     0   158k      0  0:36:03  0:00:06  0:35:57  196k\r  0  334M    0 1201k    0     0   167k      0  0:34:08  0:00:07  0:34:01  211k\r  0  334M    0 1459k    0     0   177k      0  0:32:05  0:00:08  0:31:57  226k\r  0  334M    0 1784k    0     0   193k      0  0:29:28  0:00:09  0:29:19  246k\r  0  334M    0 2164k    0     0   212k      0  0:26:50  0:00:10  0:26:40  283k\r  0  334M    0 2754k    0     0   241k      0  0:23:37  0:00:11  0:23:26  342k\r  0  334M    0 3352k    0     0   275k      0  0:20:44  0:00:12  0:20:32  430k\r  1  334M    1 3960k    0     0   300k      0  0:18:59  0:00:13  0:18:46  502k\r  1  334M    1 4668k    0     0   329k      0  0:17:20  0:00:14  0:17:06  580k\r  1  334M    1 5362k    0     0   348k      0  0:16:20  0:00:15  0:16:05  617k\r  1  334M    1 5988k    0     0   369k      0  0:15:26  0:00:16  0:15:10  673k\r  1  334M    1 6633k    0     0   385k      0  0:14:47  0:00:17  0:14:30  654k\r  2  334M    2 7283k    0     0   400k      0  0:14:15  0:00:18  0:13:57  661k\r  2  334M    2 7801k    0     0   406k      0  0:14:01  0:00:19  0:13:42  626k\r  2  334M    2 8368k    0     0   414k      0  0:13:45  0:00:20  0:13:25  623k\r  2  334M    2 8928k    0     0   417k      0  0:13:40  0:00:21  0:13:19  566k\r  2  334M    2 9430k    0     0   425k      0  0:13:25  0:00:22  0:13:03  560k\r  2  334M    2 9895k    0     0   426k      0  0:13:22  0:00:23  0:12:59  523k\r  3  334M    3 10.0M    0     0   425k      0  0:13:24  0:00:24  0:13:00  499k\r  3  334M    3 10.4M    0     0   426k      0  0:13:22  0:00:25  0:12:57  474k\r  3  334M    3 10.9M    0     0   427k      0  0:13:20  0:00:26  0:12:54  472k\r  3  334M    3 11.3M    0     0   428k      0  0:13:18  0:00:27  0:12:51  445k\r  3  334M    3 11.8M    0     0   429k      0  0:13:16  0:00:28  0:12:48  445k\r  3  334M    3 12.3M    0     0   431k      0  0:13:12  0:00:29  0:12:43  461k\r  3  334M    3 12.8M    0     0   434k      0  0:13:06  0:00:30  0:12:36  477k\r  4  334M    4 13.4M    0     0   437k      0  0:13:02  0:00:31  0:12:31  488k\r  4  334M    4 13.9M    0     0   444k      0  0:12:49  0:00:32  0:12:17  530k\r  4  334M    4 14.4M    0     0   444k      0  0:12:49  0:00:33  0:12:16  527k\r  4  334M    4 15.0M    0     0   449k      0  0:12:40  0:00:34  0:12:06  555k\r  4  334M    4 15.4M    0     0   432k      0  0:13:10  0:00:36  0:12:34  423k\r  4  334M    4 15.5M    0     0   326k      0  0:17:27  0:00:48  0:16:39  124k\r  4  334M    4 15.5M    0     0   283k      0  0:20:05  0:00:55  0:19:10 67973\r  4  334M    4 16.5M    0     0   300k      0  0:18:57  0:00:56  0:18:01 95710\r  5  334M    5 17.1M    0     0   307k      0  0:18:34  0:00:57  0:17:37 98247\r  5  334M    5 17.7M    0     0   312k      0  0:18:16  0:00:58  0:17:18  107k\r  5  334M    5 18.4M    0     0   318k      0  0:17:53  0:00:59  0:16:54  282k\r  5  334M    5 19.2M    0     0   327k      0  0:17:26  0:01:00  0:16:26  899k\r  6  334M    6 20.2M    0     0   338k      0  0:16:50  0:01:01  0:15:49  759k\r  6  334M    6 21.5M    0     0   354k      0  0:16:05  0:01:02  0:15:03  900k\r  6  334M    6 23.2M    0     0   376k      0  0:15:09  0:01:03  0:14:06 1143k\r  7  334M    7 25.2M    0     0   403k      0  0:14:09  0:01:04  0:13:05 1405k\r  8  334M    8 27.5M    0     0   432k      0  0:13:11  0:01:05  0:12:06 1714k\r  8  334M    8 29.5M    0     0   457k      0  0:12:28  0:01:06  0:11:22 1926k\r  9  334M    9 31.8M    0     0   485k      0  0:11:44  0:01:07  0:10:37 2141k\r 10  334M   10 34.4M    0     0   516k      0  0:11:02  0:01:08  0:09:54 2295k\r 11  334M   11 37.0M    0     0   548k      0  0:10:23  0:01:09  0:09:14 2415k\r 11  334M   11 38.6M    0     0   563k      0  0:10:07  0:01:10  0:08:57 2239k\r 11  334M   11 39.9M    0     0   574k      0  0:09:55  0:01:11  0:08:44 2128k\r 12  334M   12 41.0M    0     0   582k      0  0:09:47  0:01:12  0:08:35 1881k\r 12  334M   12 42.2M    0     0   591k      0  0:09:39  0:01:13  0:08:26 1597k\r 13  334M   13 43.4M    0     0   599k      0  0:09:30  0:01:14  0:08:16 1309k\r 13  334M   13 44.6M    0     0   608k      0  0:09:22  0:01:15  0:08:07 1245k\r 13  334M   13 45.8M    0     0   616k      0  0:09:15  0:01:16  0:07:59 1205k\r 14  334M   14 47.0M    0     0   624k      0  0:09:08  0:01:17  0:07:51 1228k\r 14  334M   14 48.2M    0     0   632k      0  0:09:01  0:01:18  0:07:43 1240k\r 14  334M   14 49.5M    0     0   640k      0  0:08:54  0:01:19  0:07:35 1242k\r 15  334M   15 50.8M    0     0   649k      0  0:08:47  0:01:20  0:07:27 1270k\r 15  334M   15 52.0M    0     0   656k      0  0:08:41  0:01:21  0:07:20 1270k\r 15  334M   15 53.3M    0     0   664k      0  0:08:35  0:01:22  0:07:13 1280k\r 16  334M   16 54.7M    0     0   673k      0  0:08:28  0:01:23  0:07:05 1313k\r 16  334M   16 55.9M    0     0   679k      0  0:08:23  0:01:24  0:06:59 1302k\r 17  334M   17 57.0M    0     0   685k      0  0:08:19  0:01:25  0:06:54 1262k\r 17  334M   17 58.2M    0     0   692k      0  0:08:14  0:01:26  0:06:48 1270k\r 17  334M   17 59.5M    0     0   698k      0  0:08:09  0:01:27  0:06:42 1261k\r 18  334M   18 60.7M    0     0   705k      0  0:08:05  0:01:28  0:06:37 1236k\r 18  334M   18 61.9M    0     0   711k      0  0:08:01  0:01:29  0:06:32 1246k\r 18  334M   18 63.1M    0     0   717k      0  0:07:57  0:01:30  0:06:27 1264k\r 19  334M   19 64.4M    0     0   723k      0  0:07:53  0:01:31  0:06:22 1262k\r 19  334M   19 65.7M    0     0   729k      0  0:07:49  0:01:32  0:06:17 1275k\r 20  334M   20 67.1M    0     0   737k      0  0:07:44  0:01:33  0:06:11 1302k\r 20  334M   20 68.6M    0     0   746k      0  0:07:38  0:01:34  0:06:04 1367k\r 21  334M   21 70.4M    0     0   757k      0  0:07:31  0:01:35  0:05:56 1486k\r 21  334M   21 72.5M    0     0   772k      0  0:07:23  0:01:36  0:05:47 1659k\r 22  334M   22 75.0M    0     0   790k      0  0:07:13  0:01:37  0:05:36 1907k\r 23  334M   23 77.6M    0     0   810k      0  0:07:02  0:01:38  0:05:24 2166k\r 23  334M   23 80.0M    0     0   826k      0  0:06:54  0:01:39  0:05:15 2329k\r 24  334M   24 81.8M    0     0   835k      0  0:06:49  0:01:40  0:05:09 2282k\r 24  334M   24 82.9M    0     0   839k      0  0:06:47  0:01:41  0:05:06 2131k\r 25  334M   25 83.7M    0     0   839k      0  0:06:47  0:01:42  0:05:05 1791k\r 25  334M   25 84.2M    0     0   836k      0  0:06:49  0:01:43  0:05:06 1348k\r 25  334M   25 84.7M    0     0   833k      0  0:06:50  0:01:44  0:05:06  974k\r 25  334M   25 85.3M    0     0   830k      0  0:06:51  0:01:45  0:05:06  727k\r 25  334M   25 85.8M    0     0   828k      0  0:06:53  0:01:46  0:05:07  605k\r 25  334M   25 86.4M    0     0   825k      0  0:06:54  0:01:47  0:05:07  547k\r 26  334M   26 87.0M    0     0   823k      0  0:06:55  0:01:48  0:05:07  562k\r 26  334M   26 87.6M    0     0   821k      0  0:06:56  0:01:49  0:05:07  577k\r 26  334M   26 88.3M    0     0   820k      0  0:06:57  0:01:50  0:05:07  608k\r 26  334M   26 89.1M    0     0   820k      0  0:06:57  0:01:51  0:05:06  661k\r 26  334M   26 90.1M    0     0   822k      0  0:06:56  0:01:52  0:05:04  758k\r 27  334M   27 91.2M    0     0   825k      0  0:06:54  0:01:53  0:05:01  870k\r 27  334M   27 92.2M    0     0   827k      0  0:06:53  0:01:54  0:04:59  957k\r 27  334M   27 93.2M    0     0   829k      0  0:06:52  0:01:55  0:04:57 1012k\r 28  334M   28 94.1M    0     0   829k      0  0:06:52  0:01:56  0:04:56 1027k\r 28  334M   28 95.0M    0     0   830k      0  0:06:52  0:01:57  0:04:55  994k\r 28  334M   28 95.7M    0     0   829k      0  0:06:52  0:01:58  0:04:54  914k\r 28  334M   28 96.5M    0     0   829k      0  0:06:52  0:01:59  0:04:53  863k\r 29  334M   29 97.3M    0     0   829k      0  0:06:52  0:02:00  0:04:52  830k\r 29  334M   29 98.1M    0     0   829k      0  0:06:52  0:02:01  0:04:51  817k\r 29  334M   29 98.9M    0     0   829k      0  0:06:52  0:02:02  0:04:50  804k\r 29  334M   29 99.7M    0     0   829k      0  0:06:52  0:02:03  0:04:49  821k\r 30  334M   30  100M    0     0   829k      0  0:06:52  0:02:04  0:04:48  836k\r 30  334M   30  101M    0     0   830k      0  0:06:52  0:02:05  0:04:47  856k\r 30  334M   30  102M    0     0   831k      0  0:06:51  0:02:06  0:04:45  896k\r 30  334M   30  103M    0     0   833k      0  0:06:50  0:02:07  0:04:43  950k\r 31  334M   31  104M    0     0   834k      0  0:06:50  0:02:08  0:04:42  977k\r 31  334M   31  105M    0     0   836k      0  0:06:49  0:02:09  0:04:40 1021k\r 31  334M   31  106M    0     0   838k      0  0:06:48  0:02:10  0:04:38 1043k\r 32  334M   32  107M    0     0   838k      0  0:06:48  0:02:11  0:04:37 1013k\r 32  334M   32  108M    0     0   839k      0  0:06:47  0:02:12  0:04:35  988k\r 32  334M   32  109M    0     0   840k      0  0:06:47  0:02:13  0:04:34  988k\r 33  334M   33  110M    0     0   841k      0  0:06:46  0:02:14  0:04:32  972k\r 33  334M   33  111M    0     0   843k      0  0:06:46  0:02:15  0:04:31  964k\r 33  334M   33  112M    0     0   844k      0  0:06:45  0:02:16  0:04:29  990k\r 33  334M   33  113M    0     0   845k      0  0:06:44  0:02:17  0:04:27 1002k\r 34  334M   34  114M    0     0   847k      0  0:06:43  0:02:18  0:04:25 1024k\r 34  334M   34  115M    0     0   849k      0  0:06:42  0:02:19  0:04:23 1060k\r 34  334M   34  116M    0     0   853k      0  0:06:41  0:02:20  0:04:21 1130k\r 35  334M   35  118M    0     0   858k      0  0:06:38  0:02:21  0:04:17 1239k\r 35  334M   35  120M    0     0   865k      0  0:06:35  0:02:22  0:04:13 1407k\r 36  334M   36  121M    0     0   871k      0  0:06:32  0:02:23  0:04:09 1547k\r 36  334M   36  123M    0     0   878k      0  0:06:29  0:02:24  0:04:05 1667k\r 37  334M   37  125M    0     0   885k      0  0:06:26  0:02:25  0:04:01 1789k\r 38  334M   38  127M    0     0   893k      0  0:06:22  0:02:26  0:03:56 1904k\r 38  334M   38  129M    0     0   902k      0  0:06:19  0:02:27  0:03:52 1961k\r 39  334M   39  131M    0     0   911k      0  0:06:15  0:02:28  0:03:47 2042k\r 40  334M   40  134M    0     0   920k      0  0:06:12  0:02:29  0:03:43 2129k\r 40  334M   40  136M    0     0   928k      0  0:06:08  0:02:30  0:03:38 2182k\r 41  334M   41  138M    0     0   936k      0  0:06:05  0:02:31  0:03:34 2192k\r 42  334M   42  140M    0     0   945k      0  0:06:02  0:02:32  0:03:30 2206k\r 42  334M   42  142M    0     0   953k      0  0:05:59  0:02:33  0:03:26 2204k\r 43  334M   43  144M    0     0   959k      0  0:05:56  0:02:34  0:03:22 2133k\r 43  334M   43  145M    0     0   963k      0  0:05:55  0:02:35  0:03:20 1998k\r 44  334M   44  147M    0     0   966k      0  0:05:54  0:02:36  0:03:18 1852k\r 44  334M   44  148M    0     0   969k      0  0:05:52  0:02:37  0:03:15 1711k\r 44  334M   44  150M    0     0   973k      0  0:05:51  0:02:38  0:03:13 1594k\r 45  334M   45  151M    0     0   977k      0  0:05:50  0:02:39  0:03:11 1541k\r 45  334M   45  153M    0     0   981k      0  0:05:48  0:02:40  0:03:08 1551k\r 46  334M   46  155M    0     0   985k      0  0:05:47  0:02:41  0:03:06 1580k\r 46  334M   46  156M    0     0   989k      0  0:05:46  0:02:42  0:03:04 1601k\r 47  334M   47  158M    0     0   993k      0  0:05:44  0:02:43  0:03:01 1611k\r 47  334M   47  159M    0     0   997k      0  0:05:43  0:02:44  0:02:59 1636k\r 48  334M   48  161M    0     0  1002k      0  0:05:41  0:02:45  0:02:56 1689k\r 49  334M   49  163M    0     0  1009k      0  0:05:39  0:02:46  0:02:53 1783k\r 49  334M   49  166M    0     0  1017k      0  0:05:36  0:02:47  0:02:49 1918k\r 50  334M   50  168M    0     0  1026k      0  0:05:33  0:02:48  0:02:45 2121k\r 51  334M   51  171M    0     0  1038k      0  0:05:29  0:02:49  0:02:40 2393k\r 52  334M   52  175M    0     0  1054k      0  0:05:24  0:02:50  0:02:34 2763k\r 53  334M   53  178M    0     0  1068k      0  0:05:20  0:02:51  0:02:29 3037k\r 54  334M   54  182M    0     0  1085k      0  0:05:15  0:02:52  0:02:23 3375k\r 55  334M   55  186M    0     0  1101k      0  0:05:10  0:02:53  0:02:17 3602k\r 56  334M   56  190M    0     0  1118k      0  0:05:06  0:02:54  0:02:12 3800k\r 58  334M   58  194M    0     0  1136k      0  0:05:01  0:02:55  0:02:06 3914k\r 59  334M   59  198M    0     0  1154k      0  0:04:56  0:02:56  0:02:00 4107k\r 60  334M   60  203M    0     0  1173k      0  0:04:51  0:02:57  0:01:54 4204k\r 62  334M   62  207M    0     0  1191k      0  0:04:47  0:02:58  0:01:49 4336k\r 63  334M   63  210M    0     0  1204k      0  0:04:44  0:02:59  0:01:45 4180k\r 64  334M   64  215M    0     0  1222k      0  0:04:40  0:03:00  0:01:40 4231k\r 65  334M   65  218M    0     0  1235k      0  0:04:36  0:03:01  0:01:35 4098k\r 66  334M   66  222M    0     0  1251k      0  0:04:33  0:03:02  0:01:31 4002k\r 67  334M   67  226M    0     0  1266k      0  0:04:30  0:03:03  0:01:27 3940k\r 69  334M   69  230M    0     0  1283k      0  0:04:26  0:03:04  0:01:22 4146k\r 70  334M   70  235M    0     0  1300k      0  0:04:23  0:03:05  0:01:18 4127k\r 71  334M   71  239M    0     0  1317k      0  0:04:19  0:03:06  0:01:13 4274k\r 72  334M   72  243M    0     0  1334k      0  0:04:16  0:03:07  0:01:09 4370k\r 74  334M   74  248M    0     0  1351k      0  0:04:13  0:03:08  0:01:05 4432k\r 75  334M   75  252M    0     0  1367k      0  0:04:10  0:03:09  0:01:01 4457k\r 76  334M   76  257M    0     0  1384k      0  0:04:07  0:03:10  0:00:57 4478k\r 77  334M   77  260M    0     0  1395k      0  0:04:05  0:03:11  0:00:54 4305k\r 78  334M   78  263M    0     0  1387k      0  0:04:06  0:03:14  0:00:52 2764k\r 79  334M   79  265M    0     0  1393k      0  0:04:05  0:03:15  0:00:50 2521k\r 80  334M   80  268M    0     0  1400k      0  0:04:04  0:03:16  0:00:48 2277k\r 80  334M   80  269M    0     0  1402k      0  0:04:04  0:03:17  0:00:47 1888k\r 81  334M   81  271M    0     0  1402k      0  0:04:03  0:03:18  0:00:45 1600k\r 81  334M   81  273M    0     0  1404k      0  0:04:03  0:03:19  0:00:44 2080k\r 82  334M   82  274M    0     0  1405k      0  0:04:03  0:03:20  0:00:43 1874k\r 82  334M   82  276M    0     0  1405k      0  0:04:03  0:03:21  0:00:42 1615k\r 83  334M   83  277M    0     0  1406k      0  0:04:03  0:03:22  0:00:41 1596k\r 83  334M   83  279M    0     0  1407k      0  0:04:03  0:03:23  0:00:40 1606k\r 84  334M   84  281M    0     0  1409k      0  0:04:02  0:03:24  0:00:38 1624k\r 84  334M   84  282M    0     0  1411k      0  0:04:02  0:03:25  0:00:37 1658k\r 85  334M   85  284M    0     0  1413k      0  0:04:02  0:03:26  0:00:36 1741k\r 85  334M   85  286M    0     0  1415k      0  0:04:01  0:03:27  0:00:34 1750k\r 86  334M   86  287M    0     0  1416k      0  0:04:01  0:03:28  0:00:33 1753k\r 86  334M   86  289M    0     0  1415k      0  0:04:01  0:03:29  0:00:32 1680k\r 87  334M   87  291M    0     0  1417k      0  0:04:01  0:03:30  0:00:31 1688k\r 87  334M   87  292M    0     0  1417k      0  0:04:01  0:03:31  0:00:30 1548k\r 87  334M   87  293M    0     0  1416k      0  0:04:01  0:03:32  0:00:29 1472k\r 88  334M   88  294M    0     0  1415k      0  0:04:01  0:03:33  0:00:28 1383k\r 88  334M   88  295M    0     0  1414k      0  0:04:01  0:03:34  0:00:27 1371k\r 88  334M   88  297M    0     0  1412k      0  0:04:02  0:03:35  0:00:27 1209k\r 89  334M   89  298M    0     0  1412k      0  0:04:02  0:03:36  0:00:26 1213k\r 89  334M   89  299M    0     0  1410k      0  0:04:02  0:03:37  0:00:25 1173k\r 89  334M   89  300M    0     0  1409k      0  0:04:02  0:03:38  0:00:24 1173k\r 90  334M   90  301M    0     0  1409k      0  0:04:02  0:03:39  0:00:23 1168k\r 90  334M   90  302M    0     0  1408k      0  0:04:02  0:03:40  0:00:22 1227k\r 90  334M   90  304M    0     0  1408k      0  0:04:03  0:03:41  0:00:22 1227k\r 91  334M   91  305M    0     0  1407k      0  0:04:03  0:03:42  0:00:21 1274k\r 91  334M   91  306M    0     0  1407k      0  0:04:03  0:03:43  0:00:20 1293k\r 92  334M   92  308M    0     0  1407k      0  0:04:03  0:03:44  0:00:19 1311k\r 92  334M   92  309M    0     0  1406k      0  0:04:03  0:03:45  0:00:18 1320k\r 92  334M   92  310M    0     0  1407k      0  0:04:03  0:03:46  0:00:17 1366k\r 93  334M   93  312M    0     0  1407k      0  0:04:03  0:03:47  0:00:16 1402k\r 93  334M   93  313M    0     0  1406k      0  0:04:03  0:03:48  0:00:15 1353k\r 93  334M   93  313M    0     0  1402k      0  0:04:04  0:03:49  0:00:15 1215k\r 94  334M   94  314M    0     0  1399k      0  0:04:04  0:03:50  0:00:14 1087k\r 94  334M   94  315M    0     0  1397k      0  0:04:05  0:03:51  0:00:14  933k\r 94  334M   94  316M    0     0  1394k      0  0:04:05  0:03:52  0:00:13  780k\r 94  334M   94  316M    0     0  1390k      0  0:04:06  0:03:53  0:00:13  685k\r 94  334M   94  317M    0     0  1387k      0  0:04:06  0:03:54  0:00:12  683k\r 95  334M   95  317M    0     0  1383k      0  0:04:07  0:03:55  0:00:12  643k\r 95  334M   95  318M    0     0  1378k      0  0:04:08  0:03:56  0:00:12  580k\r 95  334M   95  318M    0     0  1376k      0  0:04:08  0:03:57  0:00:11  557k\r 95  334M   95  319M    0     0  1372k      0  0:04:09  0:03:58  0:00:11  533k\r 95  334M   95  319M    0     0  1369k      0  0:04:10  0:03:59  0:00:11  507k\r 95  334M   95  320M    0     0  1365k      0  0:04:10  0:04:00  0:00:10  507k\r 95  334M   95  320M    0     0  1361k      0  0:04:11  0:04:01  0:00:10  520k\r 96  334M   96  321M    0     0  1358k      0  0:04:11  0:04:02  0:00:09  506k\r 96  334M   96  321M    0     0  1355k      0  0:04:12  0:04:03  0:00:09  522k\r 96  334M   96  322M    0     0  1352k      0  0:04:13  0:04:04  0:00:09  547k\r 96  334M   96  323M    0     0  1349k      0  0:04:13  0:04:05  0:00:08  595k\r 96  334M   96  324M    0     0  1348k      0  0:04:13  0:04:06  0:00:07  680k\r 97  334M   97  325M    0     0  1347k      0  0:04:14  0:04:07  0:00:07  801k\r 97  334M   97  326M    0     0  1347k      0  0:04:14  0:04:08  0:00:06  976k\r 98  334M   98  327M    0     0  1347k      0  0:04:13  0:04:09  0:00:04 1123k\r 98  334M   98  328M    0     0  1346k      0  0:04:14  0:04:10  0:00:04 1164k\r 98  334M   98  329M    0     0  1344k      0  0:04:14  0:04:11  0:00:03 1179k\r 98  334M   98  330M    0     0  1342k      0  0:04:14  0:04:12  0:00:02 1108k\r 99  334M   99  331M    0     0  1340k      0  0:04:15  0:04:13  0:00:02  996k\r 99  334M   99  332M    0     0  1338k      0  0:04:15  0:04:14  0:00:01  904k\r 99  334M   99  333M    0     0  1337k      0  0:04:15  0:04:15 --:--:--  901k\r 99  334M   99  334M    0     0  1335k      0  0:04:16  0:04:16 --:--:--  886k\r100  334M  100  334M    0     0  1335k      0  0:04:16  0:04:16 --:--:--  912k\n0+32647 records in\n0+32647 records out\n645262336 bytes (645 MB, 615 MiB) copied, 283.874 s, 2.3 MB/s\n+ sync\n+ partprobe /dev/sda\n+ mount /dev/sda2 /mnt\n+ cp -a /snap/cm3-installer/6/extrausers /mnt/system-data/var/lib/\n+ mkdir -p /mnt/user-data/ubuntu\n+ chown -R 1000.1000 /mnt/user-data/ubuntu\n+ mkdir -p /mnt/system-data/etc/sudoers.d\n+ echo 'ubuntu ALL=(ALL) NOPASSWD:ALL'\n+ umount /mnt\n"
2018-07-09 04:36:28,863 cm3-001 INFO: b"Warning: Permanently added '10.101.50.182' (ECDSA) to the list of known hosts.\r\n"
2018-07-09 04:36:40,223 cm3-001 INFO: Running snmpset -c private -v1 10.101.48.8 .1.3.6.1.4.1.318.1.1.12.3.3.1.1.4.2 i 2
iso.3.6.1.4.1.318.1.1.12.3.3.1.1.4.2 = INTEGER: 2
2018-07-09 04:36:40,342 cm3-001 INFO: Running sleep 10
2018-07-09 04:36:50,365 cm3-001 INFO: Running snmpset -c private -v1 10.101.48.8 .1.3.6.1.4.1.318.1.1.12.3.3.1.1.4.2 i 1
iso.3.6.1.4.1.318.1.1.12.3.3.1.1.4.2 = INTEGER: 1
2018-07-09 04:36:50,484 cm3-001 INFO: Checking if test image booted.
2018-07-09 04:37:30,931 cm3-001 INFO: END provision

**********************************

* Starting test phase on cm3-002 *

**********************************
Install python-logstash if you want to use logstash logging
2018-07-09 04:37:34,940 cm3-001 INFO: BEGIN testrun

WARNING: apt does not have a stable CLI interface. Use with caution in scripts.

Get:1 http://security.ubuntu.com/ubuntu xenial-security InRelease [107 kB]
Hit:2 http://archive.ubuntu.com/ubuntu xenial InRelease
Get:3 http://archive.ubuntu.com/ubuntu xenial-updates InRelease [109 kB]
Get:4 http://security.ubuntu.com/ubuntu xenial-security/universe Sources [83.5 kB]
Get:5 http://security.ubuntu.com/ubuntu xenial-security/main amd64 Packages [660 kB]
Get:6 http://archive.ubuntu.com/ubuntu xenial-backports InRelease [107 kB]
Get:7 http://security.ubuntu.com/ubuntu xenial-security/restricted amd64 Packages [12.7 kB]
Get:8 http://security.ubuntu.com/ubuntu xenial-security/universe amd64 Packages [452 kB]
Get:9 http://security.ubuntu.com/ubuntu xenial-security/multiverse amd64 Packages [3735 B]
Get:10 http://archive.ubuntu.com/ubuntu xenial-updates/universe Sources [260 kB]
Get:11 http://archive.ubuntu.com/ubuntu xenial-updates/main amd64 Packages [1038 kB]
Get:12 http://archive.ubuntu.com/ubuntu xenial-updates/restricted amd64 Packages [13.1 kB]
Get:13 http://archive.ubuntu.com/ubuntu xenial-updates/universe amd64 Packages [825 kB]
Get:14 http://archive.ubuntu.com/ubuntu xenial-updates/multiverse amd64 Packages [18.8 kB]
Get:15 http://archive.ubuntu.com/ubuntu xenial-backports/main amd64 Packages [7321 B]
Get:16 http://archive.ubuntu.com/ubuntu xenial-backports/universe amd64 Packages [8088 B]
Fetched 3705 kB in 4s (920 kB/s)
Reading package lists...
Building dependency tree...
Reading state information...
25 packages can be upgraded. Run 'apt list --upgradable' to see them.

WARNING: apt does not have a stable CLI interface. Use with caution in scripts.

Reading package lists...
Building dependency tree...
Reading state information...
The following additional packages will be installed:
  git-man ifupdown iproute2 isc-dhcp-client isc-dhcp-common less
  libasn1-8-heimdal libatm1 libcurl3-gnutls libdns-export162 liberror-perl
  libgdbm3 libgmp10 libgnutls30 libgssapi3-heimdal libhcrypto4-heimdal
  libheimbase1-heimdal libheimntlm0-heimdal libhogweed4 libhx509-5-heimdal
  libisc-export160 libkrb5-26-heimdal libldap-2.4-2 libmnl0 libnettle6
  libp11-kit0 libperl5.22 libpopt0 libroken18-heimdal librtmp1 libsasl2-2
  libsasl2-modules libsasl2-modules-db libtasn1-6 libwind0-heimdal
  libxtables11 netbase patch perl perl-base perl-modules-5.22 rename rsync
Suggested packages:
  gettext-base git-daemon-run | git-daemon-sysvinit git-doc git-el git-email
  git-gui gitk gitweb git-arch git-cvs git-mediawiki git-svn ppp rdnssd
  iproute2-doc resolvconf avahi-autoipd isc-dhcp-client-ddns apparmor
  gnutls-bin libsasl2-modules-otp libsasl2-modules-ldap libsasl2-modules-sql
  libsasl2-modules-gssapi-mit | libsasl2-modules-gssapi-heimdal ed
  diffutils-doc perl-doc libterm-readline-gnu-perl
  | libterm-readline-perl-perl make openssh-server
The following NEW packages will be installed:
  curl git git-man ifupdown iproute2 isc-dhcp-client isc-dhcp-common less
  libasn1-8-heimdal libatm1 libcurl3-gnutls libdns-export162 liberror-perl
  libgdbm3 libgmp10 libgnutls30 libgssapi3-heimdal libhcrypto4-heimdal
  libheimbase1-heimdal libheimntlm0-heimdal libhogweed4 libhx509-5-heimdal
  libisc-export160 libkrb5-26-heimdal libldap-2.4-2 libmnl0 libnettle6
  libp11-kit0 libperl5.22 libpopt0 libroken18-heimdal librtmp1 libsasl2-2
  libsasl2-modules libsasl2-modules-db libtasn1-6 libwind0-heimdal
  libxtables11 netbase patch perl perl-modules-5.22 rename rsync sshpass
The following packages will be upgraded:
  perl-base
1 upgraded, 45 newly installed, 0 to remove and 24 not upgraded.
Need to get 16.5 MB of archives.
After this operation, 79.8 MB of additional disk space will be used.
Get:1 http://archive.ubuntu.com/ubuntu xenial-updates/main amd64 perl-base amd64 5.22.1-9ubuntu0.5 [1284 kB]
Get:2 http://archive.ubuntu.com/ubuntu xenial/main amd64 libatm1 amd64 1:2.5.1-1.5 [24.2 kB]
Get:3 http://archive.ubuntu.com/ubuntu xenial/main amd64 libmnl0 amd64 1.0.3-5 [12.0 kB]
Get:4 http://archive.ubuntu.com/ubuntu xenial/main amd64 libpopt0 amd64 1.16-10 [26.0 kB]
Get:5 http://archive.ubuntu.com/ubuntu xenial/main amd64 libgdbm3 amd64 1.8.3-13.1 [16.9 kB]
Get:6 http://archive.ubuntu.com/ubuntu xenial-updates/main amd64 perl-modules-5.22 all 5.22.1-9ubuntu0.5 [2645 kB]
Get:7 http://archive.ubuntu.com/ubuntu xenial-updates/main amd64 libperl5.22 amd64 5.22.1-9ubuntu0.5 [3396 kB]
Get:8 http://archive.ubuntu.com/ubuntu xenial-updates/main amd64 perl amd64 5.22.1-9ubuntu0.5 [238 kB]
Get:9 http://archive.ubuntu.com/ubuntu xenial-updates/main amd64 iproute2 amd64 4.3.0-1ubuntu3.16.04.3 [522 kB]
Get:10 http://archive.ubuntu.com/ubuntu xenial-updates/main amd64 ifupdown amd64 0.8.10ubuntu1.4 [54.9 kB]
Get:11 http://archive.ubuntu.com/ubuntu xenial-updates/main amd64 libisc-export160 amd64 1:9.10.3.dfsg.P4-8ubuntu1.10 [153 kB]
Get:12 http://archive.ubuntu.com/ubuntu xenial-updates/main amd64 libdns-export162 amd64 1:9.10.3.dfsg.P4-8ubuntu1.10 [666 kB]
Get:13 http://archive.ubuntu.com/ubuntu xenial-updates/main amd64 isc-dhcp-client amd64 4.3.3-5ubuntu12.10 [224 kB]
Get:14 http://archive.ubuntu.com/ubuntu xenial-updates/main amd64 isc-dhcp-common amd64 4.3.3-5ubuntu12.10 [105 kB]
Get:15 http://archive.ubuntu.com/ubuntu xenial-updates/main amd64 less amd64 481-2.1ubuntu0.2 [110 kB]
Get:16 http://archive.ubuntu.com/ubuntu xenial/main amd64 libgmp10 amd64 2:6.1.0+dfsg-2 [240 kB]
Get:17 http://archive.ubuntu.com/ubuntu xenial-updates/main amd64 libnettle6 amd64 3.2-1ubuntu0.16.04.1 [93.5 kB]
Get:18 http://archive.ubuntu.com/ubuntu xenial-updates/main amd64 libhogweed4 amd64 3.2-1ubuntu0.16.04.1 [136 kB]
Get:19 http://archive.ubuntu.com/ubuntu xenial-updates/main amd64 libp11-kit0 amd64 0.23.2-5~ubuntu16.04.1 [105 kB]
Get:20 http://archive.ubuntu.com/ubuntu xenial-updates/main amd64 libtasn1-6 amd64 4.7-3ubuntu0.16.04.3 [43.5 kB]
Get:21 http://archive.ubuntu.com/ubuntu xenial-updates/main amd64 libgnutls30 amd64 3.4.10-4ubuntu1.4 [548 kB]
Get:22 http://archive.ubuntu.com/ubuntu xenial/main amd64 libxtables11 amd64 1.6.0-2ubuntu3 [27.2 kB]
Get:23 http://archive.ubuntu.com/ubuntu xenial/main amd64 netbase all 5.3 [12.9 kB]
Get:24 http://archive.ubuntu.com/ubuntu xenial-updates/main amd64 libroken18-heimdal amd64 1.7~git20150920+dfsg-4ubuntu1.16.04.1 [41.4 kB]
Get:25 http://archive.ubuntu.com/ubuntu xenial-updates/main amd64 libasn1-8-heimdal amd64 1.7~git20150920+dfsg-4ubuntu1.16.04.1 [174 kB]
Get:26 http://archive.ubuntu.com/ubuntu xenial-updates/main amd64 libhcrypto4-heimdal amd64 1.7~git20150920+dfsg-4ubuntu1.16.04.1 [85.0 kB]
Get:27 http://archive.ubuntu.com/ubuntu xenial-updates/main amd64 libheimbase1-heimdal amd64 1.7~git20150920+dfsg-4ubuntu1.16.04.1 [29.3 kB]
Get:28 http://archive.ubuntu.com/ubuntu xenial-updates/main amd64 libwind0-heimdal amd64 1.7~git20150920+dfsg-4ubuntu1.16.04.1 [47.8 kB]
Get:29 http://archive.ubuntu.com/ubuntu xenial-updates/main amd64 libhx509-5-heimdal amd64 1.7~git20150920+dfsg-4ubuntu1.16.04.1 [107 kB]
Get:30 http://archive.ubuntu.com/ubuntu xenial-updates/main amd64 libkrb5-26-heimdal amd64 1.7~git20150920+dfsg-4ubuntu1.16.04.1 [202 kB]
Get:31 http://archive.ubuntu.com/ubuntu xenial-updates/main amd64 libheimntlm0-heimdal amd64 1.7~git20150920+dfsg-4ubuntu1.16.04.1 [15.1 kB]
Get:32 http://archive.ubuntu.com/ubuntu xenial-updates/main amd64 libgssapi3-heimdal amd64 1.7~git20150920+dfsg-4ubuntu1.16.04.1 [96.1 kB]
Get:33 http://archive.ubuntu.com/ubuntu xenial/main amd64 libsasl2-modules-db amd64 2.1.26.dfsg1-14build1 [14.5 kB]
Get:34 http://archive.ubuntu.com/ubuntu xenial/main amd64 libsasl2-2 amd64 2.1.26.dfsg1-14build1 [48.7 kB]
Get:35 http://archive.ubuntu.com/ubuntu xenial-updates/main amd64 libldap-2.4-2 amd64 2.4.42+dfsg-2ubuntu3.3 [161 kB]
Get:36 http://archive.ubuntu.com/ubuntu xenial-updates/main amd64 librtmp1 amd64 2.4+20151223.gitfa8646d-1ubuntu0.1 [54.4 kB]
Get:37 http://archive.ubuntu.com/ubuntu xenial-updates/main amd64 libcurl3-gnutls amd64 7.47.0-1ubuntu2.8 [185 kB]
Get:38 http://archive.ubuntu.com/ubuntu xenial/main amd64 libsasl2-modules amd64 2.1.26.dfsg1-14build1 [47.5 kB]
Get:39 http://archive.ubuntu.com/ubuntu xenial-updates/main amd64 rsync amd64 3.1.1-3ubuntu1.2 [329 kB]
Get:40 http://archive.ubuntu.com/ubuntu xenial-updates/main amd64 curl amd64 7.47.0-1ubuntu2.8 [139 kB]
Get:41 http://archive.ubuntu.com/ubuntu xenial/main amd64 liberror-perl all 0.17-1.2 [19.6 kB]
Get:42 http://archive.ubuntu.com/ubuntu xenial-updates/main amd64 git-man all 1:2.7.4-0ubuntu1.4 [736 kB]
Get:43 http://archive.ubuntu.com/ubuntu xenial-updates/main amd64 git amd64 1:2.7.4-0ubuntu1.4 [3158 kB]
Get:44 http://archive.ubuntu.com/ubuntu xenial-updates/main amd64 patch amd64 2.7.5-1ubuntu0.16.04.1 [90.5 kB]
Get:45 http://archive.ubuntu.com/ubuntu xenial/main amd64 rename all 0.20-4 [12.0 kB]
Get:46 http://archive.ubuntu.com/ubuntu xenial/universe amd64 sshpass amd64 1.05-1 [10.5 kB]
debconf: delaying package configuration, since apt-utils is not installed
Fetched 16.5 MB in 7s (2112 kB/s)
(Reading database ... (Reading database ... 5%(Reading database ... 10%(Reading database ... 15%(Reading database ... 20%(Reading database ... 25%(Reading database ... 30%(Reading database ... 35%(Reading database ... 40%(Reading database ... 45%(Reading database ... 50%(Reading database ... 55%(Reading database ... 60%(Reading database ... 65%(Reading database ... 70%(Reading database ... 75%(Reading database ... 80%(Reading database ... 85%(Reading database ... 90%(Reading database ... 95%(Reading database ... 100%(Reading database ... 9573 files and directories currently installed.)
Preparing to unpack .../perl-base_5.22.1-9ubuntu0.5_amd64.deb ...
Unpacking perl-base (5.22.1-9ubuntu0.5) over (5.22.1-9ubuntu0.3) ...
Setting up perl-base (5.22.1-9ubuntu0.5) ...
Selecting previously unselected package libatm1:amd64.
(Reading database ... (Reading database ... 5%(Reading database ... 10%(Reading database ... 15%(Reading database ... 20%(Reading database ... 25%(Reading database ... 30%(Reading database ... 35%(Reading database ... 40%(Reading database ... 45%(Reading database ... 50%(Reading database ... 55%(Reading database ... 60%(Reading database ... 65%(Reading database ... 70%(Reading database ... 75%(Reading database ... 80%(Reading database ... 85%(Reading database ... 90%(Reading database ... 95%(Reading database ... 100%(Reading database ... 9573 files and directories currently installed.)
Preparing to unpack .../libatm1_1%3a2.5.1-1.5_amd64.deb ...
Unpacking libatm1:amd64 (1:2.5.1-1.5) ...
Selecting previously unselected package libmnl0:amd64.
Preparing to unpack .../libmnl0_1.0.3-5_amd64.deb ...
Unpacking libmnl0:amd64 (1.0.3-5) ...
Selecting previously unselected package libpopt0:amd64.
Preparing to unpack .../libpopt0_1.16-10_amd64.deb ...
Unpacking libpopt0:amd64 (1.16-10) ...
Selecting previously unselected package libgdbm3:amd64.
Preparing to unpack .../libgdbm3_1.8.3-13.1_amd64.deb ...
Unpacking libgdbm3:amd64 (1.8.3-13.1) ...
Selecting previously unselected package perl-modules-5.22.
Preparing to unpack .../perl-modules-5.22_5.22.1-9ubuntu0.5_all.deb ...
Unpacking perl-modules-5.22 (5.22.1-9ubuntu0.5) ...
Selecting previously unselected package libperl5.22:amd64.
Preparing to unpack .../libperl5.22_5.22.1-9ubuntu0.5_amd64.deb ...
Unpacking libperl5.22:amd64 (5.22.1-9ubuntu0.5) ...
Selecting previously unselected package perl.
Preparing to unpack .../perl_5.22.1-9ubuntu0.5_amd64.deb ...
Unpacking perl (5.22.1-9ubuntu0.5) ...
Selecting previously unselected package iproute2.
Preparing to unpack .../iproute2_4.3.0-1ubuntu3.16.04.3_amd64.deb ...
Unpacking iproute2 (4.3.0-1ubuntu3.16.04.3) ...
Selecting previously unselected package ifupdown.
Preparing to unpack .../ifupdown_0.8.10ubuntu1.4_amd64.deb ...
Unpacking ifupdown (0.8.10ubuntu1.4) ...
Selecting previously unselected package libisc-export160.
Preparing to unpack .../libisc-export160_1%3a9.10.3.dfsg.P4-8ubuntu1.10_amd64.deb ...
Unpacking libisc-export160 (1:9.10.3.dfsg.P4-8ubuntu1.10) ...
Selecting previously unselected package libdns-export162.
Preparing to unpack .../libdns-export162_1%3a9.10.3.dfsg.P4-8ubuntu1.10_amd64.deb ...
Unpacking libdns-export162 (1:9.10.3.dfsg.P4-8ubuntu1.10) ...
Selecting previously unselected package isc-dhcp-client.
Preparing to unpack .../isc-dhcp-client_4.3.3-5ubuntu12.10_amd64.deb ...
Unpacking isc-dhcp-client (4.3.3-5ubuntu12.10) ...
Selecting previously unselected package isc-dhcp-common.
Preparing to unpack .../isc-dhcp-common_4.3.3-5ubuntu12.10_amd64.deb ...
Unpacking isc-dhcp-common (4.3.3-5ubuntu12.10) ...
Selecting previously unselected package less.
Preparing to unpack .../less_481-2.1ubuntu0.2_amd64.deb ...
Unpacking less (481-2.1ubuntu0.2) ...
Selecting previously unselected package libgmp10:amd64.
Preparing to unpack .../libgmp10_2%3a6.1.0+dfsg-2_amd64.deb ...
Unpacking libgmp10:amd64 (2:6.1.0+dfsg-2) ...
Selecting previously unselected package libnettle6:amd64.
Preparing to unpack .../libnettle6_3.2-1ubuntu0.16.04.1_amd64.deb ...
Unpacking libnettle6:amd64 (3.2-1ubuntu0.16.04.1) ...
Selecting previously unselected package libhogweed4:amd64.
Preparing to unpack .../libhogweed4_3.2-1ubuntu0.16.04.1_amd64.deb ...
Unpacking libhogweed4:amd64 (3.2-1ubuntu0.16.04.1) ...
Selecting previously unselected package libp11-kit0:amd64.
Preparing to unpack .../libp11-kit0_0.23.2-5~ubuntu16.04.1_amd64.deb ...
Unpacking libp11-kit0:amd64 (0.23.2-5~ubuntu16.04.1) ...
Selecting previously unselected package libtasn1-6:amd64.
Preparing to unpack .../libtasn1-6_4.7-3ubuntu0.16.04.3_amd64.deb ...
Unpacking libtasn1-6:amd64 (4.7-3ubuntu0.16.04.3) ...
Selecting previously unselected package libgnutls30:amd64.
Preparing to unpack .../libgnutls30_3.4.10-4ubuntu1.4_amd64.deb ...
Unpacking libgnutls30:amd64 (3.4.10-4ubuntu1.4) ...
Selecting previously unselected package libxtables11:amd64.
Preparing to unpack .../libxtables11_1.6.0-2ubuntu3_amd64.deb ...
Unpacking libxtables11:amd64 (1.6.0-2ubuntu3) ...
Selecting previously unselected package netbase.
Preparing to unpack .../archives/netbase_5.3_all.deb ...
Unpacking netbase (5.3) ...
Selecting previously unselected package libroken18-heimdal:amd64.
Preparing to unpack .../libroken18-heimdal_1.7~git20150920+dfsg-4ubuntu1.16.04.1_amd64.deb ...
Unpacking libroken18-heimdal:amd64 (1.7~git20150920+dfsg-4ubuntu1.16.04.1) ...
Selecting previously unselected package libasn1-8-heimdal:amd64.
Preparing to unpack .../libasn1-8-heimdal_1.7~git20150920+dfsg-4ubuntu1.16.04.1_amd64.deb ...
Unpacking libasn1-8-heimdal:amd64 (1.7~git20150920+dfsg-4ubuntu1.16.04.1) ...
Selecting previously unselected package libhcrypto4-heimdal:amd64.
Preparing to unpack .../libhcrypto4-heimdal_1.7~git20150920+dfsg-4ubuntu1.16.04.1_amd64.deb ...
Unpacking libhcrypto4-heimdal:amd64 (1.7~git20150920+dfsg-4ubuntu1.16.04.1) ...
Selecting previously unselected package libheimbase1-heimdal:amd64.
Preparing to unpack .../libheimbase1-heimdal_1.7~git20150920+dfsg-4ubuntu1.16.04.1_amd64.deb ...
Unpacking libheimbase1-heimdal:amd64 (1.7~git20150920+dfsg-4ubuntu1.16.04.1) ...
Selecting previously unselected package libwind0-heimdal:amd64.
Preparing to unpack .../libwind0-heimdal_1.7~git20150920+dfsg-4ubuntu1.16.04.1_amd64.deb ...
Unpacking libwind0-heimdal:amd64 (1.7~git20150920+dfsg-4ubuntu1.16.04.1) ...
Selecting previously unselected package libhx509-5-heimdal:amd64.
Preparing to unpack .../libhx509-5-heimdal_1.7~git20150920+dfsg-4ubuntu1.16.04.1_amd64.deb ...
Unpacking libhx509-5-heimdal:amd64 (1.7~git20150920+dfsg-4ubuntu1.16.04.1) ...
Selecting previously unselected package libkrb5-26-heimdal:amd64.
Preparing to unpack .../libkrb5-26-heimdal_1.7~git20150920+dfsg-4ubuntu1.16.04.1_amd64.deb ...
Unpacking libkrb5-26-heimdal:amd64 (1.7~git20150920+dfsg-4ubuntu1.16.04.1) ...
Selecting previously unselected package libheimntlm0-heimdal:amd64.
Preparing to unpack .../libheimntlm0-heimdal_1.7~git20150920+dfsg-4ubuntu1.16.04.1_amd64.deb ...
Unpacking libheimntlm0-heimdal:amd64 (1.7~git20150920+dfsg-4ubuntu1.16.04.1) ...
Selecting previously unselected package libgssapi3-heimdal:amd64.
Preparing to unpack .../libgssapi3-heimdal_1.7~git20150920+dfsg-4ubuntu1.16.04.1_amd64.deb ...
Unpacking libgssapi3-heimdal:amd64 (1.7~git20150920+dfsg-4ubuntu1.16.04.1) ...
Selecting previously unselected package libsasl2-modules-db:amd64.
Preparing to unpack .../libsasl2-modules-db_2.1.26.dfsg1-14build1_amd64.deb ...
Unpacking libsasl2-modules-db:amd64 (2.1.26.dfsg1-14build1) ...
Selecting previously unselected package libsasl2-2:amd64.
Preparing to unpack .../libsasl2-2_2.1.26.dfsg1-14build1_amd64.deb ...
Unpacking libsasl2-2:amd64 (2.1.26.dfsg1-14build1) ...
Selecting previously unselected package libldap-2.4-2:amd64.
Preparing to unpack .../libldap-2.4-2_2.4.42+dfsg-2ubuntu3.3_amd64.deb ...
Unpacking libldap-2.4-2:amd64 (2.4.42+dfsg-2ubuntu3.3) ...
Selecting previously unselected package librtmp1:amd64.
Preparing to unpack .../librtmp1_2.4+20151223.gitfa8646d-1ubuntu0.1_amd64.deb ...
Unpacking librtmp1:amd64 (2.4+20151223.gitfa8646d-1ubuntu0.1) ...
Selecting previously unselected package libcurl3-gnutls:amd64.
Preparing to unpack .../libcurl3-gnutls_7.47.0-1ubuntu2.8_amd64.deb ...
Unpacking libcurl3-gnutls:amd64 (7.47.0-1ubuntu2.8) ...
Selecting previously unselected package libsasl2-modules:amd64.
Preparing to unpack .../libsasl2-modules_2.1.26.dfsg1-14build1_amd64.deb ...
Unpacking libsasl2-modules:amd64 (2.1.26.dfsg1-14build1) ...
Selecting previously unselected package rsync.
Preparing to unpack .../rsync_3.1.1-3ubuntu1.2_amd64.deb ...
Unpacking rsync (3.1.1-3ubuntu1.2) ...
Selecting previously unselected package curl.
Preparing to unpack .../curl_7.47.0-1ubuntu2.8_amd64.deb ...
Unpacking curl (7.47.0-1ubuntu2.8) ...
Selecting previously unselected package liberror-perl.
Preparing to unpack .../liberror-perl_0.17-1.2_all.deb ...
Unpacking liberror-perl (0.17-1.2) ...
Selecting previously unselected package git-man.
Preparing to unpack .../git-man_1%3a2.7.4-0ubuntu1.4_all.deb ...
Unpacking git-man (1:2.7.4-0ubuntu1.4) ...
Selecting previously unselected package git.
Preparing to unpack .../git_1%3a2.7.4-0ubuntu1.4_amd64.deb ...
Unpacking git (1:2.7.4-0ubuntu1.4) ...
Selecting previously unselected package patch.
Preparing to unpack .../patch_2.7.5-1ubuntu0.16.04.1_amd64.deb ...
Unpacking patch (2.7.5-1ubuntu0.16.04.1) ...
Selecting previously unselected package rename.
Preparing to unpack .../archives/rename_0.20-4_all.deb ...
Unpacking rename (0.20-4) ...
Selecting previously unselected package sshpass.
Preparing to unpack .../sshpass_1.05-1_amd64.deb ...
Unpacking sshpass (1.05-1) ...
Processing triggers for systemd (229-4ubuntu21.2) ...
Processing triggers for libc-bin (2.23-0ubuntu10) ...
Processing triggers for mime-support (3.59ubuntu1) ...
Setting up libatm1:amd64 (1:2.5.1-1.5) ...
Setting up libmnl0:amd64 (1.0.3-5) ...
Setting up libpopt0:amd64 (1.16-10) ...
Setting up libgdbm3:amd64 (1.8.3-13.1) ...
Setting up perl-modules-5.22 (5.22.1-9ubuntu0.5) ...
Setting up libperl5.22:amd64 (5.22.1-9ubuntu0.5) ...
Setting up perl (5.22.1-9ubuntu0.5) ...
update-alternatives: using /usr/bin/prename to provide /usr/bin/rename (rename) in auto mode
Setting up iproute2 (4.3.0-1ubuntu3.16.04.3) ...
Setting up ifupdown (0.8.10ubuntu1.4) ...
Creating /etc/network/interfaces.
Setting up libisc-export160 (1:9.10.3.dfsg.P4-8ubuntu1.10) ...
Setting up libdns-export162 (1:9.10.3.dfsg.P4-8ubuntu1.10) ...
Setting up isc-dhcp-client (4.3.3-5ubuntu12.10) ...
Setting up isc-dhcp-common (4.3.3-5ubuntu12.10) ...
Setting up less (481-2.1ubuntu0.2) ...
debconf: unable to initialize frontend: Dialog
debconf: (No usable dialog-like program is installed, so the dialog based frontend cannot be used. at /usr/share/perl5/Debconf/FrontEnd/Dialog.pm line 76.)
debconf: falling back to frontend: Readline
Setting up libgmp10:amd64 (2:6.1.0+dfsg-2) ...
Setting up libnettle6:amd64 (3.2-1ubuntu0.16.04.1) ...
Setting up libhogweed4:amd64 (3.2-1ubuntu0.16.04.1) ...
Setting up libp11-kit0:amd64 (0.23.2-5~ubuntu16.04.1) ...
Setting up libtasn1-6:amd64 (4.7-3ubuntu0.16.04.3) ...
Setting up libgnutls30:amd64 (3.4.10-4ubuntu1.4) ...
Setting up libxtables11:amd64 (1.6.0-2ubuntu3) ...
Setting up netbase (5.3) ...
Setting up libroken18-heimdal:amd64 (1.7~git20150920+dfsg-4ubuntu1.16.04.1) ...
Setting up libasn1-8-heimdal:amd64 (1.7~git20150920+dfsg-4ubuntu1.16.04.1) ...
Setting up libhcrypto4-heimdal:amd64 (1.7~git20150920+dfsg-4ubuntu1.16.04.1) ...
Setting up libheimbase1-heimdal:amd64 (1.7~git20150920+dfsg-4ubuntu1.16.04.1) ...
Setting up libwind0-heimdal:amd64 (1.7~git20150920+dfsg-4ubuntu1.16.04.1) ...
Setting up libhx509-5-heimdal:amd64 (1.7~git20150920+dfsg-4ubuntu1.16.04.1) ...
Setting up libkrb5-26-heimdal:amd64 (1.7~git20150920+dfsg-4ubuntu1.16.04.1) ...
Setting up libheimntlm0-heimdal:amd64 (1.7~git20150920+dfsg-4ubuntu1.16.04.1) ...
Setting up libgssapi3-heimdal:amd64 (1.7~git20150920+dfsg-4ubuntu1.16.04.1) ...
Setting up libsasl2-modules-db:amd64 (2.1.26.dfsg1-14build1) ...
Setting up libsasl2-2:amd64 (2.1.26.dfsg1-14build1) ...
Setting up libldap-2.4-2:amd64 (2.4.42+dfsg-2ubuntu3.3) ...
Setting up librtmp1:amd64 (2.4+20151223.gitfa8646d-1ubuntu0.1) ...
Setting up libcurl3-gnutls:amd64 (7.47.0-1ubuntu2.8) ...
Setting up libsasl2-modules:amd64 (2.1.26.dfsg1-14build1) ...
Setting up rsync (3.1.1-3ubuntu1.2) ...
invoke-rc.d: could not determine current runlevel
invoke-rc.d: policy-rc.d denied execution of restart.
Setting up curl (7.47.0-1ubuntu2.8) ...
Setting up liberror-perl (0.17-1.2) ...
Setting up git-man (1:2.7.4-0ubuntu1.4) ...
Setting up git (1:2.7.4-0ubuntu1.4) ...
Setting up patch (2.7.5-1ubuntu0.16.04.1) ...
Setting up rename (0.20-4) ...
update-alternatives: using /usr/bin/file-rename to provide /usr/bin/rename (rename) in auto mode
Setting up sshpass (1.05-1) ...
Processing triggers for libc-bin (2.23-0ubuntu10) ...
Processing triggers for systemd (229-4ubuntu21.2) ...
Cloning into 'snappy-qa-jobs'...
Already on 'master'
Your branch is up-to-date with 'origin/master'.
Cloning into 'snapd'...
Already on 'master'
Your branch is up-to-date with 'origin/master'.
++ INSTANCE_IP=10.101.50.183
++ INSTANCE_PORT=22
++ USER=ubuntu
++ execute_remote 'sudo adduser --extrausers --quiet --disabled-password --gecos '\'''\'' test'
++ ssh -q -o UserKnownHostsFile=/dev/null -o StrictHostKeyChecking=no -p 22 ubuntu@10.101.50.183 'sudo adduser --extrausers --quiet --disabled-password --gecos '\'''\'' test'
ENTER EXTRAUSERS_GROUP_FILEEXIT EXTRAUSERS_GROUP_FILEENTER EXTRAUSERS_SHADOWGROUP_FILEEXIT EXTRAUSERS_SHADOWGROUP_FILE++ execute_remote 'echo test:ubuntu | sudo chpasswd'
++ ssh -q -o UserKnownHostsFile=/dev/null -o StrictHostKeyChecking=no -p 22 ubuntu@10.101.50.183 'echo test:ubuntu | sudo chpasswd'
++ execute_remote 'echo '\''test ALL=(ALL) NOPASSWD:ALL'\'' | sudo tee /etc/sudoers.d/create-user-test'
++ ssh -q -o UserKnownHostsFile=/dev/null -o StrictHostKeyChecking=no -p 22 ubuntu@10.101.50.183 'echo '\''test ALL=(ALL) NOPASSWD:ALL'\'' | sudo tee /etc/sudoers.d/create-user-test'
test ALL=(ALL) NOPASSWD:ALL
+ . snappy-qa-jobs/scripts/utils/register_device.sh 10.101.50.183 22 test ubuntu sergiocazzolato@yahoo.com.ar
++ echo 'Register device'
Register device
++ '[' 5 -ne 5 ']'
++ DEVICE_IP=10.101.50.183
++ DEVICE_PORT=22
++ USER=test
++ PASS=ubuntu
++ EMAIL=sergiocazzolato@yahoo.com.ar
++ SCRIPT='sudo snap create-user sergiocazzolato@yahoo.com.ar ||         ( sudo snap install jq;         sudo cp /var/lib/snapd/state.json /var/lib/snapd/state.json.bak;         sudo cat /var/lib/snapd/state.json.bak | jq -r '\''.data.auth.users=[]'\'' | sudo tee /var/lib/snapd/state.json > /dev/null;         sudo systemctl stop snapd.service snapd.socket;         sudo systemctl start snapd.service snapd.socket;         sudo snap create-user sergiocazzolato@yahoo.com.ar;         sudo snap remove jq )'
++ '[' -z sergiocazzolato@yahoo.com.ar ']'
++ '[' -z ubuntu ']'
++ echo 'Registering device (with pass): sudo snap create-user sergiocazzolato@yahoo.com.ar ||         ( sudo snap install jq;         sudo cp /var/lib/snapd/state.json /var/lib/snapd/state.json.bak;         sudo cat /var/lib/snapd/state.json.bak | jq -r '\''.data.auth.users=[]'\'' | sudo tee /var/lib/snapd/state.json > /dev/null;         sudo systemctl stop snapd.service snapd.socket;         sudo systemctl start snapd.service snapd.socket;         sudo snap create-user sergiocazzolato@yahoo.com.ar;         sudo snap remove jq )'
Registering device (with pass): sudo snap create-user sergiocazzolato@yahoo.com.ar ||         ( sudo snap install jq;         sudo cp /var/lib/snapd/state.json /var/lib/snapd/state.json.bak;         sudo cat /var/lib/snapd/state.json.bak | jq -r '.data.auth.users=[]' | sudo tee /var/lib/snapd/state.json > /dev/null;         sudo systemctl stop snapd.service snapd.socket;         sudo systemctl start snapd.service snapd.socket;         sudo snap create-user sergiocazzolato@yahoo.com.ar;         sudo snap remove jq )
++ sshpass -p ubuntu ssh -o UserKnownHostsFile=/dev/null -o StrictHostKeyChecking=no -p 22 test@10.101.50.183 'sudo snap create-user sergiocazzolato@yahoo.com.ar ||         ( sudo snap install jq;         sudo cp /var/lib/snapd/state.json /var/lib/snapd/state.json.bak;         sudo cat /var/lib/snapd/state.json.bak | jq -r '\''.data.auth.users=[]'\'' | sudo tee /var/lib/snapd/state.json > /dev/null;         sudo systemctl stop snapd.service snapd.socket;         sudo systemctl start snapd.service snapd.socket;         sudo snap create-user sergiocazzolato@yahoo.com.ar;         sudo snap remove jq )'
Warning: Permanently added '10.101.50.183' (ECDSA) to the list of known hosts.
created user "snappytestaccount1"
+ . snappy-qa-jobs/scripts/utils/refresh.sh 10.101.50.183 22 test ubuntu stable edge
++ echo 'Refresh core on device'
Refresh core on device
++ '[' 6 -ne 6 ']'
++ DEVICE_IP=10.101.50.183
++ DEVICE_PORT=22
++ USER=test
++ PASS=ubuntu
++ CHANNEL=stable
++ CORE_CHANNEL=edge
++ execute_remote 'snap changes'
++ '[' -z ubuntu ']'
++ sshpass -p ubuntu ssh -p 22 -q -o ConnectTimeout=10 -o UserKnownHostsFile=/dev/null -o StrictHostKeyChecking=no test@10.101.50.183 'snap changes'
++ grep -q -E 'Doing.*Auto-refresh snap.*'
++ '[' -z edge ']'
++ '[' stable = edge ']'
++ do_core_refresh edge core
++ refresh_channel=edge
++ execute_remote 'sudo snap refresh --edge core'
++ '[' -z ubuntu ']'
++ sshpass -p ubuntu ssh -p 22 -q -o ConnectTimeout=10 -o UserKnownHostsFile=/dev/null -o StrictHostKeyChecking=no test@10.101.50.183 'sudo snap refresh --edge core'
2018-07-09T04:42:27Z INFO Waiting for restart...
2018-07-09T04:42:59Z INFO Waiting for restart...
2018-07-09T04:43:32Z INFO Waiting for restart...
2018-07-09T04:43:34Z INFO Waiting for restart...
2018-07-09T04:43:35Z INFO Waiting for restart...
2018-07-09T04:43:36Z INFO Waiting for restart...
2018-07-09T04:48:24Z INFO Waiting for restart...
2018-07-09T04:53:23Z INFO Waiting for restart...
Connection to 10.101.50.183 closed by remote host.
++ true
++ check_refresh edge
++ refresh_channel=edge
++ wait_for_ssh 120 2
++ retries=120
++ sleep=2
++ execute_remote true
++ '[' -z ubuntu ']'
++ sshpass -p ubuntu ssh -p 22 -q -o ConnectTimeout=10 -o UserKnownHostsFile=/dev/null -o StrictHostKeyChecking=no test@10.101.50.183 true
Connection to 10.101.50.183 closed by remote host.
++ retries=119
++ '[' 119 -le 0 ']'
++ sleep 2
++ execute_remote true
++ '[' -z ubuntu ']'
++ sshpass -p ubuntu ssh -p 22 -q -o ConnectTimeout=10 -o UserKnownHostsFile=/dev/null -o StrictHostKeyChecking=no test@10.101.50.183 true
++ retries=118
++ '[' 118 -le 0 ']'
++ sleep 2
++ execute_remote true
++ '[' -z ubuntu ']'
++ sshpass -p ubuntu ssh -p 22 -q -o ConnectTimeout=10 -o UserKnownHostsFile=/dev/null -o StrictHostKeyChecking=no test@10.101.50.183 true
++ retries=117
++ '[' 117 -le 0 ']'
++ sleep 2
++ execute_remote true
++ '[' -z ubuntu ']'
++ sshpass -p ubuntu ssh -p 22 -q -o ConnectTimeout=10 -o UserKnownHostsFile=/dev/null -o StrictHostKeyChecking=no test@10.101.50.183 true
++ retries=116
++ '[' 116 -le 0 ']'
++ sleep 2
++ execute_remote true
++ '[' -z ubuntu ']'
++ sshpass -p ubuntu ssh -p 22 -q -o ConnectTimeout=10 -o UserKnownHostsFile=/dev/null -o StrictHostKeyChecking=no test@10.101.50.183 true
++ retries=115
++ '[' 115 -le 0 ']'
++ sleep 2
++ execute_remote true
++ '[' -z ubuntu ']'
++ sshpass -p ubuntu ssh -p 22 -q -o ConnectTimeout=10 -o UserKnownHostsFile=/dev/null -o StrictHostKeyChecking=no test@10.101.50.183 true
++ retries=114
++ '[' 114 -le 0 ']'
++ sleep 2
++ execute_remote true
++ '[' -z ubuntu ']'
++ sshpass -p ubuntu ssh -p 22 -q -o ConnectTimeout=10 -o UserKnownHostsFile=/dev/null -o StrictHostKeyChecking=no test@10.101.50.183 true
++ retries=113
++ '[' 113 -le 0 ']'
++ sleep 2
++ execute_remote true
++ '[' -z ubuntu ']'
++ sshpass -p ubuntu ssh -p 22 -q -o ConnectTimeout=10 -o UserKnownHostsFile=/dev/null -o StrictHostKeyChecking=no test@10.101.50.183 true
++ retry_until 'snap info core' 'tracking: +edge' 10 2
++ command='snap info core'
++ output='tracking: +edge'
++ retries=10
++ sleep=2
++ execute_remote 'snap info core'
++ '[' -z ubuntu ']'
++ sshpass -p ubuntu ssh -p 22 -q -o ConnectTimeout=10 -o UserKnownHostsFile=/dev/null -o StrictHostKeyChecking=no test@10.101.50.183 'snap info core'
++ grep -q -E 'tracking: +edge'
++ retry_until 'sudo snap install --devmode jq' 'jq .* installed' 20 10
++ command='sudo snap install --devmode jq'
++ output='jq .* installed'
++ retries=20
++ sleep=10
++ execute_remote 'sudo snap install --devmode jq'
++ '[' -z ubuntu ']'
++ grep -q -E 'jq .* installed'
++ sshpass -p ubuntu ssh -p 22 -q -o ConnectTimeout=10 -o UserKnownHostsFile=/dev/null -o StrictHostKeyChecking=no test@10.101.50.183 'sudo snap install --devmode jq'
error: cannot install "jq": Post https://api.snapcraft.io/v2/snaps/refresh:
       dial tcp: lookup api.snapcraft.io on [::1]:53: read udp
       [::1]:37390->[::1]:53: read: connection refused
++ retries=19
++ '[' 19 -le 0 ']'
++ sleep 10
++ execute_remote 'sudo snap install --devmode jq'
++ '[' -z ubuntu ']'
++ grep -q -E 'jq .* installed'
++ sshpass -p ubuntu ssh -p 22 -q -o ConnectTimeout=10 -o UserKnownHostsFile=/dev/null -o StrictHostKeyChecking=no test@10.101.50.183 'sudo snap install --devmode jq'
++ execute_remote 'sudo snap remove jq'
++ '[' -z ubuntu ']'
++ sshpass -p ubuntu ssh -p 22 -q -o ConnectTimeout=10 -o UserKnownHostsFile=/dev/null -o StrictHostKeyChecking=no test@10.101.50.183 'sudo snap remove jq'
jq removed
+ . snappy-qa-jobs/scripts/utils/run_setup.sh 10.101.50.183 22 test ubuntu ''
++ echo 'Running setup command'
Running setup command
++ '[' 5 -ne 5 ']'
++ DEVICE_IP=10.101.50.183
++ DEVICE_PORT=22
++ USER=test
++ PASS=ubuntu
++ SETUP=
++ '[' -z '' ']'
++ echo 'No setup command to run'
No setup command to run
+ . snappy-qa-jobs/scripts/utils/get_spread.sh
++ echo 'Getting spread'
Getting spread
+++ pwd
++ export WORKSPACE=/home/ubuntu
++ WORKSPACE=/home/ubuntu
++ export SPREAD_DIR=/home/ubuntu/spread
++ SPREAD_DIR=/home/ubuntu/spread
++ export PATH=/home/ubuntu/spread:/srv/testflinger-agent/cm3002/env/bin:/usr/local/sbin:/usr/local/bin:/usr/sbin:/usr/bin:/sbin:/bin
++ PATH=/home/ubuntu/spread:/srv/testflinger-agent/cm3002/env/bin:/usr/local/sbin:/usr/local/bin:/usr/sbin:/usr/bin:/sbin:/bin
++ '[' -f /home/ubuntu/spread/spread ']'
++ mkdir -p /home/ubuntu/spread
++ cd /home/ubuntu/spread
++ curl -s -O https://niemeyer.s3.amazonaws.com/spread-amd64.tar.gz
++ tar xzvf spread-amd64.tar.gz
spread
++ echo 'Spread downloaded and ready to use'
Spread downloaded and ready to use
+ . snappy-qa-jobs/scripts/utils/run_spread.sh 10.101.50.183 22 snapd external:ubuntu-core-16-arm-32:tests/ '' tests/main/auto-refresh,tests/main/interfaces-content -v
++ echo 'Running spread'
Running spread
++ '[' 7 -ne 7 ']'
++ export WORKSPACE=/home/ubuntu
++ WORKSPACE=/home/ubuntu
++ DEVICE_IP=10.101.50.183
++ DEVICE_PORT=22
++ PROJECT_PATH=snapd
++ SPREAD_TESTS=external:ubuntu-core-16-arm-32:tests/
++ SPREAD_ENV=
++ SKIP_TESTS=tests/main/auto-refresh,tests/main/interfaces-content
++ SPREAD_PARAMS=-v
++ '[' -z external:ubuntu-core-16-arm-32:tests/ ']'
++ '[' '!' -z '' ']'
++ export SPREAD_EXTERNAL_ADDRESS=10.101.50.183:22
++ SPREAD_EXTERNAL_ADDRESS=10.101.50.183:22
+++ which spread
++ [[ -n /home/ubuntu/spread/spread ]]
++ echo 'Spread found'
Spread found
++ cd snapd
++ echo 'Moving to manual all the tests to skip: tests/main/auto-refresh,tests/main/interfaces-content'
Moving to manual all the tests to skip: tests/main/auto-refresh,tests/main/interfaces-content
+++ echo tests/main/auto-refresh,tests/main/interfaces-content
+++ tr , ' '
++ tests_skip='tests/main/auto-refresh tests/main/interfaces-content'
++ for test in '$tests_skip'
++ '[' -f tests/main/auto-refresh/task.yaml ']'
++ cp tests/main/auto-refresh/task.yaml tests/main/auto-refresh/task.yaml.back
++ echo 'manual: true'
++ for test in '$tests_skip'
++ '[' -f tests/main/interfaces-content/task.yaml ']'
++ cp tests/main/interfaces-content/task.yaml tests/main/interfaces-content/task.yaml.back
++ echo 'manual: true'
+++ echo -v
+++ tr , ' '
++ spread_params=-v
++ echo 'Running command: spread -v external:ubuntu-core-16-arm-32:tests/'
Running command: spread -v external:ubuntu-core-16-arm-32:tests/
++ spread -v external:ubuntu-core-16-arm-32:tests/
2018-07-09 04:53:36 Found /home/ubuntu/snapd/spread.yaml.
2018-07-09 04:53:39 Project content is packed for delivery (2.89MB).
2018-07-09 04:53:39 Sequence of jobs produced with -seed=1531112019
2018-07-09 04:53:39 If killed, discard servers with: spread -reuse-pid=853 -discard
2018-07-09 04:53:39 Allocating external:ubuntu-core-16-arm-32...
2018-07-09 04:53:39 Waiting for external:ubuntu-core-16-arm-32 to make SSH available at 10.101.50.183:22...
2018-07-09 04:53:39 Allocated external:ubuntu-core-16-arm-32.
2018-07-09 04:53:39 Connecting to external:ubuntu-core-16-arm-32...
2018-07-09 04:53:39 Connected to external:ubuntu-core-16-arm-32 at 10.101.50.183:22.
2018-07-09 04:53:39 Sending project content to external:ubuntu-core-16-arm-32...
2018-07-09 04:53:40 Preparing external:ubuntu-core-16-arm-32...
2018-07-09 04:53:41 Preparing external:ubuntu-core-16-arm-32:tests/main/...
2018-07-09 04:54:52 Preparing external:ubuntu-core-16-arm-32:tests/main/lxd...
2018-07-09 04:55:11 Executing external:ubuntu-core-16-arm-32:tests/main/lxd (1/195)...
2018-07-09 04:55:12 Restoring external:ubuntu-core-16-arm-32:tests/main/lxd...
2018-07-09 04:55:14 Preparing external:ubuntu-core-16-arm-32:tests/main/interfaces-broadcom-asic-control...
2018-07-09 04:55:43 Executing external:ubuntu-core-16-arm-32:tests/main/interfaces-broadcom-asic-control (2/195)...
2018-07-09 04:56:13 Restoring external:ubuntu-core-16-arm-32:tests/main/interfaces-broadcom-asic-control...
2018-07-09 04:56:14 Preparing external:ubuntu-core-16-arm-32:tests/main/failover:rclocalcrash...
2018-07-09 05:01:14 WARNING: external:ubuntu-core-16-arm-32 (external:ubuntu-core-16-arm-32:tests/main/failover:rclocalcrash) running late. Current output:
-----
(... 300 lines above ...)
Jul 09 04:56:34 localhost.localdomain systemd[1]: Starting Socket activation for snappy daemon.
Jul 09 04:56:34 localhost.localdomain systemd[1]: Listening on Socket activation for snappy daemon.
Jul 09 04:56:34 localhost.localdomain systemd[1]: Listening on Socket activation for snappy daemon.
+ echo ' test-snapd-rsync test-snapd-rsync-core18'
+ grep -w test-snapd-broadcom-asic-control
+ snap remove test-snapd-broadcom-asic-control
2018-07-09T04:57:49Z ERROR cannot remove snap file "test-snapd-broadcom-asic-control", will retry in 3 mins: [--root / disable snap-test\x2dsnapd\x2dbroadcom\x2dasic\x2dcontrol-x1.mount] failed with exit status 1: Removed symlink /etc/systemd/system/multi-user.target.wants/snap-test\x2dsnapd\x2dbroadcom\x2dasic\x2dcontrol-x1.mount.
Failed to execute operation: Connection timed out

2018-07-09T05:01:14Z ERROR cannot remove snap file "test-snapd-broadcom-asic-control", will retry in 3 mins: [--root / disable snap-test\x2dsnapd\x2dbroadcom\x2dasic\x2dcontrol-x1.mount] failed with exit status 1: Failed to execute operation: Connection timed out
-----
.
2018-07-09 05:06:14 WARNING: external:ubuntu-core-16-arm-32 (external:ubuntu-core-16-arm-32:tests/main/failover:rclocalcrash) running late. Current output:
-----
(...)
2018-07-09T05:04:39Z ERROR cannot remove snap file "test-snapd-broadcom-asic-control", will retry in 3 mins: [--root / disable snap-test\x2dsnapd\x2dbroadcom\x2dasic\x2dcontrol-x1.mount] failed with exit status 1: Failed to execute operation: Connection timed out
-----
.
2018-07-09 05:11:14 WARNING: external:ubuntu-core-16-arm-32 (external:ubuntu-core-16-arm-32:tests/main/failover:rclocalcrash) running late. Current output:
-----
(...)
2018-07-09T05:08:04Z ERROR cannot remove snap file "test-snapd-broadcom-asic-control", will retry in 3 mins: [--root / disable snap-test\x2dsnapd\x2dbroadcom\x2dasic\x2dcontrol-x1.mount] failed with exit status 1: Failed to execute operation: Connection timed out

2018-07-09T05:11:29Z ERROR cannot remove snap file "test-snapd-broadcom-asic-control", will retry in 3 mins: [--root / disable snap-test\x2dsnapd\x2dbroadcom\x2dasic\x2dcontrol-x1.mount] failed with exit status 1: Failed to execute operation: Connection timed out
-----
.
2018-07-09 05:16:13 Error preparing external:ubuntu-core-16-arm-32:tests/main/failover:rclocalcrash : 
-----
+ /home/gopath/src/github.com/snapcore/snapd/tests/lib/prepare-restore.sh --prepare-project-each
+ set -e
+ set -o pipefail
+ . /home/gopath/src/github.com/snapcore/snapd/tests/lib/quiet.sh
+ . /home/gopath/src/github.com/snapcore/snapd/tests/lib/boot.sh
++ GRUB_EDITENV=grub-editenv
++ case "$SPREAD_SYSTEM" in
+ . /home/gopath/src/github.com/snapcore/snapd/tests/lib/dirs.sh
++ export SNAP_MOUNT_DIR=/snap
++ SNAP_MOUNT_DIR=/snap
++ export LIBEXECDIR=/usr/lib
++ LIBEXECDIR=/usr/lib
++ export MEDIA_DIR=/media
++ MEDIA_DIR=/media
++ case "$SPREAD_SYSTEM" in
+ . /home/gopath/src/github.com/snapcore/snapd/tests/lib/pkgdb.sh
++ . /home/gopath/src/github.com/snapcore/snapd/tests/lib/quiet.sh
+ . /home/gopath/src/github.com/snapcore/snapd/tests/lib/random.sh
+ . /home/gopath/src/github.com/snapcore/snapd/tests/lib/spread-funcs.sh
+ . /home/gopath/src/github.com/snapcore/snapd/tests/lib/journalctl.sh
++ . /home/gopath/src/github.com/snapcore/snapd/tests/lib/state.sh
+++ SNAPD_STATE_PATH=/home/gopath/src/github.com/snapcore/snapd/tests/snapd-state
+++ SNAPD_STATE_FILE=/home/gopath/src/github.com/snapcore/snapd/tests/snapd-state/snapd-state.tar
+++ RUNTIME_STATE_PATH=/home/gopath/src/github.com/snapcore/snapd/tests/runtime-state
+++ SNAPD_ACTIVE_UNITS=/home/gopath/src/github.com/snapcore/snapd/tests/runtime-state/snapd-active-units
+++ . /home/gopath/src/github.com/snapcore/snapd/tests/lib/dirs.sh
++++ export SNAP_MOUNT_DIR=/snap
++++ SNAP_MOUNT_DIR=/snap
++++ export LIBEXECDIR=/usr/lib
++++ LIBEXECDIR=/usr/lib
++++ export MEDIA_DIR=/media
++++ MEDIA_DIR=/media
++++ case "$SPREAD_SYSTEM" in
+++ . /home/gopath/src/github.com/snapcore/snapd/tests/lib/boot.sh
++++ GRUB_EDITENV=grub-editenv
++++ case "$SPREAD_SYSTEM" in
+++ . /home/gopath/src/github.com/snapcore/snapd/tests/lib/systemd.sh
+++ . /home/gopath/src/github.com/snapcore/snapd/tests/lib/systems.sh
++ JOURNALCTL_CURSOR_FILE=/home/gopath/src/github.com/snapcore/snapd/tests/runtime-state/journalctl_cursor
+ . /home/gopath/src/github.com/snapcore/snapd/tests/lib/state.sh
++ SNAPD_STATE_PATH=/home/gopath/src/github.com/snapcore/snapd/tests/snapd-state
++ SNAPD_STATE_FILE=/home/gopath/src/github.com/snapcore/snapd/tests/snapd-state/snapd-state.tar
++ RUNTIME_STATE_PATH=/home/gopath/src/github.com/snapcore/snapd/tests/runtime-state
++ SNAPD_ACTIVE_UNITS=/home/gopath/src/github.com/snapcore/snapd/tests/runtime-state/snapd-active-units
++ . /home/gopath/src/github.com/snapcore/snapd/tests/lib/dirs.sh
+++ export SNAP_MOUNT_DIR=/snap
+++ SNAP_MOUNT_DIR=/snap
+++ export LIBEXECDIR=/usr/lib
+++ LIBEXECDIR=/usr/lib
+++ export MEDIA_DIR=/media
+++ MEDIA_DIR=/media
+++ case "$SPREAD_SYSTEM" in
++ . /home/gopath/src/github.com/snapcore/snapd/tests/lib/boot.sh
+++ GRUB_EDITENV=grub-editenv
+++ case "$SPREAD_SYSTEM" in
++ . /home/gopath/src/github.com/snapcore/snapd/tests/lib/systemd.sh
++ . /home/gopath/src/github.com/snapcore/snapd/tests/lib/systems.sh
+ . /home/gopath/src/github.com/snapcore/snapd/tests/lib/systems.sh
+ case "$1" in
+ prepare_project_each
+ dmesg -c
+ fixup_dev_random
+ mv /dev/random /dev/random.orig
+ mknod /dev/random c 1 9
+ kill_gpg_agent
+ pkill -9 -e gpg-agent
+ true
+ /home/gopath/src/github.com/snapcore/snapd/tests/lib/prepare-restore.sh --prepare-suite-each
+ set -e
+ set -o pipefail
+ . /home/gopath/src/github.com/snapcore/snapd/tests/lib/quiet.sh
+ . /home/gopath/src/github.com/snapcore/snapd/tests/lib/boot.sh
++ GRUB_EDITENV=grub-editenv
++ case "$SPREAD_SYSTEM" in
+ . /home/gopath/src/github.com/snapcore/snapd/tests/lib/dirs.sh
++ export SNAP_MOUNT_DIR=/snap
++ SNAP_MOUNT_DIR=/snap
++ export LIBEXECDIR=/usr/lib
++ LIBEXECDIR=/usr/lib
++ export MEDIA_DIR=/media
++ MEDIA_DIR=/media
++ case "$SPREAD_SYSTEM" in
+ . /home/gopath/src/github.com/snapcore/snapd/tests/lib/pkgdb.sh
++ . /home/gopath/src/github.com/snapcore/snapd/tests/lib/quiet.sh
+ . /home/gopath/src/github.com/snapcore/snapd/tests/lib/random.sh
+ . /home/gopath/src/github.com/snapcore/snapd/tests/lib/spread-funcs.sh
+ . /home/gopath/src/github.com/snapcore/snapd/tests/lib/journalctl.sh
++ . /home/gopath/src/github.com/snapcore/snapd/tests/lib/state.sh
+++ SNAPD_STATE_PATH=/home/gopath/src/github.com/snapcore/snapd/tests/snapd-state
+++ SNAPD_STATE_FILE=/home/gopath/src/github.com/snapcore/snapd/tests/snapd-state/snapd-state.tar
+++ RUNTIME_STATE_PATH=/home/gopath/src/github.com/snapcore/snapd/tests/runtime-state
+++ SNAPD_ACTIVE_UNITS=/home/gopath/src/github.com/snapcore/snapd/tests/runtime-state/snapd-active-units
+++ . /home/gopath/src/github.com/snapcore/snapd/tests/lib/dirs.sh
++++ export SNAP_MOUNT_DIR=/snap
++++ SNAP_MOUNT_DIR=/snap
++++ export LIBEXECDIR=/usr/lib
++++ LIBEXECDIR=/usr/lib
++++ export MEDIA_DIR=/media
++++ MEDIA_DIR=/media
++++ case "$SPREAD_SYSTEM" in
+++ . /home/gopath/src/github.com/snapcore/snapd/tests/lib/boot.sh
++++ GRUB_EDITENV=grub-editenv
++++ case "$SPREAD_SYSTEM" in
+++ . /home/gopath/src/github.com/snapcore/snapd/tests/lib/systemd.sh
+++ . /home/gopath/src/github.com/snapcore/snapd/tests/lib/systems.sh
++ JOURNALCTL_CURSOR_FILE=/home/gopath/src/github.com/snapcore/snapd/tests/runtime-state/journalctl_cursor
+ . /home/gopath/src/github.com/snapcore/snapd/tests/lib/state.sh
++ SNAPD_STATE_PATH=/home/gopath/src/github.com/snapcore/snapd/tests/snapd-state
++ SNAPD_STATE_FILE=/home/gopath/src/github.com/snapcore/snapd/tests/snapd-state/snapd-state.tar
++ RUNTIME_STATE_PATH=/home/gopath/src/github.com/snapcore/snapd/tests/runtime-state
++ SNAPD_ACTIVE_UNITS=/home/gopath/src/github.com/snapcore/snapd/tests/runtime-state/snapd-active-units
++ . /home/gopath/src/github.com/snapcore/snapd/tests/lib/dirs.sh
+++ export SNAP_MOUNT_DIR=/snap
+++ SNAP_MOUNT_DIR=/snap
+++ export LIBEXECDIR=/usr/lib
+++ LIBEXECDIR=/usr/lib
+++ export MEDIA_DIR=/media
+++ MEDIA_DIR=/media
+++ case "$SPREAD_SYSTEM" in
++ . /home/gopath/src/github.com/snapcore/snapd/tests/lib/boot.sh
+++ GRUB_EDITENV=grub-editenv
+++ case "$SPREAD_SYSTEM" in
++ . /home/gopath/src/github.com/snapcore/snapd/tests/lib/systemd.sh
++ . /home/gopath/src/github.com/snapcore/snapd/tests/lib/systems.sh
+ . /home/gopath/src/github.com/snapcore/snapd/tests/lib/systems.sh
+ case "$1" in
+ prepare_suite_each
+ echo -n 'external:ubuntu-core-16-arm-32:tests/main/failover:rclocalcrash '
+ /home/gopath/src/github.com/snapcore/snapd/tests/lib/reset.sh --reuse-core
+ . /home/gopath/src/github.com/snapcore/snapd/tests/lib/dirs.sh
++ export SNAP_MOUNT_DIR=/snap
++ SNAP_MOUNT_DIR=/snap
++ export LIBEXECDIR=/usr/lib
++ LIBEXECDIR=/usr/lib
++ export MEDIA_DIR=/media
++ MEDIA_DIR=/media
++ case "$SPREAD_SYSTEM" in
+ . /home/gopath/src/github.com/snapcore/snapd/tests/lib/state.sh
++ SNAPD_STATE_PATH=/home/gopath/src/github.com/snapcore/snapd/tests/snapd-state
++ SNAPD_STATE_FILE=/home/gopath/src/github.com/snapcore/snapd/tests/snapd-state/snapd-state.tar
++ RUNTIME_STATE_PATH=/home/gopath/src/github.com/snapcore/snapd/tests/runtime-state
++ SNAPD_ACTIVE_UNITS=/home/gopath/src/github.com/snapcore/snapd/tests/runtime-state/snapd-active-units
++ . /home/gopath/src/github.com/snapcore/snapd/tests/lib/dirs.sh
+++ export SNAP_MOUNT_DIR=/snap
+++ SNAP_MOUNT_DIR=/snap
+++ export LIBEXECDIR=/usr/lib
+++ LIBEXECDIR=/usr/lib
+++ export MEDIA_DIR=/media
+++ MEDIA_DIR=/media
+++ case "$SPREAD_SYSTEM" in
++ . /home/gopath/src/github.com/snapcore/snapd/tests/lib/boot.sh
+++ GRUB_EDITENV=grub-editenv
+++ case "$SPREAD_SYSTEM" in
++ . /home/gopath/src/github.com/snapcore/snapd/tests/lib/systemd.sh
++ . /home/gopath/src/github.com/snapcore/snapd/tests/lib/systems.sh
+ . /home/gopath/src/github.com/snapcore/snapd/tests/lib/systemd.sh
+ . /home/gopath/src/github.com/snapcore/snapd/tests/lib/systems.sh
+ is_core_system
+ [[ ubuntu-core-16-arm-32 == ubuntu-core-* ]]
+ return 0
+ reset_all_snap --reuse-core
+ . /home/gopath/src/github.com/snapcore/snapd/tests/lib/names.sh
+++ snap list
+++ grep 'gadget$'
+++ awk '{ print $1 }'
++ gadget_name=cm3
+++ snap list
+++ grep 'kernel$'
+++ awk '{ print $1 }'
++ kernel_name=pi2-kernel
+++ snap known model
+++ awk '/^base: / { print $2 }'
++ core_name=
++ '[' -z '' ']'
++ core_name=core
+ for snap in '"$SNAP_MOUNT_DIR"/*'
+ snap=README
+ case "$snap" in
+ for snap in '"$SNAP_MOUNT_DIR"/*'
+ snap=bin
+ case "$snap" in
+ for snap in '"$SNAP_MOUNT_DIR"/*'
+ snap=cm3
+ case "$snap" in
+ for snap in '"$SNAP_MOUNT_DIR"/*'
+ snap=core
+ case "$snap" in
+ for snap in '"$SNAP_MOUNT_DIR"/*'
+ snap=manifest.yaml
+ case "$snap" in
+ systemctl status snapd.service snapd.socket
 snapd.service - Snappy daemon
   Loaded: loaded (/lib/systemd/system/snapd.service; enabled; vendor preset: enabled)
  Drop-In: /etc/systemd/system/snapd.service.d
           local.conf
   Active: active (running) since Mon 2018-07-09 04:56:34 UTC; 47s ago
 Main PID: 2418 (snapd)
   CGroup: /system.slice/snapd.service
           2418 /usr/lib/snapd/snapd

Jul 09 04:56:50 localhost.localdomain snapd[2418]: 2018/07/09 04:56:50.927761 taskrunner.go:403: DEBUG: Running task 144 on Do: Connect test-snapd-broadcom-asic-control:broadcom-asic-control to core:broadcom-asic-control
Jul 09 04:57:05 localhost.localdomain snapd[2418]: 2018/07/09 04:57:05.144597 taskrunner.go:403: DEBUG: Running task 147 on Do: Run hook connect-slot-broadcom-asic-control of snap "core"
Jul 09 04:57:05 localhost.localdomain snapd[2418]: 2018/07/09 04:57:05.292187 taskrunner.go:403: DEBUG: Running task 148 on Do: Run hook connect-plug-broadcom-asic-control of snap "test-snapd-broadcom-asic-control"
Jul 09 04:57:07 localhost.localdomain snapd[2418]: 2018/07/09 04:57:07.060044 daemon.go:272: DEBUG: pid=2787;uid=0;socket=/run/snapd.socket;@ GET /v2/system-info 3.959596ms 200
Jul 09 04:57:07 localhost.localdomain snapd[2418]: 2018/07/09 04:57:07.236633 daemon.go:272: DEBUG: pid=2793;uid=0;socket=/run/snapd.socket;@ POST /v2/interfaces 80.142874ms 202
Jul 09 04:57:07 localhost.localdomain snapd[2418]: 2018/07/09 04:57:07.308704 taskrunner.go:403: DEBUG: Running task 149 on Do: Disconnect test-snapd-broadcom-asic-control:broadcom-asic-control from core:broadcom-asic-control
Jul 09 04:57:08 localhost.localdomain snapd[2418]: 2018/07/09 04:57:08.476560 cmd.go:133: DEBUG: exe doesn't have snap mount dir prefix: "/usr/lib/snapd/snapd" vs "/snap"
Jul 09 04:57:21 localhost.localdomain snapd[2418]: 2018/07/09 04:57:21.551190 daemon.go:272: DEBUG: pid=2893;uid=0;socket=/run/snapd.socket;@ GET /v2/snaps 21.313689ms 200
Jul 09 04:57:21 localhost.localdomain snapd[2418]: 2018/07/09 04:57:21.678239 daemon.go:272: DEBUG: pid=2902;uid=0;socket=/run/snapd.socket;@ GET /v2/snaps 21.145452ms 200
Jul 09 04:57:21 localhost.localdomain snapd[2418]: 2018/07/09 04:57:21.785547 daemon.go:272: DEBUG: pid=2911;uid=0;socket=/run/snapd.socket;@ GET /v2/assertions/model 1.964361ms 200

 snapd.socket - Socket activation for snappy daemon
   Loaded: loaded (/lib/systemd/system/snapd.socket; enabled; vendor preset: enabled)
  Drop-In: /etc/systemd/system/snapd.socket.d
           local.conf
   Active: active (running) since Mon 2018-07-09 04:56:34 UTC; 47s ago
   Listen: /run/snapd.socket (Stream)
           /run/snapd-snap.socket (Stream)

Jul 09 04:56:34 localhost.localdomain systemd[1]: Starting Socket activation for snappy daemon.
Jul 09 04:56:34 localhost.localdomain systemd[1]: Listening on Socket activation for snappy daemon.
Jul 09 04:56:34 localhost.localdomain systemd[1]: Listening on Socket activation for snappy daemon.
+ echo ' test-snapd-rsync test-snapd-rsync-core18'
+ grep -w manifest.yaml
+ snap remove manifest.yaml
snap "manifest.yaml" is not installed
+ for snap in '"$SNAP_MOUNT_DIR"/*'
+ snap=pi2-kernel
+ case "$snap" in
+ for snap in '"$SNAP_MOUNT_DIR"/*'
+ snap=snapcraft.yaml
+ case "$snap" in
+ systemctl status snapd.service snapd.socket
 snapd.service - Snappy daemon
   Loaded: loaded (/lib/systemd/system/snapd.service; enabled; vendor preset: enabled)
  Drop-In: /etc/systemd/system/snapd.service.d
           local.conf
   Active: active (running) since Mon 2018-07-09 04:56:34 UTC; 47s ago
 Main PID: 2418 (snapd)
   CGroup: /system.slice/snapd.service
           2418 /usr/lib/snapd/snapd

Jul 09 04:57:05 localhost.localdomain snapd[2418]: 2018/07/09 04:57:05.144597 taskrunner.go:403: DEBUG: Running task 147 on Do: Run hook connect-slot-broadcom-asic-control of snap "core"
Jul 09 04:57:05 localhost.localdomain snapd[2418]: 2018/07/09 04:57:05.292187 taskrunner.go:403: DEBUG: Running task 148 on Do: Run hook connect-plug-broadcom-asic-control of snap "test-snapd-broadcom-asic-control"
Jul 09 04:57:07 localhost.localdomain snapd[2418]: 2018/07/09 04:57:07.060044 daemon.go:272: DEBUG: pid=2787;uid=0;socket=/run/snapd.socket;@ GET /v2/system-info 3.959596ms 200
Jul 09 04:57:07 localhost.localdomain snapd[2418]: 2018/07/09 04:57:07.236633 daemon.go:272: DEBUG: pid=2793;uid=0;socket=/run/snapd.socket;@ POST /v2/interfaces 80.142874ms 202
Jul 09 04:57:07 localhost.localdomain snapd[2418]: 2018/07/09 04:57:07.308704 taskrunner.go:403: DEBUG: Running task 149 on Do: Disconnect test-snapd-broadcom-asic-control:broadcom-asic-control from core:broadcom-asic-control
Jul 09 04:57:08 localhost.localdomain snapd[2418]: 2018/07/09 04:57:08.476560 cmd.go:133: DEBUG: exe doesn't have snap mount dir prefix: "/usr/lib/snapd/snapd" vs "/snap"
Jul 09 04:57:21 localhost.localdomain snapd[2418]: 2018/07/09 04:57:21.551190 daemon.go:272: DEBUG: pid=2893;uid=0;socket=/run/snapd.socket;@ GET /v2/snaps 21.313689ms 200
Jul 09 04:57:21 localhost.localdomain snapd[2418]: 2018/07/09 04:57:21.678239 daemon.go:272: DEBUG: pid=2902;uid=0;socket=/run/snapd.socket;@ GET /v2/snaps 21.145452ms 200
Jul 09 04:57:21 localhost.localdomain snapd[2418]: 2018/07/09 04:57:21.785547 daemon.go:272: DEBUG: pid=2911;uid=0;socket=/run/snapd.socket;@ GET /v2/assertions/model 1.964361ms 200
Jul 09 04:57:21 localhost.localdomain snapd[2418]: 2018/07/09 04:57:21.947813 daemon.go:272: DEBUG: pid=2920;uid=0;socket=/run/snapd.socket;@ POST /v2/snaps/manifest.yaml 1.45887ms 400

 snapd.socket - Socket activation for snappy daemon
   Loaded: loaded (/lib/systemd/system/snapd.socket; enabled; vendor preset: enabled)
  Drop-In: /etc/systemd/system/snapd.socket.d
           local.conf
   Active: active (running) since Mon 2018-07-09 04:56:34 UTC; 47s ago
   Listen: /run/snapd.socket (Stream)
           /run/snapd-snap.socket (Stream)

Jul 09 04:56:34 localhost.localdomain systemd[1]: Starting Socket activation for snappy daemon.
Jul 09 04:56:34 localhost.localdomain systemd[1]: Listening on Socket activation for snappy daemon.
Jul 09 04:56:34 localhost.localdomain systemd[1]: Listening on Socket activation for snappy daemon.
+ echo ' test-snapd-rsync test-snapd-rsync-core18'
+ grep -w snapcraft.yaml
+ snap remove snapcraft.yaml
snap "snapcraft.yaml" is not installed
+ for snap in '"$SNAP_MOUNT_DIR"/*'
+ snap=test-snapd-broadcom-asic-control
+ case "$snap" in
+ systemctl status snapd.service snapd.socket
 snapd.service - Snappy daemon
   Loaded: loaded (/lib/systemd/system/snapd.service; enabled; vendor preset: enabled)
  Drop-In: /etc/systemd/system/snapd.service.d
           local.conf
   Active: active (running) since Mon 2018-07-09 04:56:34 UTC; 47s ago
 Main PID: 2418 (snapd)
   CGroup: /system.slice/snapd.service
           2418 /usr/lib/snapd/snapd

Jul 09 04:57:05 localhost.localdomain snapd[2418]: 2018/07/09 04:57:05.292187 taskrunner.go:403: DEBUG: Running task 148 on Do: Run hook connect-plug-broadcom-asic-control of snap "test-snapd-broadcom-asic-control"
Jul 09 04:57:07 localhost.localdomain snapd[2418]: 2018/07/09 04:57:07.060044 daemon.go:272: DEBUG: pid=2787;uid=0;socket=/run/snapd.socket;@ GET /v2/system-info 3.959596ms 200
Jul 09 04:57:07 localhost.localdomain snapd[2418]: 2018/07/09 04:57:07.236633 daemon.go:272: DEBUG: pid=2793;uid=0;socket=/run/snapd.socket;@ POST /v2/interfaces 80.142874ms 202
Jul 09 04:57:07 localhost.localdomain snapd[2418]: 2018/07/09 04:57:07.308704 taskrunner.go:403: DEBUG: Running task 149 on Do: Disconnect test-snapd-broadcom-asic-control:broadcom-asic-control from core:broadcom-asic-control
Jul 09 04:57:08 localhost.localdomain snapd[2418]: 2018/07/09 04:57:08.476560 cmd.go:133: DEBUG: exe doesn't have snap mount dir prefix: "/usr/lib/snapd/snapd" vs "/snap"
Jul 09 04:57:21 localhost.localdomain snapd[2418]: 2018/07/09 04:57:21.551190 daemon.go:272: DEBUG: pid=2893;uid=0;socket=/run/snapd.socket;@ GET /v2/snaps 21.313689ms 200
Jul 09 04:57:21 localhost.localdomain snapd[2418]: 2018/07/09 04:57:21.678239 daemon.go:272: DEBUG: pid=2902;uid=0;socket=/run/snapd.socket;@ GET /v2/snaps 21.145452ms 200
Jul 09 04:57:21 localhost.localdomain snapd[2418]: 2018/07/09 04:57:21.785547 daemon.go:272: DEBUG: pid=2911;uid=0;socket=/run/snapd.socket;@ GET /v2/assertions/model 1.964361ms 200
Jul 09 04:57:21 localhost.localdomain snapd[2418]: 2018/07/09 04:57:21.947813 daemon.go:272: DEBUG: pid=2920;uid=0;socket=/run/snapd.socket;@ POST /v2/snaps/manifest.yaml 1.45887ms 400
Jul 09 04:57:22 localhost.localdomain snapd[2418]: 2018/07/09 04:57:22.102223 daemon.go:272: DEBUG: pid=2929;uid=0;socket=/run/snapd.socket;@ POST /v2/snaps/snapcraft.yaml 1.176408ms 400

 snapd.socket - Socket activation for snappy daemon
   Loaded: loaded (/lib/systemd/system/snapd.socket; enabled; vendor preset: enabled)
  Drop-In: /etc/systemd/system/snapd.socket.d
           local.conf
   Active: active (running) since Mon 2018-07-09 04:56:34 UTC; 47s ago
   Listen: /run/snapd.socket (Stream)
           /run/snapd-snap.socket (Stream)

Jul 09 04:56:34 localhost.localdomain systemd[1]: Starting Socket activation for snappy daemon.
Jul 09 04:56:34 localhost.localdomain systemd[1]: Listening on Socket activation for snappy daemon.
Jul 09 04:56:34 localhost.localdomain systemd[1]: Listening on Socket activation for snappy daemon.
+ echo ' test-snapd-rsync test-snapd-rsync-core18'
+ grep -w test-snapd-broadcom-asic-control
+ snap remove test-snapd-broadcom-asic-control
2018-07-09T04:57:49Z ERROR cannot remove snap file "test-snapd-broadcom-asic-control", will retry in 3 mins: [--root / disable snap-test\x2dsnapd\x2dbroadcom\x2dasic\x2dcontrol-x1.mount] failed with exit status 1: Removed symlink /etc/systemd/system/multi-user.target.wants/snap-test\x2dsnapd\x2dbroadcom\x2dasic\x2dcontrol-x1.mount.
Failed to execute operation: Connection timed out

2018-07-09T05:01:14Z ERROR cannot remove snap file "test-snapd-broadcom-asic-control", will retry in 3 mins: [--root / disable snap-test\x2dsnapd\x2dbroadcom\x2dasic\x2dcontrol-x1.mount] failed with exit status 1: Failed to execute operation: Connection timed out

2018-07-09T05:04:39Z ERROR cannot remove snap file "test-snapd-broadcom-asic-control", will retry in 3 mins: [--root / disable snap-test\x2dsnapd\x2dbroadcom\x2dasic\x2dcontrol-x1.mount] failed with exit status 1: Failed to execute operation: Connection timed out

2018-07-09T05:08:04Z ERROR cannot remove snap file "test-snapd-broadcom-asic-control", will retry in 3 mins: [--root / disable snap-test\x2dsnapd\x2dbroadcom\x2dasic\x2dcontrol-x1.mount] failed with exit status 1: Failed to execute operation: Connection timed out

2018-07-09T05:11:29Z ERROR cannot remove snap file "test-snapd-broadcom-asic-control", will retry in 3 mins: [--root / disable snap-test\x2dsnapd\x2dbroadcom\x2dasic\x2dcontrol-x1.mount] failed with exit status 1: Failed to execute operation: Connection timed out

2018-07-09T05:14:55Z ERROR cannot remove snap file "test-snapd-broadcom-asic-control", will retry in 3 mins: [--root / disable snap-test\x2dsnapd\x2dbroadcom\x2dasic\x2dcontrol-x1.mount] failed with exit status 1: Failed to execute operation: Connection timed out


<kill-timeout reached>
-----
.
2018-07-09 05:16:21 Debug output for external:ubuntu-core-16-arm-32:tests/main/failover:rclocalcrash : 
-----
+ . /home/gopath/src/github.com/snapcore/snapd/tests/lib/boot.sh
++ GRUB_EDITENV=grub-editenv
++ case "$SPREAD_SYSTEM" in
+ bootenv
+ '[' 0 -eq 0 ']'
+ command -v grub-editenv
+ fw_printenv
allargs=setenv bootargs "${args} root=${devroot}"
arch=arm
baudrate=115200
board_name=Compute Module 3
board_rev=0xA
board_rev_scheme=1
board_revision=0xA020A0
boot_a_script=load ${devtype} ${devnum}:${bootpart} ${scriptaddr} ${prefix}${script}; source ${scriptaddr}
boot_extlinux=sysboot ${devtype} ${devnum}:${bootpart} any ${scriptaddr} ${prefix}extlinux/extlinux.conf
boot_prefixes=/ /boot/
boot_script_dhcp=boot.scr.uimg
boot_scripts=boot.scr.uimg boot.scr
boot_targets=mmc usb pxe dhcp 
bootcmd=run distro_bootcmd
bootcmd_dhcp=usb start; if dhcp ${scriptaddr} ${boot_script_dhcp}; then source ${scriptaddr}; fi
bootcmd_mmc=setenv devnum 0; run dev_boot
bootcmd_pxe=usb start; dhcp; if pxe get; then pxe boot; fi
bootcmd_usb=setenv devnum 0; usb start; run dev_boot
bootdelay=2
bootenv=uEnv.txt
cpu=armv7
dev_boot=if ${target} dev ${devnum}; then setenv devtype ${target}; if run loadbootenv; then echo Loaded environment from ${bootenv}; run importbootenv; fi; if test -n "$uenvcmd"; then echo Running uenvcmd ...; run uenvcmd; fi; run scan_dev_for_boot_part; fi
devnum=0
devnumber=0
devtype=mmc
dhcpuboot=usb start; dhcp u-boot.uimg; bootm
distro_bootcmd=for target in ${boot_targets}; do run bootcmd_${target}; done
fdt_addr=2000000
fdt_addr_r=0x00000100
fdtaddr=0x02000000
fdtcontroladdr=3af8c230
fdtfile=bcm2709-rpi-2-b.dtb
filesize=1c5
importbootenv=echo Importing environment from ${target} ...; env import -t -r $loadaddr $filesize
initrd_addr=0x02100000
initrd_file=initrd.img
kernel_addr_r=0x01000000
kernel_file=kernel.img
loadaddr=0x00200000
loadbootenv=echo LOADBOOTENV; load ${devtype} ${devnum} ${loadaddr} ${bootenv}
loadfdt=fdt addr 0x02000000; fdt get value args /chosen bootargs
loadfiles=run loadkernel; run loadinitrd; run loadfdt
loadinitrd=load ${target} ${devnumber}:${partition} ${initrd_addr} ${snap_kernel}/${initrd_file}; setenv initrd_size ${filesize}
loadkernel=load ${target} ${devnumber}:${partition} ${loadaddr} ${snap_kernel}/${kernel_file}
mmcrootfstype=ext4
partition=1
pxefile_addr_r=0x00100000
ramdisk_addr_r=0x02100000
scan_dev_for_boot=echo Scanning ${devtype} ${devnum}:${bootpart}...; for prefix in ${boot_prefixes}; do run scan_dev_for_extlinux; run scan_dev_for_scripts; done
scan_dev_for_boot_part=part list ${devtype} ${devnum} devplist; for bootpart in ${devplist}; do if fstype ${devtype} ${devnum}:${bootpart} bootfstype; then run scan_dev_for_boot; fi; done
scan_dev_for_extlinux=if test -e ${devtype} ${devnum}:${bootpart} ${prefix}extlinux/extlinux.conf; then echo Found ${prefix}extlinux/extlinux.conf; run boot_extlinux; echo SCRIPT FAILED: continuing...; fi
scan_dev_for_scripts=for script in ${boot_scripts}; do if test -e ${devtype} ${devnum}:${bootpart} ${prefix}${script}; then echo Found U-Boot script ${prefix}${script}; run boot_a_script; echo SCRIPT FAILED: continuing...; fi; done
scriptaddr=0x00000000
serial#=0000000028de8b3e
snap_core=core_5020.snap
snap_kernel=pi2-kernel_56.snap
snappy_boot=if test "${snap_mode}" = "try"; then setenv snap_mode "trying"; saveenv; if test "${snap_try_core}" != ""; then setenv snap_core "${snap_try_core}"; fi; if test "${snap_try_kernel}" != ""; then setenv snap_kernel "${snap_try_kernel}"; fi; elif test "${snap_mode}" = "trying"; then setenv snap_mode ""; saveenv; fi; run loadfiles; setenv devroot "/dev/disk/by-label/writable ${snappy_cmdline} snap_core=${snap_core} snap_kernel=${snap_kernel}"; run allargs; bootz ${loadaddr} ${initrd_addr}:${initrd_size} 0x02000000
snappy_cmdline=net.ifnames=0 init=/lib/systemd/systemd ro panic=-1 fixrtc
soc=bcm2835
stderr=serial,lcd
stdin=serial,usbkbd
stdout=serial,lcd
uenvcmd=echo ENVCMD; run snappy_boot
vendor=raspberrypi
+ snap list
Name                              Version         Rev   Tracking  Publisher  Notes
cm3                               16.04-0.5       1     stable    canonical  gadget
core                              16-2.34         5020  edge      canonical  core
pi2-kernel                        4.4.0-1092.100  56    stable    canonical  kernel
test-snapd-broadcom-asic-control                  x1    -         -          disabled,broken
test-snapd-rsync                  3.1.3           10    stable    cachio     devmode
+ snap changes
ID   Status  Spawn               Ready               Summary
1    Done    today at 04:39 UTC  today at 04:39 UTC  Initialize system state
2    Done    today at 04:39 UTC  today at 04:39 UTC  Initialize device
3    Done    today at 04:41 UTC  today at 04:39 UTC  Refresh "core" snap from "edge" channel
4    Done    today at 04:41 UTC  today at 04:43 UTC  Auto-refresh snap "pi2-kernel"
5    Done    today at 04:54 UTC  today at 04:54 UTC  Install "jq" snap
6    Done    today at 04:54 UTC  today at 04:54 UTC  Remove "jq" snap
7    Done    today at 04:54 UTC  today at 04:54 UTC  Install "test-snapd-rsync" snap
8    Done    today at 04:54 UTC  today at 04:54 UTC  Setup alias "rsync" => "rsync" for snap "test-snapd-rsync"
9    Done    today at 04:54 UTC  today at 04:55 UTC  Install "jq" snap
10   Done    today at 04:55 UTC  today at 04:55 UTC  Change configuration of "core" snap
11   Done    today at 04:55 UTC  today at 04:55 UTC  Remove snaps "jq", "jq-core18"
12   Done    today at 04:56 UTC  today at 04:56 UTC  Install "test-snapd-broadcom-asic-control" snap from file "/home/gopath/src/github.com/snapcore/snapd/tests/lib/snaps/test-snapd-broadcom-asic-control/test-snapd-broadcom-asic-control_1.0_all.snap"
13   Done    today at 04:56 UTC  today at 04:57 UTC  Connect test-snapd-broadcom-asic-control:broadcom-asic-control to core:broadcom-asic-control
14   Done    today at 04:57 UTC  today at 04:57 UTC  Disconnect : from test-snapd-broadcom-asic-control:broadcom-asic-control
15   Doing   today at 04:57 UTC  -                   Remove "test-snapd-broadcom-asic-control" snap

+ '[' 1 = 1 ']'
+ . /home/gopath/src/github.com/snapcore/snapd/tests/lib/journalctl.sh
++ . /home/gopath/src/github.com/snapcore/snapd/tests/lib/state.sh
+++ SNAPD_STATE_PATH=/home/gopath/src/github.com/snapcore/snapd/tests/snapd-state
+++ SNAPD_STATE_FILE=/home/gopath/src/github.com/snapcore/snapd/tests/snapd-state/snapd-state.tar
+++ RUNTIME_STATE_PATH=/home/gopath/src/github.com/snapcore/snapd/tests/runtime-state
+++ SNAPD_ACTIVE_UNITS=/home/gopath/src/github.com/snapcore/snapd/tests/runtime-state/snapd-active-units
+++ . /home/gopath/src/github.com/snapcore/snapd/tests/lib/dirs.sh
++++ export SNAP_MOUNT_DIR=/snap
++++ SNAP_MOUNT_DIR=/snap
++++ export LIBEXECDIR=/usr/lib
++++ LIBEXECDIR=/usr/lib
++++ export MEDIA_DIR=/media
++++ MEDIA_DIR=/media
++++ case "$SPREAD_SYSTEM" in
+++ . /home/gopath/src/github.com/snapcore/snapd/tests/lib/boot.sh
++++ GRUB_EDITENV=grub-editenv
++++ case "$SPREAD_SYSTEM" in
+++ . /home/gopath/src/github.com/snapcore/snapd/tests/lib/systemd.sh
+++ . /home/gopath/src/github.com/snapcore/snapd/tests/lib/systems.sh
++ JOURNALCTL_CURSOR_FILE=/home/gopath/src/github.com/snapcore/snapd/tests/runtime-state/journalctl_cursor
+ . /home/gopath/src/github.com/snapcore/snapd/tests/lib/state.sh
++ SNAPD_STATE_PATH=/home/gopath/src/github.com/snapcore/snapd/tests/snapd-state
++ SNAPD_STATE_FILE=/home/gopath/src/github.com/snapcore/snapd/tests/snapd-state/snapd-state.tar
++ RUNTIME_STATE_PATH=/home/gopath/src/github.com/snapcore/snapd/tests/runtime-state
++ SNAPD_ACTIVE_UNITS=/home/gopath/src/github.com/snapcore/snapd/tests/runtime-state/snapd-active-units
++ . /home/gopath/src/github.com/snapcore/snapd/tests/lib/dirs.sh
+++ export SNAP_MOUNT_DIR=/snap
+++ SNAP_MOUNT_DIR=/snap
+++ export LIBEXECDIR=/usr/lib
+++ LIBEXECDIR=/usr/lib
+++ export MEDIA_DIR=/media
+++ MEDIA_DIR=/media
+++ case "$SPREAD_SYSTEM" in
++ . /home/gopath/src/github.com/snapcore/snapd/tests/lib/boot.sh
+++ GRUB_EDITENV=grub-editenv
+++ case "$SPREAD_SYSTEM" in
++ . /home/gopath/src/github.com/snapcore/snapd/tests/lib/systemd.sh
++ . /home/gopath/src/github.com/snapcore/snapd/tests/lib/systems.sh
+ echo '# journal messages for snapd'
# journal messages for snapd
+ get_journalctl_log -u snapd
++ tail -n1 /home/gopath/src/github.com/snapcore/snapd/tests/runtime-state/journalctl_cursor
+ cursor='s=5f71d830cf4e42f88d77c6d5a9c86329;i=38c;b=a445c689d118425c8326c72917e863c6;m=98b4d1e;t=57089d67b7b24;x=cb2b921e258148cb'
+ get_journalctl_log_from_cursor 's=5f71d830cf4e42f88d77c6d5a9c86329;i=38c;b=a445c689d118425c8326c72917e863c6;m=98b4d1e;t=57089d67b7b24;x=cb2b921e258148cb' -u snapd
+ cursor='s=5f71d830cf4e42f88d77c6d5a9c86329;i=38c;b=a445c689d118425c8326c72917e863c6;m=98b4d1e;t=57089d67b7b24;x=cb2b921e258148cb'
+ shift
+ journalctl -u snapd --cursor 's=5f71d830cf4e42f88d77c6d5a9c86329;i=38c;b=a445c689d118425c8326c72917e863c6;m=98b4d1e;t=57089d67b7b24;x=cb2b921e258148cb'
-- Logs begin at Mon 2018-07-09 04:39:29 UTC, end at Mon 2018-07-09 05:17:20 UTC. --
Jul 09 04:56:38 localhost.localdomain snapd[2418]: 2018/07/09 04:56:38.546550 autorefresh.go:255: DEBUG: Next refresh scheduled for 2018-07-10 12:58:23.843544777 +0000 UTC.
Jul 09 04:56:38 localhost.localdomain snapd[2418]: 2018/07/09 04:56:38.559270 catalogrefresh.go:71: DEBUG: Catalog refresh starting now; next scheduled for 2018-07-10 04:56:38.559148623 +0000 UTC.
Jul 09 04:56:38 localhost.localdomain snapd[2418]: 2018/07/09 04:56:38.559982 retry.go:40: DEBUG: Retrying https://api.snapcraft.io/api/v1/snaps/sections, attempt 1, elapsed time=65.423s
Jul 09 04:56:38 localhost.localdomain snapd[2418]: 2018/07/09 04:56:38.565364 logger.go:69: DEBUG: > "GET /api/v1/snaps/sections HTTP/1.1\r\nHost: api.snapcraft.io\r\nUser-Agent: snapd/2.34 (series 16; testing) ubuntu-core/16 (armhf) linux/4.4.0-1092-raspi2\r\nAccept: application/hal+json\r\nX-Ubuntu-Architecture: armhf\r\nX-Ubuntu-Classic: false\r\nX-Ubuntu-Series: 16\r\nX-Ubuntu-Wire-Protocol: 1\r\nAccept-Encoding: gzip\r\n\r\n"
Jul 09 04:56:38 localhost.localdomain snapd[2418]: 2018/07/09 04:56:38.720414 daemon.go:272: DEBUG: pid=2472;uid=0;socket=/run/snapd.socket;@ POST /v2/snaps 3.182164505s 202
Jul 09 04:56:39 localhost.localdomain snapd[2418]: 2018/07/09 04:56:39.931845 logger.go:76: DEBUG: < "HTTP/1.1 200 OK\r\nContent-Length: 286\r\nAge: 2027\r\nCache-Control: public, max-age=3600\r\nContent-Type: application/hal+json\r\nDate: Mon, 09 Jul 2018 04:22:52 GMT\r\nServer: gunicorn/19.7.1\r\nSnap-Store-Version: 5\r\nVary: X-Ubuntu-Series\r\nVia: 1.1 juju-7794b8-prod-ols-snap-store-indep-397 (squid/3.5.23)\r\nX-Cache: HIT from juju-7794b8-prod-ols-snap-store-indep-397\r\nX-Cache-Lookup: HIT from juju-7794b8-prod-ols-snap-store-indep-397:3128\r\nX-Request-Id: 23C8A2C299AA0A325DCC01BB5B42E31B5698E3C\r\nX-Vcs-Revision: 1179d26\r\nX-View-Name: snapdevicegw.webapi_search.section_listing\r\n\r\n{\"_embedded\": {\"clickindex:sections\": [{\"name\": \"featured\"}, {\"name\": \"games\"}, {\"name\": \"finance\"}, {\"name\": \"developers\"}, {\"name\": \"social-networking\"}, {\"name\": \"video\"}, {\"name\": \"music\"}, {\"name\": \"productivity\"}, {\"name\": \"utilities\"}, {\"name\": \"graphics\"}, {\"name\": \"server\"}]}}"
Jul 09 04:56:39 localhost.localdomain snapd[2418]: 2018/07/09 04:56:39.932966 retry.go:52: DEBUG: The retry loop for https://api.snapcraft.io/api/v1/snaps/sections finished after 1 retries, elapsed time=1.373082585s, status: 200
Jul 09 04:56:39 localhost.localdomain snapd[2418]: 2018/07/09 04:56:39.945563 retry.go:40: DEBUG: Retrying https://api.snapcraft.io/api/v1/snaps/names?confinement=strict, attempt 1, elapsed time=47.504s
Jul 09 04:56:39 localhost.localdomain snapd[2418]: 2018/07/09 04:56:39.948860 logger.go:69: DEBUG: > "GET /api/v1/snaps/names?confinement=strict HTTP/1.1\r\nHost: api.snapcraft.io\r\nUser-Agent: snapd/2.34 (series 16; testing) ubuntu-core/16 (armhf) linux/4.4.0-1092-raspi2\r\nAccept: application/hal+json\r\nX-Ubuntu-Architecture: armhf\r\nX-Ubuntu-Classic: false\r\nX-Ubuntu-Series: 16\r\nX-Ubuntu-Wire-Protocol: 1\r\nAccept-Encoding: gzip\r\n\r\n"
Jul 09 04:56:41 localhost.localdomain snapd[2418]: 2018/07/09 04:56:41.134433 logger.go:76: DEBUG: < "HTTP/1.1 200 OK\r\nContent-Length: 96361\r\nAge: 2690\r\nCache-Control: public, max-age=3600\r\nContent-Type: application/hal+json\r\nDate: Mon, 09 Jul 2018 04:11:53 GMT\r\nServer: gunicorn/19.7.1\r\nSnap-Store-Version: 5\r\nVary: X-Ubuntu-Store, X-Ubuntu-Series, X-Ubuntu-Architecture\r\nVia: 1.1 juju-7794b8-prod-ols-snap-store-indep-397 (squid/3.5.23)\r\nX-Cache: HIT from juju-7794b8-prod-ols-snap-store-indep-397\r\nX-Cache-Lookup: HIT from juju-7794b8-prod-ols-snap-store-indep-397:3128\r\nX-Request-Id: 54C7556F86450A325DCF01BB5B42E08656F796A\r\nX-Vcs-Revision: 1179d26\r\nX-View-Name: snapdevicegw.webapi_search.snap_names\r\n\r\n"
Jul 09 04:56:41 localhost.localdomain snapd[2418]: 2018/07/09 04:56:41.791152 retry.go:52: DEBUG: The retry loop for https://api.snapcraft.io/api/v1/snaps/names?confinement=strict finished after 1 retries, elapsed time=1.84564442s, status: 200
Jul 09 04:56:41 localhost.localdomain snapd[2418]: 2018/07/09 04:56:41.840445 taskrunner.go:403: DEBUG: Running task 132 on Do: Ensure prerequisites for "test-snapd-broadcom-asic-control" are available
Jul 09 04:56:42 localhost.localdomain snapd[2418]: 2018/07/09 04:56:42.078443 taskrunner.go:403: DEBUG: Running task 133 on Do: Prepare snap "/tmp/snapd-sideload-pkg-510513867" (unset)
Jul 09 04:56:42 localhost.localdomain snapd[2418]: 2018/07/09 04:56:42.272130 taskrunner.go:403: DEBUG: Running task 134 on Do: Mount snap "test-snapd-broadcom-asic-control" (unset)
Jul 09 04:56:47 localhost.localdomain snapd[2418]: 2018/07/09 04:56:47.335332 taskrunner.go:403: DEBUG: Running task 135 on Do: Copy snap "test-snapd-broadcom-asic-control" data
Jul 09 04:56:47 localhost.localdomain snapd[2418]: 2018/07/09 04:56:47.467681 taskrunner.go:403: DEBUG: Running task 136 on Do: Setup snap "test-snapd-broadcom-asic-control" (unset) security profiles
Jul 09 04:56:48 localhost.localdomain snapd[2418]: 2018/07/09 04:56:48.933375 taskrunner.go:403: DEBUG: Running task 137 on Do: Make snap "test-snapd-broadcom-asic-control" (unset) available to the system
Jul 09 04:56:49 localhost.localdomain snapd[2418]: 2018/07/09 04:56:49.104000 taskrunner.go:403: DEBUG: Running task 138 on Do: Automatically connect eligible plugs and slots of snap "test-snapd-broadcom-asic-control"
Jul 09 04:56:49 localhost.localdomain snapd[2418]: 2018/07/09 04:56:49.244517 taskrunner.go:403: DEBUG: Running task 139 on Do: Set automatic aliases for snap "test-snapd-broadcom-asic-control"
Jul 09 04:56:49 localhost.localdomain snapd[2418]: 2018/07/09 04:56:49.438650 taskrunner.go:403: DEBUG: Running task 140 on Do: Setup snap "test-snapd-broadcom-asic-control" aliases
Jul 09 04:56:49 localhost.localdomain snapd[2418]: 2018/07/09 04:56:49.619723 taskrunner.go:403: DEBUG: Running task 141 on Do: Run install hook of "test-snapd-broadcom-asic-control" snap if present
Jul 09 04:56:49 localhost.localdomain snapd[2418]: 2018/07/09 04:56:49.771448 taskrunner.go:403: DEBUG: Running task 142 on Do: Start snap "test-snapd-broadcom-asic-control" (unset) services
Jul 09 04:56:49 localhost.localdomain snapd[2418]: 2018/07/09 04:56:49.903691 taskrunner.go:403: DEBUG: Running task 143 on Do: Run configure hook of "test-snapd-broadcom-asic-control" snap if present
Jul 09 04:56:50 localhost.localdomain snapd[2418]: 2018/07/09 04:56:50.099159 daemon.go:272: DEBUG: pid=2472;uid=0;socket=/run/snapd.socket;@ GET /v2/snaps?snaps=test-snapd-broadcom-asic-control 5.814139ms 200
Jul 09 04:56:50 localhost.localdomain snapd[2418]: 2018/07/09 04:56:50.440873 daemon.go:272: DEBUG: pid=2650;uid=0;socket=/run/snapd.socket;@ POST /v2/interfaces 81.40274ms 202
Jul 09 04:56:50 localhost.localdomain snapd[2418]: 2018/07/09 04:56:50.442087 taskrunner.go:403: DEBUG: Running task 145 on Do: Run hook prepare-plug-broadcom-asic-control of snap "test-snapd-broadcom-asic-control"
Jul 09 04:56:50 localhost.localdomain snapd[2418]: 2018/07/09 04:56:50.772694 taskrunner.go:403: DEBUG: Running task 146 on Do: Run hook prepare-slot-broadcom-asic-control of snap "core"
Jul 09 04:56:50 localhost.localdomain snapd[2418]: 2018/07/09 04:56:50.927761 taskrunner.go:403: DEBUG: Running task 144 on Do: Connect test-snapd-broadcom-asic-control:broadcom-asic-control to core:broadcom-asic-control
Jul 09 04:57:05 localhost.localdomain snapd[2418]: 2018/07/09 04:57:05.144597 taskrunner.go:403: DEBUG: Running task 147 on Do: Run hook connect-slot-broadcom-asic-control of snap "core"
Jul 09 04:57:05 localhost.localdomain snapd[2418]: 2018/07/09 04:57:05.292187 taskrunner.go:403: DEBUG: Running task 148 on Do: Run hook connect-plug-broadcom-asic-control of snap "test-snapd-broadcom-asic-control"
Jul 09 04:57:07 localhost.localdomain snapd[2418]: 2018/07/09 04:57:07.060044 daemon.go:272: DEBUG: pid=2787;uid=0;socket=/run/snapd.socket;@ GET /v2/system-info 3.959596ms 200
Jul 09 04:57:07 localhost.localdomain snapd[2418]: 2018/07/09 04:57:07.236633 daemon.go:272: DEBUG: pid=2793;uid=0;socket=/run/snapd.socket;@ POST /v2/interfaces 80.142874ms 202
Jul 09 04:57:07 localhost.localdomain snapd[2418]: 2018/07/09 04:57:07.308704 taskrunner.go:403: DEBUG: Running task 149 on Do: Disconnect test-snapd-broadcom-asic-control:broadcom-asic-control from core:broadcom-asic-control
Jul 09 04:57:08 localhost.localdomain snapd[2418]: 2018/07/09 04:57:08.476560 cmd.go:133: DEBUG: exe doesn't have snap mount dir prefix: "/usr/lib/snapd/snapd" vs "/snap"
Jul 09 04:57:21 localhost.localdomain snapd[2418]: 2018/07/09 04:57:21.551190 daemon.go:272: DEBUG: pid=2893;uid=0;socket=/run/snapd.socket;@ GET /v2/snaps 21.313689ms 200
Jul 09 04:57:21 localhost.localdomain snapd[2418]: 2018/07/09 04:57:21.678239 daemon.go:272: DEBUG: pid=2902;uid=0;socket=/run/snapd.socket;@ GET /v2/snaps 21.145452ms 200
Jul 09 04:57:21 localhost.localdomain snapd[2418]: 2018/07/09 04:57:21.785547 daemon.go:272: DEBUG: pid=2911;uid=0;socket=/run/snapd.socket;@ GET /v2/assertions/model 1.964361ms 200
Jul 09 04:57:21 localhost.localdomain snapd[2418]: 2018/07/09 04:57:21.947813 daemon.go:272: DEBUG: pid=2920;uid=0;socket=/run/snapd.socket;@ POST /v2/snaps/manifest.yaml 1.45887ms 400
Jul 09 04:57:22 localhost.localdomain snapd[2418]: 2018/07/09 04:57:22.102223 daemon.go:272: DEBUG: pid=2929;uid=0;socket=/run/snapd.socket;@ POST /v2/snaps/snapcraft.yaml 1.176408ms 400
Jul 09 04:57:22 localhost.localdomain snapd[2418]: 2018/07/09 04:57:22.353526 daemon.go:272: DEBUG: pid=2938;uid=0;socket=/run/snapd.socket;@ POST /v2/snaps/test-snapd-broadcom-asic-control 96.893365ms 202
Jul 09 04:57:22 localhost.localdomain snapd[2418]: 2018/07/09 04:57:22.363743 taskrunner.go:403: DEBUG: Running task 151 on Do: Stop snap "test-snapd-broadcom-asic-control" services
Jul 09 04:57:22 localhost.localdomain snapd[2418]: 2018/07/09 04:57:22.568985 taskrunner.go:403: DEBUG: Running task 150 on Do: Run remove hook of "test-snapd-broadcom-asic-control" snap if present
Jul 09 04:57:22 localhost.localdomain snapd[2418]: 2018/07/09 04:57:22.720131 taskrunner.go:403: DEBUG: Running task 152 on Do: Remove aliases for snap "test-snapd-broadcom-asic-control"
Jul 09 04:57:22 localhost.localdomain snapd[2418]: 2018/07/09 04:57:22.975607 taskrunner.go:403: DEBUG: Running task 153 on Do: Make snap "test-snapd-broadcom-asic-control" unavailable to the system
Jul 09 04:57:23 localhost.localdomain snapd[2418]: 2018/07/09 04:57:23.194642 taskrunner.go:403: DEBUG: Running task 154 on Do: Remove security profile for snap "test-snapd-broadcom-asic-control" (x1)
Jul 09 04:57:23 localhost.localdomain snapd[2418]: 2018/07/09 04:57:23.368051 taskrunner.go:403: DEBUG: Running task 155 on Do: Remove data for snap "test-snapd-broadcom-asic-control" (x1)
Jul 09 04:57:23 localhost.localdomain snapd[2418]: 2018/07/09 04:57:23.531150 taskrunner.go:403: DEBUG: Running task 156 on Do: Remove snap "test-snapd-broadcom-asic-control" (x1) from the system
Jul 09 04:57:49 localhost.localdomain snapd[2418]: 2018/07/09 04:57:49.104850 task.go:303: DEBUG: 2018-07-09T04:57:49Z ERROR cannot remove snap file "test-snapd-broadcom-asic-control", will retry in 3 mins: [--root / disable snap-test\x2dsnapd\x2dbroadcom\x2dasic\x2dcontrol-x1.mount] failed with exit status 1: Removed symlink /etc/systemd/system/multi-user.target.wants/snap-test\x2dsnapd\x2dbroadcom\x2dasic\x2dcontrol-x1.mount.
Jul 09 04:57:49 localhost.localdomain snapd[2418]: Failed to execute operation: Connection timed out
Jul 09 05:00:49 localhost.localdomain snapd[2418]: 2018/07/09 05:00:49.190144 taskrunner.go:403: DEBUG: Running task 156 on Doing: Remove snap "test-snapd-broadcom-asic-control" (x1) from the system
Jul 09 05:01:14 localhost.localdomain snapd[2418]: 2018/07/09 05:01:14.298324 task.go:303: DEBUG: 2018-07-09T05:01:14Z ERROR cannot remove snap file "test-snapd-broadcom-asic-control", will retry in 3 mins: [--root / disable snap-test\x2dsnapd\x2dbroadcom\x2dasic\x2dcontrol-x1.mount] failed with exit status 1: Failed to execute operation: Connection timed out
Jul 09 05:04:14 localhost.localdomain snapd[2418]: 2018/07/09 05:04:14.388290 taskrunner.go:403: DEBUG: Running task 156 on Doing: Remove snap "test-snapd-broadcom-asic-control" (x1) from the system
Jul 09 05:04:39 localhost.localdomain snapd[2418]: 2018/07/09 05:04:39.509807 task.go:303: DEBUG: 2018-07-09T05:04:39Z ERROR cannot remove snap file "test-snapd-broadcom-asic-control", will retry in 3 mins: [--root / disable snap-test\x2dsnapd\x2dbroadcom\x2dasic\x2dcontrol-x1.mount] failed with exit status 1: Failed to execute operation: Connection timed out
Jul 09 05:07:39 localhost.localdomain snapd[2418]: 2018/07/09 05:07:39.598827 taskrunner.go:403: DEBUG: Running task 156 on Doing: Remove snap "test-snapd-broadcom-asic-control" (x1) from the system
Jul 09 05:08:04 localhost.localdomain snapd[2418]: 2018/07/09 05:08:04.728196 task.go:303: DEBUG: 2018-07-09T05:08:04Z ERROR cannot remove snap file "test-snapd-broadcom-asic-control", will retry in 3 mins: [--root / disable snap-test\x2dsnapd\x2dbroadcom\x2dasic\x2dcontrol-x1.mount] failed with exit status 1: Failed to execute operation: Connection timed out
Jul 09 05:11:04 localhost.localdomain snapd[2418]: 2018/07/09 05:11:04.821286 taskrunner.go:403: DEBUG: Running task 156 on Doing: Remove snap "test-snapd-broadcom-asic-control" (x1) from the system
Jul 09 05:11:29 localhost.localdomain snapd[2418]: 2018/07/09 05:11:29.941722 task.go:303: DEBUG: 2018-07-09T05:11:29Z ERROR cannot remove snap file "test-snapd-broadcom-asic-control", will retry in 3 mins: [--root / disable snap-test\x2dsnapd\x2dbroadcom\x2dasic\x2dcontrol-x1.mount] failed with exit status 1: Failed to execute operation: Connection timed out
Jul 09 05:14:30 localhost.localdomain snapd[2418]: 2018/07/09 05:14:30.032873 taskrunner.go:403: DEBUG: Running task 156 on Doing: Remove snap "test-snapd-broadcom-asic-control" (x1) from the system
Jul 09 05:14:55 localhost.localdomain snapd[2418]: 2018/07/09 05:14:55.130352 task.go:303: DEBUG: 2018-07-09T05:14:55Z ERROR cannot remove snap file "test-snapd-broadcom-asic-control", will retry in 3 mins: [--root / disable snap-test\x2dsnapd\x2dbroadcom\x2dasic\x2dcontrol-x1.mount] failed with exit status 1: Failed to execute operation: Connection timed out
Jul 09 05:17:20 localhost.localdomain snapd[2418]: 2018/07/09 05:17:20.262125 snapmgr.go:232: cannot read snap info of snap "test-snapd-broadcom-asic-control" at revision x1: cannot find installed snap "test-snapd-broadcom-asic-control" at revision x1: missing file /snap/test-snapd-broadcom-asic-control/x1/meta/snap.yaml
Jul 09 05:17:20 localhost.localdomain snapd[2418]: 2018/07/09 05:17:20.269567 daemon.go:272: DEBUG: pid=3007;uid=0;socket=/run/snapd.socket;@ GET /v2/snaps 21.544169ms 200
Jul 09 05:17:20 localhost.localdomain snapd[2418]: 2018/07/09 05:17:20.386714 daemon.go:272: DEBUG: pid=3013;uid=0;socket=/run/snapd.socket;@ GET /v2/changes?select=all 19.438117ms 200
+ echo '# apparmor denials '
# apparmor denials 
+ dmesg --ctime
+ grep DENIED
+ true
+ echo '# seccomp denials (kills) '
# seccomp denials (kills) 
+ dmesg --ctime
+ grep type=1326
+ true
+ echo '# snap interfaces'
# snap interfaces
+ snap interfaces
Slot                      Plug
cm3:bcm-gpio-0            -
cm3:bcm-gpio-1            -
cm3:bcm-gpio-10           -
cm3:bcm-gpio-11           -
cm3:bcm-gpio-12           -
cm3:bcm-gpio-13           -
cm3:bcm-gpio-14           -
cm3:bcm-gpio-15           -
cm3:bcm-gpio-16           -
cm3:bcm-gpio-17           -
cm3:bcm-gpio-18           -
cm3:bcm-gpio-19           -
cm3:bcm-gpio-2            -
cm3:bcm-gpio-20           -
cm3:bcm-gpio-21           -
cm3:bcm-gpio-22           -
cm3:bcm-gpio-23           -
cm3:bcm-gpio-24           -
cm3:bcm-gpio-25           -
cm3:bcm-gpio-26           -
cm3:bcm-gpio-27           -
cm3:bcm-gpio-3            -
cm3:bcm-gpio-4            -
cm3:bcm-gpio-5            -
cm3:bcm-gpio-6            -
cm3:bcm-gpio-7            -
cm3:bcm-gpio-8            -
cm3:bcm-gpio-9            -
cm3:bt-serial             -
cm3:i2c-0                 -
cm3:i2c-1                 -
cm3:i2c-2                 -
:account-control          -
:alsa                     -
:autopilot-introspection  -
:bluetooth-control        -
:broadcom-asic-control    -
:browser-support          -
:camera                   -
:classic-support          -
:core-support             -
:daemon-notify            -
:dcdbas-control           -
:docker-support           -
:dvb                      -
:firewall-control         -
:framebuffer              -
:fuse-support             -
:gpg-keys                 -
:gpg-public-keys          -
:gpio-memory-control      -
:greengrass-support       -
:hardware-observe         -
:hardware-random-control  -
:hardware-random-observe  -
:home                     -
:hostname-control         -
:io-ports-control         -
:joystick                 -
:kernel-module-control    -
:kubernetes-support       -
:kvm                      -
:log-observe              -
:lxd-support              -
:mount-observe            -
:netlink-audit            -
:netlink-connector        -
:network                  -
:network-bind             -
:network-control          -
:network-observe          -
:network-setup-control    -
:network-setup-observe    -
:opengl                   -
:openvswitch-support      -
:physical-memory-control  -
:physical-memory-observe  -
:ppp                      -
:process-control          -
:raw-usb                  -
:removable-media          -
:shutdown                 -
:snapd-control            -
:ssh-keys                 -
:ssh-public-keys          -
:system-observe           -
:system-trace             -
:time-control             -
:timeserver-control       -
:timezone-control         -
:tpm                      -
:uhid                     -
+ echo '# tasks executed on system'
# tasks executed on system
+ cat /home/gopath/src/github.com/snapcore/snapd/tests/runtime-state/runs
external:ubuntu-core-16-arm-32:tests/main/lxd external:ubuntu-core-16-arm-32:tests/main/interfaces-broadcom-asic-control external:ubuntu-core-16-arm-32:tests/main/failover:rclocalcrash
-----
.
2018-07-09 05:16:21 Restoring external:ubuntu-core-16-arm-32:tests/main/failover:rclocalcrash...
2018-07-09 05:16:21 Preparing external:ubuntu-core-16-arm-32:tests/main/ubuntu-core-reboot...
2018-07-09 05:17:12 Error preparing external:ubuntu-core-16-arm-32:tests/main/ubuntu-core-reboot : 
-----
+ /home/gopath/src/github.com/snapcore/snapd/tests/lib/prepare-restore.sh --prepare-project-each
+ set -e
+ set -o pipefail
+ . /home/gopath/src/github.com/snapcore/snapd/tests/lib/quiet.sh
+ . /home/gopath/src/github.com/snapcore/snapd/tests/lib/boot.sh
++ GRUB_EDITENV=grub-editenv
++ case "$SPREAD_SYSTEM" in
+ . /home/gopath/src/github.com/snapcore/snapd/tests/lib/dirs.sh
++ export SNAP_MOUNT_DIR=/snap
++ SNAP_MOUNT_DIR=/snap
++ export LIBEXECDIR=/usr/lib
++ LIBEXECDIR=/usr/lib
++ export MEDIA_DIR=/media
++ MEDIA_DIR=/media
++ case "$SPREAD_SYSTEM" in
+ . /home/gopath/src/github.com/snapcore/snapd/tests/lib/pkgdb.sh
++ . /home/gopath/src/github.com/snapcore/snapd/tests/lib/quiet.sh
+ . /home/gopath/src/github.com/snapcore/snapd/tests/lib/random.sh
+ . /home/gopath/src/github.com/snapcore/snapd/tests/lib/spread-funcs.sh
+ . /home/gopath/src/github.com/snapcore/snapd/tests/lib/journalctl.sh
++ . /home/gopath/src/github.com/snapcore/snapd/tests/lib/state.sh
+++ SNAPD_STATE_PATH=/home/gopath/src/github.com/snapcore/snapd/tests/snapd-state
+++ SNAPD_STATE_FILE=/home/gopath/src/github.com/snapcore/snapd/tests/snapd-state/snapd-state.tar
+++ RUNTIME_STATE_PATH=/home/gopath/src/github.com/snapcore/snapd/tests/runtime-state
+++ SNAPD_ACTIVE_UNITS=/home/gopath/src/github.com/snapcore/snapd/tests/runtime-state/snapd-active-units
+++ . /home/gopath/src/github.com/snapcore/snapd/tests/lib/dirs.sh
++++ export SNAP_MOUNT_DIR=/snap
++++ SNAP_MOUNT_DIR=/snap
++++ export LIBEXECDIR=/usr/lib
++++ LIBEXECDIR=/usr/lib
++++ export MEDIA_DIR=/media
++++ MEDIA_DIR=/media
++++ case "$SPREAD_SYSTEM" in
+++ . /home/gopath/src/github.com/snapcore/snapd/tests/lib/boot.sh
++++ GRUB_EDITENV=grub-editenv
++++ case "$SPREAD_SYSTEM" in
+++ . /home/gopath/src/github.com/snapcore/snapd/tests/lib/systemd.sh
+++ . /home/gopath/src/github.com/snapcore/snapd/tests/lib/systems.sh
++ JOURNALCTL_CURSOR_FILE=/home/gopath/src/github.com/snapcore/snapd/tests/runtime-state/journalctl_cursor
+ . /home/gopath/src/github.com/snapcore/snapd/tests/lib/state.sh
++ SNAPD_STATE_PATH=/home/gopath/src/github.com/snapcore/snapd/tests/snapd-state
++ SNAPD_STATE_FILE=/home/gopath/src/github.com/snapcore/snapd/tests/snapd-state/snapd-state.tar
++ RUNTIME_STATE_PATH=/home/gopath/src/github.com/snapcore/snapd/tests/runtime-state
++ SNAPD_ACTIVE_UNITS=/home/gopath/src/github.com/snapcore/snapd/tests/runtime-state/snapd-active-units
++ . /home/gopath/src/github.com/snapcore/snapd/tests/lib/dirs.sh
+++ export SNAP_MOUNT_DIR=/snap
+++ SNAP_MOUNT_DIR=/snap
+++ export LIBEXECDIR=/usr/lib
+++ LIBEXECDIR=/usr/lib
+++ export MEDIA_DIR=/media
+++ MEDIA_DIR=/media
+++ case "$SPREAD_SYSTEM" in
++ . /home/gopath/src/github.com/snapcore/snapd/tests/lib/boot.sh
+++ GRUB_EDITENV=grub-editenv
+++ case "$SPREAD_SYSTEM" in
++ . /home/gopath/src/github.com/snapcore/snapd/tests/lib/systemd.sh
++ . /home/gopath/src/github.com/snapcore/snapd/tests/lib/systems.sh
+ . /home/gopath/src/github.com/snapcore/snapd/tests/lib/systems.sh
+ case "$1" in
+ prepare_project_each
+ dmesg -c
+ fixup_dev_random
+ mv /dev/random /dev/random.orig
+ mknod /dev/random c 1 9
+ kill_gpg_agent
+ pkill -9 -e gpg-agent
+ true
+ /home/gopath/src/github.com/snapcore/snapd/tests/lib/prepare-restore.sh --prepare-suite-each
+ set -e
+ set -o pipefail
+ . /home/gopath/src/github.com/snapcore/snapd/tests/lib/quiet.sh
+ . /home/gopath/src/github.com/snapcore/snapd/tests/lib/boot.sh
++ GRUB_EDITENV=grub-editenv
++ case "$SPREAD_SYSTEM" in
+ . /home/gopath/src/github.com/snapcore/snapd/tests/lib/dirs.sh
++ export SNAP_MOUNT_DIR=/snap
++ SNAP_MOUNT_DIR=/snap
++ export LIBEXECDIR=/usr/lib
++ LIBEXECDIR=/usr/lib
++ export MEDIA_DIR=/media
++ MEDIA_DIR=/media
++ case "$SPREAD_SYSTEM" in
+ . /home/gopath/src/github.com/snapcore/snapd/tests/lib/pkgdb.sh
++ . /home/gopath/src/github.com/snapcore/snapd/tests/lib/quiet.sh
+ . /home/gopath/src/github.com/snapcore/snapd/tests/lib/random.sh
+ . /home/gopath/src/github.com/snapcore/snapd/tests/lib/spread-funcs.sh
+ . /home/gopath/src/github.com/snapcore/snapd/tests/lib/journalctl.sh
++ . /home/gopath/src/github.com/snapcore/snapd/tests/lib/state.sh
+++ SNAPD_STATE_PATH=/home/gopath/src/github.com/snapcore/snapd/tests/snapd-state
+++ SNAPD_STATE_FILE=/home/gopath/src/github.com/snapcore/snapd/tests/snapd-state/snapd-state.tar
+++ RUNTIME_STATE_PATH=/home/gopath/src/github.com/snapcore/snapd/tests/runtime-state
+++ SNAPD_ACTIVE_UNITS=/home/gopath/src/github.com/snapcore/snapd/tests/runtime-state/snapd-active-units
+++ . /home/gopath/src/github.com/snapcore/snapd/tests/lib/dirs.sh
++++ export SNAP_MOUNT_DIR=/snap
++++ SNAP_MOUNT_DIR=/snap
++++ export LIBEXECDIR=/usr/lib
++++ LIBEXECDIR=/usr/lib
++++ export MEDIA_DIR=/media
++++ MEDIA_DIR=/media
++++ case "$SPREAD_SYSTEM" in
+++ . /home/gopath/src/github.com/snapcore/snapd/tests/lib/boot.sh
++++ GRUB_EDITENV=grub-editenv
++++ case "$SPREAD_SYSTEM" in
+++ . /home/gopath/src/github.com/snapcore/snapd/tests/lib/systemd.sh
+++ . /home/gopath/src/github.com/snapcore/snapd/tests/lib/systems.sh
++ JOURNALCTL_CURSOR_FILE=/home/gopath/src/github.com/snapcore/snapd/tests/runtime-state/journalctl_cursor
+ . /home/gopath/src/github.com/snapcore/snapd/tests/lib/state.sh
++ SNAPD_STATE_PATH=/home/gopath/src/github.com/snapcore/snapd/tests/snapd-state
++ SNAPD_STATE_FILE=/home/gopath/src/github.com/snapcore/snapd/tests/snapd-state/snapd-state.tar
++ RUNTIME_STATE_PATH=/home/gopath/src/github.com/snapcore/snapd/tests/runtime-state
++ SNAPD_ACTIVE_UNITS=/home/gopath/src/github.com/snapcore/snapd/tests/runtime-state/snapd-active-units
++ . /home/gopath/src/github.com/snapcore/snapd/tests/lib/dirs.sh
+++ export SNAP_MOUNT_DIR=/snap
+++ SNAP_MOUNT_DIR=/snap
+++ export LIBEXECDIR=/usr/lib
+++ LIBEXECDIR=/usr/lib
+++ export MEDIA_DIR=/media
+++ MEDIA_DIR=/media
+++ case "$SPREAD_SYSTEM" in
++ . /home/gopath/src/github.com/snapcore/snapd/tests/lib/boot.sh
+++ GRUB_EDITENV=grub-editenv
+++ case "$SPREAD_SYSTEM" in
++ . /home/gopath/src/github.com/snapcore/snapd/tests/lib/systemd.sh
++ . /home/gopath/src/github.com/snapcore/snapd/tests/lib/systems.sh
+ . /home/gopath/src/github.com/snapcore/snapd/tests/lib/systems.sh
+ case "$1" in
+ prepare_suite_each
+ echo -n 'external:ubuntu-core-16-arm-32:tests/main/ubuntu-core-reboot '
+ /home/gopath/src/github.com/snapcore/snapd/tests/lib/reset.sh --reuse-core
+ . /home/gopath/src/github.com/snapcore/snapd/tests/lib/dirs.sh
++ export SNAP_MOUNT_DIR=/snap
++ SNAP_MOUNT_DIR=/snap
++ export LIBEXECDIR=/usr/lib
++ LIBEXECDIR=/usr/lib
++ export MEDIA_DIR=/media
++ MEDIA_DIR=/media
++ case "$SPREAD_SYSTEM" in
+ . /home/gopath/src/github.com/snapcore/snapd/tests/lib/state.sh
++ SNAPD_STATE_PATH=/home/gopath/src/github.com/snapcore/snapd/tests/snapd-state
++ SNAPD_STATE_FILE=/home/gopath/src/github.com/snapcore/snapd/tests/snapd-state/snapd-state.tar
++ RUNTIME_STATE_PATH=/home/gopath/src/github.com/snapcore/snapd/tests/runtime-state
++ SNAPD_ACTIVE_UNITS=/home/gopath/src/github.com/snapcore/snapd/tests/runtime-state/snapd-active-units
++ . /home/gopath/src/github.com/snapcore/snapd/tests/lib/dirs.sh
+++ export SNAP_MOUNT_DIR=/snap
+++ SNAP_MOUNT_DIR=/snap
+++ export LIBEXECDIR=/usr/lib
+++ LIBEXECDIR=/usr/lib
+++ export MEDIA_DIR=/media
+++ MEDIA_DIR=/media
+++ case "$SPREAD_SYSTEM" in
++ . /home/gopath/src/github.com/snapcore/snapd/tests/lib/boot.sh
+++ GRUB_EDITENV=grub-editenv
+++ case "$SPREAD_SYSTEM" in
++ . /home/gopath/src/github.com/snapcore/snapd/tests/lib/systemd.sh
++ . /home/gopath/src/github.com/snapcore/snapd/tests/lib/systems.sh
+ . /home/gopath/src/github.com/snapcore/snapd/tests/lib/systemd.sh
+ . /home/gopath/src/github.com/snapcore/snapd/tests/lib/systems.sh
+ is_core_system
+ [[ ubuntu-core-16-arm-32 == ubuntu-core-* ]]
+ return 0
+ reset_all_snap --reuse-core
+ . /home/gopath/src/github.com/snapcore/snapd/tests/lib/names.sh
+++ snap list
+++ grep 'gadget$'
+++ awk '{ print $1 }'
++ gadget_name=cm3
+++ snap list
+++ grep 'kernel$'
+++ awk '{ print $1 }'
++ kernel_name=pi2-kernel
+++ snap known model
+++ awk '/^base: / { print $2 }'
++ core_name=
++ '[' -z '' ']'
++ core_name=core
+ for snap in '"$SNAP_MOUNT_DIR"/*'
+ snap=README
+ case "$snap" in
+ for snap in '"$SNAP_MOUNT_DIR"/*'
+ snap=bin
+ case "$snap" in
+ for snap in '"$SNAP_MOUNT_DIR"/*'
+ snap=cm3
+ case "$snap" in
+ for snap in '"$SNAP_MOUNT_DIR"/*'
+ snap=core
+ case "$snap" in
+ for snap in '"$SNAP_MOUNT_DIR"/*'
+ snap=manifest.yaml
+ case "$snap" in
+ systemctl status snapd.service snapd.socket
Failed to get properties: Connection timed out
+ systemctl start snapd.service snapd.socket
Failed to start snapd.service: Connection timed out
See system logs and 'systemctl status snapd.service' for details.
Failed to start snapd.socket: Connection timed out
See system logs and 'systemctl status snapd.socket' for details.
-----
.
2018-07-09 05:17:13 Debug output for external:ubuntu-core-16-arm-32:tests/main/ubuntu-core-reboot : 
-----
+ '[' 1 = 1 ']'
+ . /home/gopath/src/github.com/snapcore/snapd/tests/lib/journalctl.sh
++ . /home/gopath/src/github.com/snapcore/snapd/tests/lib/state.sh
+++ SNAPD_STATE_PATH=/home/gopath/src/github.com/snapcore/snapd/tests/snapd-state
+++ SNAPD_STATE_FILE=/home/gopath/src/github.com/snapcore/snapd/tests/snapd-state/snapd-state.tar
+++ RUNTIME_STATE_PATH=/home/gopath/src/github.com/snapcore/snapd/tests/runtime-state
+++ SNAPD_ACTIVE_UNITS=/home/gopath/src/github.com/snapcore/snapd/tests/runtime-state/snapd-active-units
+++ . /home/gopath/src/github.com/snapcore/snapd/tests/lib/dirs.sh
++++ export SNAP_MOUNT_DIR=/snap
++++ SNAP_MOUNT_DIR=/snap
++++ export LIBEXECDIR=/usr/lib
++++ LIBEXECDIR=/usr/lib
++++ export MEDIA_DIR=/media
++++ MEDIA_DIR=/media
++++ case "$SPREAD_SYSTEM" in
+++ . /home/gopath/src/github.com/snapcore/snapd/tests/lib/boot.sh
++++ GRUB_EDITENV=grub-editenv
++++ case "$SPREAD_SYSTEM" in
+++ . /home/gopath/src/github.com/snapcore/snapd/tests/lib/systemd.sh
+++ . /home/gopath/src/github.com/snapcore/snapd/tests/lib/systems.sh
++ JOURNALCTL_CURSOR_FILE=/home/gopath/src/github.com/snapcore/snapd/tests/runtime-state/journalctl_cursor
+ . /home/gopath/src/github.com/snapcore/snapd/tests/lib/state.sh
++ SNAPD_STATE_PATH=/home/gopath/src/github.com/snapcore/snapd/tests/snapd-state
++ SNAPD_STATE_FILE=/home/gopath/src/github.com/snapcore/snapd/tests/snapd-state/snapd-state.tar
++ RUNTIME_STATE_PATH=/home/gopath/src/github.com/snapcore/snapd/tests/runtime-state
++ SNAPD_ACTIVE_UNITS=/home/gopath/src/github.com/snapcore/snapd/tests/runtime-state/snapd-active-units
++ . /home/gopath/src/github.com/snapcore/snapd/tests/lib/dirs.sh
+++ export SNAP_MOUNT_DIR=/snap
+++ SNAP_MOUNT_DIR=/snap
+++ export LIBEXECDIR=/usr/lib
+++ LIBEXECDIR=/usr/lib
+++ export MEDIA_DIR=/media
+++ MEDIA_DIR=/media
+++ case "$SPREAD_SYSTEM" in
++ . /home/gopath/src/github.com/snapcore/snapd/tests/lib/boot.sh
+++ GRUB_EDITENV=grub-editenv
+++ case "$SPREAD_SYSTEM" in
++ . /home/gopath/src/github.com/snapcore/snapd/tests/lib/systemd.sh
++ . /home/gopath/src/github.com/snapcore/snapd/tests/lib/systems.sh
+ echo '# journal messages for snapd'
# journal messages for snapd
+ get_journalctl_log -u snapd
++ tail -n1 /home/gopath/src/github.com/snapcore/snapd/tests/runtime-state/journalctl_cursor
+ cursor='s=5f71d830cf4e42f88d77c6d5a9c86329;i=38c;b=a445c689d118425c8326c72917e863c6;m=98b4d1e;t=57089d67b7b24;x=cb2b921e258148cb'
+ get_journalctl_log_from_cursor 's=5f71d830cf4e42f88d77c6d5a9c86329;i=38c;b=a445c689d118425c8326c72917e863c6;m=98b4d1e;t=57089d67b7b24;x=cb2b921e258148cb' -u snapd
+ cursor='s=5f71d830cf4e42f88d77c6d5a9c86329;i=38c;b=a445c689d118425c8326c72917e863c6;m=98b4d1e;t=57089d67b7b24;x=cb2b921e258148cb'
+ shift
+ journalctl -u snapd --cursor 's=5f71d830cf4e42f88d77c6d5a9c86329;i=38c;b=a445c689d118425c8326c72917e863c6;m=98b4d1e;t=57089d67b7b24;x=cb2b921e258148cb'
-- Logs begin at Mon 2018-07-09 04:39:29 UTC, end at Mon 2018-07-09 05:18:19 UTC. --
Jul 09 04:56:38 localhost.localdomain snapd[2418]: 2018/07/09 04:56:38.546550 autorefresh.go:255: DEBUG: Next refresh scheduled for 2018-07-10 12:58:23.843544777 +0000 UTC.
Jul 09 04:56:38 localhost.localdomain snapd[2418]: 2018/07/09 04:56:38.559270 catalogrefresh.go:71: DEBUG: Catalog refresh starting now; next scheduled for 2018-07-10 04:56:38.559148623 +0000 UTC.
Jul 09 04:56:38 localhost.localdomain snapd[2418]: 2018/07/09 04:56:38.559982 retry.go:40: DEBUG: Retrying https://api.snapcraft.io/api/v1/snaps/sections, attempt 1, elapsed time=65.423s
Jul 09 04:56:38 localhost.localdomain snapd[2418]: 2018/07/09 04:56:38.565364 logger.go:69: DEBUG: > "GET /api/v1/snaps/sections HTTP/1.1\r\nHost: api.snapcraft.io\r\nUser-Agent: snapd/2.34 (series 16; testing) ubuntu-core/16 (armhf) linux/4.4.0-1092-raspi2\r\nAccept: application/hal+json\r\nX-Ubuntu-Architecture: armhf\r\nX-Ubuntu-Classic: false\r\nX-Ubuntu-Series: 16\r\nX-Ubuntu-Wire-Protocol: 1\r\nAccept-Encoding: gzip\r\n\r\n"
Jul 09 04:56:38 localhost.localdomain snapd[2418]: 2018/07/09 04:56:38.720414 daemon.go:272: DEBUG: pid=2472;uid=0;socket=/run/snapd.socket;@ POST /v2/snaps 3.182164505s 202
Jul 09 04:56:39 localhost.localdomain snapd[2418]: 2018/07/09 04:56:39.931845 logger.go:76: DEBUG: < "HTTP/1.1 200 OK\r\nContent-Length: 286\r\nAge: 2027\r\nCache-Control: public, max-age=3600\r\nContent-Type: application/hal+json\r\nDate: Mon, 09 Jul 2018 04:22:52 GMT\r\nServer: gunicorn/19.7.1\r\nSnap-Store-Version: 5\r\nVary: X-Ubuntu-Series\r\nVia: 1.1 juju-7794b8-prod-ols-snap-store-indep-397 (squid/3.5.23)\r\nX-Cache: HIT from juju-7794b8-prod-ols-snap-store-indep-397\r\nX-Cache-Lookup: HIT from juju-7794b8-prod-ols-snap-store-indep-397:3128\r\nX-Request-Id: 23C8A2C299AA0A325DCC01BB5B42E31B5698E3C\r\nX-Vcs-Revision: 1179d26\r\nX-View-Name: snapdevicegw.webapi_search.section_listing\r\n\r\n{\"_embedded\": {\"clickindex:sections\": [{\"name\": \"featured\"}, {\"name\": \"games\"}, {\"name\": \"finance\"}, {\"name\": \"developers\"}, {\"name\": \"social-networking\"}, {\"name\": \"video\"}, {\"name\": \"music\"}, {\"name\": \"productivity\"}, {\"name\": \"utilities\"}, {\"name\": \"graphics\"}, {\"name\": \"server\"}]}}"
Jul 09 04:56:39 localhost.localdomain snapd[2418]: 2018/07/09 04:56:39.932966 retry.go:52: DEBUG: The retry loop for https://api.snapcraft.io/api/v1/snaps/sections finished after 1 retries, elapsed time=1.373082585s, status: 200
Jul 09 04:56:39 localhost.localdomain snapd[2418]: 2018/07/09 04:56:39.945563 retry.go:40: DEBUG: Retrying https://api.snapcraft.io/api/v1/snaps/names?confinement=strict, attempt 1, elapsed time=47.504s
Jul 09 04:56:39 localhost.localdomain snapd[2418]: 2018/07/09 04:56:39.948860 logger.go:69: DEBUG: > "GET /api/v1/snaps/names?confinement=strict HTTP/1.1\r\nHost: api.snapcraft.io\r\nUser-Agent: snapd/2.34 (series 16; testing) ubuntu-core/16 (armhf) linux/4.4.0-1092-raspi2\r\nAccept: application/hal+json\r\nX-Ubuntu-Architecture: armhf\r\nX-Ubuntu-Classic: false\r\nX-Ubuntu-Series: 16\r\nX-Ubuntu-Wire-Protocol: 1\r\nAccept-Encoding: gzip\r\n\r\n"
Jul 09 04:56:41 localhost.localdomain snapd[2418]: 2018/07/09 04:56:41.134433 logger.go:76: DEBUG: < "HTTP/1.1 200 OK\r\nContent-Length: 96361\r\nAge: 2690\r\nCache-Control: public, max-age=3600\r\nContent-Type: application/hal+json\r\nDate: Mon, 09 Jul 2018 04:11:53 GMT\r\nServer: gunicorn/19.7.1\r\nSnap-Store-Version: 5\r\nVary: X-Ubuntu-Store, X-Ubuntu-Series, X-Ubuntu-Architecture\r\nVia: 1.1 juju-7794b8-prod-ols-snap-store-indep-397 (squid/3.5.23)\r\nX-Cache: HIT from juju-7794b8-prod-ols-snap-store-indep-397\r\nX-Cache-Lookup: HIT from juju-7794b8-prod-ols-snap-store-indep-397:3128\r\nX-Request-Id: 54C7556F86450A325DCF01BB5B42E08656F796A\r\nX-Vcs-Revision: 1179d26\r\nX-View-Name: snapdevicegw.webapi_search.snap_names\r\n\r\n"
Jul 09 04:56:41 localhost.localdomain snapd[2418]: 2018/07/09 04:56:41.791152 retry.go:52: DEBUG: The retry loop for https://api.snapcraft.io/api/v1/snaps/names?confinement=strict finished after 1 retries, elapsed time=1.84564442s, status: 200
Jul 09 04:56:41 localhost.localdomain snapd[2418]: 2018/07/09 04:56:41.840445 taskrunner.go:403: DEBUG: Running task 132 on Do: Ensure prerequisites for "test-snapd-broadcom-asic-control" are available
Jul 09 04:56:42 localhost.localdomain snapd[2418]: 2018/07/09 04:56:42.078443 taskrunner.go:403: DEBUG: Running task 133 on Do: Prepare snap "/tmp/snapd-sideload-pkg-510513867" (unset)
Jul 09 04:56:42 localhost.localdomain snapd[2418]: 2018/07/09 04:56:42.272130 taskrunner.go:403: DEBUG: Running task 134 on Do: Mount snap "test-snapd-broadcom-asic-control" (unset)
Jul 09 04:56:47 localhost.localdomain snapd[2418]: 2018/07/09 04:56:47.335332 taskrunner.go:403: DEBUG: Running task 135 on Do: Copy snap "test-snapd-broadcom-asic-control" data
Jul 09 04:56:47 localhost.localdomain snapd[2418]: 2018/07/09 04:56:47.467681 taskrunner.go:403: DEBUG: Running task 136 on Do: Setup snap "test-snapd-broadcom-asic-control" (unset) security profiles
Jul 09 04:56:48 localhost.localdomain snapd[2418]: 2018/07/09 04:56:48.933375 taskrunner.go:403: DEBUG: Running task 137 on Do: Make snap "test-snapd-broadcom-asic-control" (unset) available to the system
Jul 09 04:56:49 localhost.localdomain snapd[2418]: 2018/07/09 04:56:49.104000 taskrunner.go:403: DEBUG: Running task 138 on Do: Automatically connect eligible plugs and slots of snap "test-snapd-broadcom-asic-control"
Jul 09 04:56:49 localhost.localdomain snapd[2418]: 2018/07/09 04:56:49.244517 taskrunner.go:403: DEBUG: Running task 139 on Do: Set automatic aliases for snap "test-snapd-broadcom-asic-control"
Jul 09 04:56:49 localhost.localdomain snapd[2418]: 2018/07/09 04:56:49.438650 taskrunner.go:403: DEBUG: Running task 140 on Do: Setup snap "test-snapd-broadcom-asic-control" aliases
Jul 09 04:56:49 localhost.localdomain snapd[2418]: 2018/07/09 04:56:49.619723 taskrunner.go:403: DEBUG: Running task 141 on Do: Run install hook of "test-snapd-broadcom-asic-control" snap if present
Jul 09 04:56:49 localhost.localdomain snapd[2418]: 2018/07/09 04:56:49.771448 taskrunner.go:403: DEBUG: Running task 142 on Do: Start snap "test-snapd-broadcom-asic-control" (unset) services
Jul 09 04:56:49 localhost.localdomain snapd[2418]: 2018/07/09 04:56:49.903691 taskrunner.go:403: DEBUG: Running task 143 on Do: Run configure hook of "test-snapd-broadcom-asic-control" snap if present
Jul 09 04:56:50 localhost.localdomain snapd[2418]: 2018/07/09 04:56:50.099159 daemon.go:272: DEBUG: pid=2472;uid=0;socket=/run/snapd.socket;@ GET /v2/snaps?snaps=test-snapd-broadcom-asic-control 5.814139ms 200
Jul 09 04:56:50 localhost.localdomain snapd[2418]: 2018/07/09 04:56:50.440873 daemon.go:272: DEBUG: pid=2650;uid=0;socket=/run/snapd.socket;@ POST /v2/interfaces 81.40274ms 202
Jul 09 04:56:50 localhost.localdomain snapd[2418]: 2018/07/09 04:56:50.442087 taskrunner.go:403: DEBUG: Running task 145 on Do: Run hook prepare-plug-broadcom-asic-control of snap "test-snapd-broadcom-asic-control"
Jul 09 04:56:50 localhost.localdomain snapd[2418]: 2018/07/09 04:56:50.772694 taskrunner.go:403: DEBUG: Running task 146 on Do: Run hook prepare-slot-broadcom-asic-control of snap "core"
Jul 09 04:56:50 localhost.localdomain snapd[2418]: 2018/07/09 04:56:50.927761 taskrunner.go:403: DEBUG: Running task 144 on Do: Connect test-snapd-broadcom-asic-control:broadcom-asic-control to core:broadcom-asic-control
Jul 09 04:57:05 localhost.localdomain snapd[2418]: 2018/07/09 04:57:05.144597 taskrunner.go:403: DEBUG: Running task 147 on Do: Run hook connect-slot-broadcom-asic-control of snap "core"
Jul 09 04:57:05 localhost.localdomain snapd[2418]: 2018/07/09 04:57:05.292187 taskrunner.go:403: DEBUG: Running task 148 on Do: Run hook connect-plug-broadcom-asic-control of snap "test-snapd-broadcom-asic-control"
Jul 09 04:57:07 localhost.localdomain snapd[2418]: 2018/07/09 04:57:07.060044 daemon.go:272: DEBUG: pid=2787;uid=0;socket=/run/snapd.socket;@ GET /v2/system-info 3.959596ms 200
Jul 09 04:57:07 localhost.localdomain snapd[2418]: 2018/07/09 04:57:07.236633 daemon.go:272: DEBUG: pid=2793;uid=0;socket=/run/snapd.socket;@ POST /v2/interfaces 80.142874ms 202
Jul 09 04:57:07 localhost.localdomain snapd[2418]: 2018/07/09 04:57:07.308704 taskrunner.go:403: DEBUG: Running task 149 on Do: Disconnect test-snapd-broadcom-asic-control:broadcom-asic-control from core:broadcom-asic-control
Jul 09 04:57:08 localhost.localdomain snapd[2418]: 2018/07/09 04:57:08.476560 cmd.go:133: DEBUG: exe doesn't have snap mount dir prefix: "/usr/lib/snapd/snapd" vs "/snap"
Jul 09 04:57:21 localhost.localdomain snapd[2418]: 2018/07/09 04:57:21.551190 daemon.go:272: DEBUG: pid=2893;uid=0;socket=/run/snapd.socket;@ GET /v2/snaps 21.313689ms 200
Jul 09 04:57:21 localhost.localdomain snapd[2418]: 2018/07/09 04:57:21.678239 daemon.go:272: DEBUG: pid=2902;uid=0;socket=/run/snapd.socket;@ GET /v2/snaps 21.145452ms 200
Jul 09 04:57:21 localhost.localdomain snapd[2418]: 2018/07/09 04:57:21.785547 daemon.go:272: DEBUG: pid=2911;uid=0;socket=/run/snapd.socket;@ GET /v2/assertions/model 1.964361ms 200
Jul 09 04:57:21 localhost.localdomain snapd[2418]: 2018/07/09 04:57:21.947813 daemon.go:272: DEBUG: pid=2920;uid=0;socket=/run/snapd.socket;@ POST /v2/snaps/manifest.yaml 1.45887ms 400
Jul 09 04:57:22 localhost.localdomain snapd[2418]: 2018/07/09 04:57:22.102223 daemon.go:272: DEBUG: pid=2929;uid=0;socket=/run/snapd.socket;@ POST /v2/snaps/snapcraft.yaml 1.176408ms 400
Jul 09 04:57:22 localhost.localdomain snapd[2418]: 2018/07/09 04:57:22.353526 daemon.go:272: DEBUG: pid=2938;uid=0;socket=/run/snapd.socket;@ POST /v2/snaps/test-snapd-broadcom-asic-control 96.893365ms 202
Jul 09 04:57:22 localhost.localdomain snapd[2418]: 2018/07/09 04:57:22.363743 taskrunner.go:403: DEBUG: Running task 151 on Do: Stop snap "test-snapd-broadcom-asic-control" services
Jul 09 04:57:22 localhost.localdomain snapd[2418]: 2018/07/09 04:57:22.568985 taskrunner.go:403: DEBUG: Running task 150 on Do: Run remove hook of "test-snapd-broadcom-asic-control" snap if present
Jul 09 04:57:22 localhost.localdomain snapd[2418]: 2018/07/09 04:57:22.720131 taskrunner.go:403: DEBUG: Running task 152 on Do: Remove aliases for snap "test-snapd-broadcom-asic-control"
Jul 09 04:57:22 localhost.localdomain snapd[2418]: 2018/07/09 04:57:22.975607 taskrunner.go:403: DEBUG: Running task 153 on Do: Make snap "test-snapd-broadcom-asic-control" unavailable to the system
Jul 09 04:57:23 localhost.localdomain snapd[2418]: 2018/07/09 04:57:23.194642 taskrunner.go:403: DEBUG: Running task 154 on Do: Remove security profile for snap "test-snapd-broadcom-asic-control" (x1)
Jul 09 04:57:23 localhost.localdomain snapd[2418]: 2018/07/09 04:57:23.368051 taskrunner.go:403: DEBUG: Running task 155 on Do: Remove data for snap "test-snapd-broadcom-asic-control" (x1)
Jul 09 04:57:23 localhost.localdomain snapd[2418]: 2018/07/09 04:57:23.531150 taskrunner.go:403: DEBUG: Running task 156 on Do: Remove snap "test-snapd-broadcom-asic-control" (x1) from the system
Jul 09 04:57:49 localhost.localdomain snapd[2418]: 2018/07/09 04:57:49.104850 task.go:303: DEBUG: 2018-07-09T04:57:49Z ERROR cannot remove snap file "test-snapd-broadcom-asic-control", will retry in 3 mins: [--root / disable snap-test\x2dsnapd\x2dbroadcom\x2dasic\x2dcontrol-x1.mount] failed with exit status 1: Removed symlink /etc/systemd/system/multi-user.target.wants/snap-test\x2dsnapd\x2dbroadcom\x2dasic\x2dcontrol-x1.mount.
Jul 09 04:57:49 localhost.localdomain snapd[2418]: Failed to execute operation: Connection timed out
Jul 09 05:00:49 localhost.localdomain snapd[2418]: 2018/07/09 05:00:49.190144 taskrunner.go:403: DEBUG: Running task 156 on Doing: Remove snap "test-snapd-broadcom-asic-control" (x1) from the system
Jul 09 05:01:14 localhost.localdomain snapd[2418]: 2018/07/09 05:01:14.298324 task.go:303: DEBUG: 2018-07-09T05:01:14Z ERROR cannot remove snap file "test-snapd-broadcom-asic-control", will retry in 3 mins: [--root / disable snap-test\x2dsnapd\x2dbroadcom\x2dasic\x2dcontrol-x1.mount] failed with exit status 1: Failed to execute operation: Connection timed out
Jul 09 05:04:14 localhost.localdomain snapd[2418]: 2018/07/09 05:04:14.388290 taskrunner.go:403: DEBUG: Running task 156 on Doing: Remove snap "test-snapd-broadcom-asic-control" (x1) from the system
Jul 09 05:04:39 localhost.localdomain snapd[2418]: 2018/07/09 05:04:39.509807 task.go:303: DEBUG: 2018-07-09T05:04:39Z ERROR cannot remove snap file "test-snapd-broadcom-asic-control", will retry in 3 mins: [--root / disable snap-test\x2dsnapd\x2dbroadcom\x2dasic\x2dcontrol-x1.mount] failed with exit status 1: Failed to execute operation: Connection timed out
Jul 09 05:07:39 localhost.localdomain snapd[2418]: 2018/07/09 05:07:39.598827 taskrunner.go:403: DEBUG: Running task 156 on Doing: Remove snap "test-snapd-broadcom-asic-control" (x1) from the system
Jul 09 05:08:04 localhost.localdomain snapd[2418]: 2018/07/09 05:08:04.728196 task.go:303: DEBUG: 2018-07-09T05:08:04Z ERROR cannot remove snap file "test-snapd-broadcom-asic-control", will retry in 3 mins: [--root / disable snap-test\x2dsnapd\x2dbroadcom\x2dasic\x2dcontrol-x1.mount] failed with exit status 1: Failed to execute operation: Connection timed out
Jul 09 05:11:04 localhost.localdomain snapd[2418]: 2018/07/09 05:11:04.821286 taskrunner.go:403: DEBUG: Running task 156 on Doing: Remove snap "test-snapd-broadcom-asic-control" (x1) from the system
Jul 09 05:11:29 localhost.localdomain snapd[2418]: 2018/07/09 05:11:29.941722 task.go:303: DEBUG: 2018-07-09T05:11:29Z ERROR cannot remove snap file "test-snapd-broadcom-asic-control", will retry in 3 mins: [--root / disable snap-test\x2dsnapd\x2dbroadcom\x2dasic\x2dcontrol-x1.mount] failed with exit status 1: Failed to execute operation: Connection timed out
Jul 09 05:14:30 localhost.localdomain snapd[2418]: 2018/07/09 05:14:30.032873 taskrunner.go:403: DEBUG: Running task 156 on Doing: Remove snap "test-snapd-broadcom-asic-control" (x1) from the system
Jul 09 05:14:55 localhost.localdomain snapd[2418]: 2018/07/09 05:14:55.130352 task.go:303: DEBUG: 2018-07-09T05:14:55Z ERROR cannot remove snap file "test-snapd-broadcom-asic-control", will retry in 3 mins: [--root / disable snap-test\x2dsnapd\x2dbroadcom\x2dasic\x2dcontrol-x1.mount] failed with exit status 1: Failed to execute operation: Connection timed out
Jul 09 05:17:20 localhost.localdomain snapd[2418]: 2018/07/09 05:17:20.262125 snapmgr.go:232: cannot read snap info of snap "test-snapd-broadcom-asic-control" at revision x1: cannot find installed snap "test-snapd-broadcom-asic-control" at revision x1: missing file /snap/test-snapd-broadcom-asic-control/x1/meta/snap.yaml
Jul 09 05:17:20 localhost.localdomain snapd[2418]: 2018/07/09 05:17:20.269567 daemon.go:272: DEBUG: pid=3007;uid=0;socket=/run/snapd.socket;@ GET /v2/snaps 21.544169ms 200
Jul 09 05:17:20 localhost.localdomain snapd[2418]: 2018/07/09 05:17:20.386714 daemon.go:272: DEBUG: pid=3013;uid=0;socket=/run/snapd.socket;@ GET /v2/changes?select=all 19.438117ms 200
Jul 09 05:17:27 localhost.localdomain snapd[2418]: 2018/07/09 05:17:27.848152 daemon.go:272: DEBUG: pid=3027;uid=0;socket=/run/snapd.socket;@ GET /v2/interfaces 4.287209ms 200
Jul 09 05:17:28 localhost.localdomain snapd[2418]: 2018/07/09 05:17:28.821678 snapmgr.go:232: cannot read snap info of snap "test-snapd-broadcom-asic-control" at revision x1: cannot find installed snap "test-snapd-broadcom-asic-control" at revision x1: missing file /snap/test-snapd-broadcom-asic-control/x1/meta/snap.yaml
Jul 09 05:17:28 localhost.localdomain snapd[2418]: 2018/07/09 05:17:28.837378 daemon.go:272: DEBUG: pid=3071;uid=0;socket=/run/snapd.socket;@ GET /v2/snaps 21.263493ms 200
Jul 09 05:17:28 localhost.localdomain snapd[2418]: 2018/07/09 05:17:28.947363 snapmgr.go:232: cannot read snap info of snap "test-snapd-broadcom-asic-control" at revision x1: cannot find installed snap "test-snapd-broadcom-asic-control" at revision x1: missing file /snap/test-snapd-broadcom-asic-control/x1/meta/snap.yaml
Jul 09 05:17:28 localhost.localdomain snapd[2418]: 2018/07/09 05:17:28.965587 daemon.go:272: DEBUG: pid=3080;uid=0;socket=/run/snapd.socket;@ GET /v2/snaps 21.878965ms 200
Jul 09 05:17:29 localhost.localdomain snapd[2418]: 2018/07/09 05:17:29.073234 daemon.go:272: DEBUG: pid=3089;uid=0;socket=/run/snapd.socket;@ GET /v2/assertions/model 2.035062ms 200
Jul 09 05:17:55 localhost.localdomain snapd[2418]: 2018/07/09 05:17:55.234919 taskrunner.go:403: DEBUG: Running task 156 on Doing: Remove snap "test-snapd-broadcom-asic-control" (x1) from the system
+ echo '# apparmor denials '
# apparmor denials 
+ dmesg --ctime
+ grep DENIED
+ true
+ echo '# seccomp denials (kills) '
# seccomp denials (kills) 
+ dmesg --ctime
+ grep type=1326
+ true
+ echo '# snap interfaces'
# snap interfaces
+ snap interfaces
Slot                      Plug
cm3:bcm-gpio-0            -
cm3:bcm-gpio-1            -
cm3:bcm-gpio-10           -
cm3:bcm-gpio-11           -
cm3:bcm-gpio-12           -
cm3:bcm-gpio-13           -
cm3:bcm-gpio-14           -
cm3:bcm-gpio-15           -
cm3:bcm-gpio-16           -
cm3:bcm-gpio-17           -
cm3:bcm-gpio-18           -
cm3:bcm-gpio-19           -
cm3:bcm-gpio-2            -
cm3:bcm-gpio-20           -
cm3:bcm-gpio-21           -
cm3:bcm-gpio-22           -
cm3:bcm-gpio-23           -
cm3:bcm-gpio-24           -
cm3:bcm-gpio-25           -
cm3:bcm-gpio-26           -
cm3:bcm-gpio-27           -
cm3:bcm-gpio-3            -
cm3:bcm-gpio-4            -
cm3:bcm-gpio-5            -
cm3:bcm-gpio-6            -
cm3:bcm-gpio-7            -
cm3:bcm-gpio-8            -
cm3:bcm-gpio-9            -
cm3:bt-serial             -
cm3:i2c-0                 -
cm3:i2c-1                 -
cm3:i2c-2                 -
:account-control          -
:alsa                     -
:autopilot-introspection  -
:bluetooth-control        -
:broadcom-asic-control    -
:browser-support          -
:camera                   -
:classic-support          -
:core-support             -
:daemon-notify            -
:dcdbas-control           -
:docker-support           -
:dvb                      -
:firewall-control         -
:framebuffer              -
:fuse-support             -
:gpg-keys                 -
:gpg-public-keys          -
:gpio-memory-control      -
:greengrass-support       -
:hardware-observe         -
:hardware-random-control  -
:hardware-random-observe  -
:home                     -
:hostname-control         -
:io-ports-control         -
:joystick                 -
:kernel-module-control    -
:kubernetes-support       -
:kvm                      -
:log-observe              -
:lxd-support              -
:mount-observe            -
:netlink-audit            -
:netlink-connector        -
:network                  -
:network-bind             -
:network-control          -
:network-observe          -
:network-setup-control    -
:network-setup-observe    -
:opengl                   -
:openvswitch-support      -
:physical-memory-control  -
:physical-memory-observe  -
:ppp                      -
:process-control          -
:raw-usb                  -
:removable-media          -
:shutdown                 -
:snapd-control            -
:ssh-keys                 -
:ssh-public-keys          -
:system-observe           -
:system-trace             -
:time-control             -
:timeserver-control       -
:timezone-control         -
:tpm                      -
:uhid                     -
+ echo '# tasks executed on system'
# tasks executed on system
+ cat /home/gopath/src/github.com/snapcore/snapd/tests/runtime-state/runs
external:ubuntu-core-16-arm-32:tests/main/lxd external:ubuntu-core-16-arm-32:tests/main/interfaces-broadcom-asic-control external:ubuntu-core-16-arm-32:tests/main/failover:rclocalcrash external:ubuntu-core-16-arm-32:tests/main/ubuntu-core-reboot
-----
.
2018-07-09 05:17:13 Restoring external:ubuntu-core-16-arm-32:tests/main/ubuntu-core-reboot...
2018-07-09 05:17:14 Preparing external:ubuntu-core-16-arm-32:tests/main/ubuntu-core-upgrade...
2018-07-09 05:18:04 Error preparing external:ubuntu-core-16-arm-32:tests/main/ubuntu-core-upgrade : 
-----
+ /home/gopath/src/github.com/snapcore/snapd/tests/lib/prepare-restore.sh --prepare-project-each
+ set -e
+ set -o pipefail
+ . /home/gopath/src/github.com/snapcore/snapd/tests/lib/quiet.sh
+ . /home/gopath/src/github.com/snapcore/snapd/tests/lib/boot.sh
++ GRUB_EDITENV=grub-editenv
++ case "$SPREAD_SYSTEM" in
+ . /home/gopath/src/github.com/snapcore/snapd/tests/lib/dirs.sh
++ export SNAP_MOUNT_DIR=/snap
++ SNAP_MOUNT_DIR=/snap
++ export LIBEXECDIR=/usr/lib
++ LIBEXECDIR=/usr/lib
++ export MEDIA_DIR=/media
++ MEDIA_DIR=/media
++ case "$SPREAD_SYSTEM" in
+ . /home/gopath/src/github.com/snapcore/snapd/tests/lib/pkgdb.sh
++ . /home/gopath/src/github.com/snapcore/snapd/tests/lib/quiet.sh
+ . /home/gopath/src/github.com/snapcore/snapd/tests/lib/random.sh
+ . /home/gopath/src/github.com/snapcore/snapd/tests/lib/spread-funcs.sh
+ . /home/gopath/src/github.com/snapcore/snapd/tests/lib/journalctl.sh
++ . /home/gopath/src/github.com/snapcore/snapd/tests/lib/state.sh
+++ SNAPD_STATE_PATH=/home/gopath/src/github.com/snapcore/snapd/tests/snapd-state
+++ SNAPD_STATE_FILE=/home/gopath/src/github.com/snapcore/snapd/tests/snapd-state/snapd-state.tar
+++ RUNTIME_STATE_PATH=/home/gopath/src/github.com/snapcore/snapd/tests/runtime-state
+++ SNAPD_ACTIVE_UNITS=/home/gopath/src/github.com/snapcore/snapd/tests/runtime-state/snapd-active-units
+++ . /home/gopath/src/github.com/snapcore/snapd/tests/lib/dirs.sh
++++ export SNAP_MOUNT_DIR=/snap
++++ SNAP_MOUNT_DIR=/snap
++++ export LIBEXECDIR=/usr/lib
++++ LIBEXECDIR=/usr/lib
++++ export MEDIA_DIR=/media
++++ MEDIA_DIR=/media
++++ case "$SPREAD_SYSTEM" in
+++ . /home/gopath/src/github.com/snapcore/snapd/tests/lib/boot.sh
++++ GRUB_EDITENV=grub-editenv
++++ case "$SPREAD_SYSTEM" in
+++ . /home/gopath/src/github.com/snapcore/snapd/tests/lib/systemd.sh
+++ . /home/gopath/src/github.com/snapcore/snapd/tests/lib/systems.sh
++ JOURNALCTL_CURSOR_FILE=/home/gopath/src/github.com/snapcore/snapd/tests/runtime-state/journalctl_cursor
+ . /home/gopath/src/github.com/snapcore/snapd/tests/lib/state.sh
++ SNAPD_STATE_PATH=/home/gopath/src/github.com/snapcore/snapd/tests/snapd-state
++ SNAPD_STATE_FILE=/home/gopath/src/github.com/snapcore/snapd/tests/snapd-state/snapd-state.tar
++ RUNTIME_STATE_PATH=/home/gopath/src/github.com/snapcore/snapd/tests/runtime-state
++ SNAPD_ACTIVE_UNITS=/home/gopath/src/github.com/snapcore/snapd/tests/runtime-state/snapd-active-units
++ . /home/gopath/src/github.com/snapcore/snapd/tests/lib/dirs.sh
+++ export SNAP_MOUNT_DIR=/snap
+++ SNAP_MOUNT_DIR=/snap
+++ export LIBEXECDIR=/usr/lib
+++ LIBEXECDIR=/usr/lib
+++ export MEDIA_DIR=/media
+++ MEDIA_DIR=/media
+++ case "$SPREAD_SYSTEM" in
++ . /home/gopath/src/github.com/snapcore/snapd/tests/lib/boot.sh
+++ GRUB_EDITENV=grub-editenv
+++ case "$SPREAD_SYSTEM" in
++ . /home/gopath/src/github.com/snapcore/snapd/tests/lib/systemd.sh
++ . /home/gopath/src/github.com/snapcore/snapd/tests/lib/systems.sh
+ . /home/gopath/src/github.com/snapcore/snapd/tests/lib/systems.sh
+ case "$1" in
+ prepare_project_each
+ dmesg -c
+ fixup_dev_random
+ mv /dev/random /dev/random.orig
+ mknod /dev/random c 1 9
+ kill_gpg_agent
+ pkill -9 -e gpg-agent
+ true
+ /home/gopath/src/github.com/snapcore/snapd/tests/lib/prepare-restore.sh --prepare-suite-each
+ set -e
+ set -o pipefail
+ . /home/gopath/src/github.com/snapcore/snapd/tests/lib/quiet.sh
+ . /home/gopath/src/github.com/snapcore/snapd/tests/lib/boot.sh
++ GRUB_EDITENV=grub-editenv
++ case "$SPREAD_SYSTEM" in
+ . /home/gopath/src/github.com/snapcore/snapd/tests/lib/dirs.sh
++ export SNAP_MOUNT_DIR=/snap
++ SNAP_MOUNT_DIR=/snap
++ export LIBEXECDIR=/usr/lib
++ LIBEXECDIR=/usr/lib
++ export MEDIA_DIR=/media
++ MEDIA_DIR=/media
++ case "$SPREAD_SYSTEM" in
+ . /home/gopath/src/github.com/snapcore/snapd/tests/lib/pkgdb.sh
++ . /home/gopath/src/github.com/snapcore/snapd/tests/lib/quiet.sh
+ . /home/gopath/src/github.com/snapcore/snapd/tests/lib/random.sh
+ . /home/gopath/src/github.com/snapcore/snapd/tests/lib/spread-funcs.sh
+ . /home/gopath/src/github.com/snapcore/snapd/tests/lib/journalctl.sh
++ . /home/gopath/src/github.com/snapcore/snapd/tests/lib/state.sh
+++ SNAPD_STATE_PATH=/home/gopath/src/github.com/snapcore/snapd/tests/snapd-state
+++ SNAPD_STATE_FILE=/home/gopath/src/github.com/snapcore/snapd/tests/snapd-state/snapd-state.tar
+++ RUNTIME_STATE_PATH=/home/gopath/src/github.com/snapcore/snapd/tests/runtime-state
+++ SNAPD_ACTIVE_UNITS=/home/gopath/src/github.com/snapcore/snapd/tests/runtime-state/snapd-active-units
+++ . /home/gopath/src/github.com/snapcore/snapd/tests/lib/dirs.sh
++++ export SNAP_MOUNT_DIR=/snap
++++ SNAP_MOUNT_DIR=/snap
++++ export LIBEXECDIR=/usr/lib
++++ LIBEXECDIR=/usr/lib
++++ export MEDIA_DIR=/media
++++ MEDIA_DIR=/media
++++ case "$SPREAD_SYSTEM" in
+++ . /home/gopath/src/github.com/snapcore/snapd/tests/lib/boot.sh
++++ GRUB_EDITENV=grub-editenv
++++ case "$SPREAD_SYSTEM" in
+++ . /home/gopath/src/github.com/snapcore/snapd/tests/lib/systemd.sh
+++ . /home/gopath/src/github.com/snapcore/snapd/tests/lib/systems.sh
++ JOURNALCTL_CURSOR_FILE=/home/gopath/src/github.com/snapcore/snapd/tests/runtime-state/journalctl_cursor
+ . /home/gopath/src/github.com/snapcore/snapd/tests/lib/state.sh
++ SNAPD_STATE_PATH=/home/gopath/src/github.com/snapcore/snapd/tests/snapd-state
++ SNAPD_STATE_FILE=/home/gopath/src/github.com/snapcore/snapd/tests/snapd-state/snapd-state.tar
++ RUNTIME_STATE_PATH=/home/gopath/src/github.com/snapcore/snapd/tests/runtime-state
++ SNAPD_ACTIVE_UNITS=/home/gopath/src/github.com/snapcore/snapd/tests/runtime-state/snapd-active-units
++ . /home/gopath/src/github.com/snapcore/snapd/tests/lib/dirs.sh
+++ export SNAP_MOUNT_DIR=/snap
+++ SNAP_MOUNT_DIR=/snap
+++ export LIBEXECDIR=/usr/lib
+++ LIBEXECDIR=/usr/lib
+++ export MEDIA_DIR=/media
+++ MEDIA_DIR=/media
+++ case "$SPREAD_SYSTEM" in
++ . /home/gopath/src/github.com/snapcore/snapd/tests/lib/boot.sh
+++ GRUB_EDITENV=grub-editenv
+++ case "$SPREAD_SYSTEM" in
++ . /home/gopath/src/github.com/snapcore/snapd/tests/lib/systemd.sh
++ . /home/gopath/src/github.com/snapcore/snapd/tests/lib/systems.sh
+ . /home/gopath/src/github.com/snapcore/snapd/tests/lib/systems.sh
+ case "$1" in
+ prepare_suite_each
+ echo -n 'external:ubuntu-core-16-arm-32:tests/main/ubuntu-core-upgrade '
+ /home/gopath/src/github.com/snapcore/snapd/tests/lib/reset.sh --reuse-core
+ . /home/gopath/src/github.com/snapcore/snapd/tests/lib/dirs.sh
++ export SNAP_MOUNT_DIR=/snap
++ SNAP_MOUNT_DIR=/snap
++ export LIBEXECDIR=/usr/lib
++ LIBEXECDIR=/usr/lib
++ export MEDIA_DIR=/media
++ MEDIA_DIR=/media
++ case "$SPREAD_SYSTEM" in
+ . /home/gopath/src/github.com/snapcore/snapd/tests/lib/state.sh
++ SNAPD_STATE_PATH=/home/gopath/src/github.com/snapcore/snapd/tests/snapd-state
++ SNAPD_STATE_FILE=/home/gopath/src/github.com/snapcore/snapd/tests/snapd-state/snapd-state.tar
++ RUNTIME_STATE_PATH=/home/gopath/src/github.com/snapcore/snapd/tests/runtime-state
++ SNAPD_ACTIVE_UNITS=/home/gopath/src/github.com/snapcore/snapd/tests/runtime-state/snapd-active-units
++ . /home/gopath/src/github.com/snapcore/snapd/tests/lib/dirs.sh
+++ export SNAP_MOUNT_DIR=/snap
+++ SNAP_MOUNT_DIR=/snap
+++ export LIBEXECDIR=/usr/lib
+++ LIBEXECDIR=/usr/lib
+++ export MEDIA_DIR=/media
+++ MEDIA_DIR=/media
+++ case "$SPREAD_SYSTEM" in
++ . /home/gopath/src/github.com/snapcore/snapd/tests/lib/boot.sh
+++ GRUB_EDITENV=grub-editenv
+++ case "$SPREAD_SYSTEM" in
++ . /home/gopath/src/github.com/snapcore/snapd/tests/lib/systemd.sh
++ . /home/gopath/src/github.com/snapcore/snapd/tests/lib/systems.sh
+ . /home/gopath/src/github.com/snapcore/snapd/tests/lib/systemd.sh
+ . /home/gopath/src/github.com/snapcore/snapd/tests/lib/systems.sh
+ is_core_system
+ [[ ubuntu-core-16-arm-32 == ubuntu-core-* ]]
+ return 0
+ reset_all_snap --reuse-core
+ . /home/gopath/src/github.com/snapcore/snapd/tests/lib/names.sh
+++ snap list
+++ grep 'gadget$'
+++ awk '{ print $1 }'
++ gadget_name=cm3
+++ snap list
+++ grep 'kernel$'
+++ awk '{ print $1 }'
++ kernel_name=pi2-kernel
+++ snap known model
+++ awk '/^base: / { print $2 }'
++ core_name=
++ '[' -z '' ']'
++ core_name=core
+ for snap in '"$SNAP_MOUNT_DIR"/*'
+ snap=README
+ case "$snap" in
+ for snap in '"$SNAP_MOUNT_DIR"/*'
+ snap=bin
+ case "$snap" in
+ for snap in '"$SNAP_MOUNT_DIR"/*'
+ snap=cm3
+ case "$snap" in
+ for snap in '"$SNAP_MOUNT_DIR"/*'
+ snap=core
+ case "$snap" in
+ for snap in '"$SNAP_MOUNT_DIR"/*'
+ snap=manifest.yaml
+ case "$snap" in
+ systemctl status snapd.service snapd.socket
Failed to get properties: Connection timed out
+ systemctl start snapd.service snapd.socket
Failed to start snapd.service: Connection timed out
See system logs and 'systemctl status snapd.service' for details.
Failed to start snapd.socket: Connection timed out
See system logs and 'systemctl status snapd.socket' for details.
-----
.
2018-07-09 05:18:05 Debug output for external:ubuntu-core-16-arm-32:tests/main/ubuntu-core-upgrade : 
-----
+ snap list
Name                              Version         Rev   Tracking  Publisher  Notes
cm3                               16.04-0.5       1     stable    canonical  gadget
core                              16-2.34         5020  edge      canonical  core
pi2-kernel                        4.4.0-1092.100  56    stable    canonical  kernel
test-snapd-broadcom-asic-control                  x1    -         -          disabled,broken
test-snapd-rsync                  3.1.3           10    stable    cachio     devmode
+ . /home/gopath/src/github.com/snapcore/snapd/tests/lib/boot.sh
++ GRUB_EDITENV=grub-editenv
++ case "$SPREAD_SYSTEM" in
+ bootenv
+ '[' 0 -eq 0 ']'
+ command -v grub-editenv
+ fw_printenv
allargs=setenv bootargs "${args} root=${devroot}"
arch=arm
baudrate=115200
board_name=Compute Module 3
board_rev=0xA
board_rev_scheme=1
board_revision=0xA020A0
boot_a_script=load ${devtype} ${devnum}:${bootpart} ${scriptaddr} ${prefix}${script}; source ${scriptaddr}
boot_extlinux=sysboot ${devtype} ${devnum}:${bootpart} any ${scriptaddr} ${prefix}extlinux/extlinux.conf
boot_prefixes=/ /boot/
boot_script_dhcp=boot.scr.uimg
boot_scripts=boot.scr.uimg boot.scr
boot_targets=mmc usb pxe dhcp 
bootcmd=run distro_bootcmd
bootcmd_dhcp=usb start; if dhcp ${scriptaddr} ${boot_script_dhcp}; then source ${scriptaddr}; fi
bootcmd_mmc=setenv devnum 0; run dev_boot
bootcmd_pxe=usb start; dhcp; if pxe get; then pxe boot; fi
bootcmd_usb=setenv devnum 0; usb start; run dev_boot
bootdelay=2
bootenv=uEnv.txt
cpu=armv7
dev_boot=if ${target} dev ${devnum}; then setenv devtype ${target}; if run loadbootenv; then echo Loaded environment from ${bootenv}; run importbootenv; fi; if test -n "$uenvcmd"; then echo Running uenvcmd ...; run uenvcmd; fi; run scan_dev_for_boot_part; fi
devnum=0
devnumber=0
devtype=mmc
dhcpuboot=usb start; dhcp u-boot.uimg; bootm
distro_bootcmd=for target in ${boot_targets}; do run bootcmd_${target}; done
fdt_addr=2000000
fdt_addr_r=0x00000100
fdtaddr=0x02000000
fdtcontroladdr=3af8c230
fdtfile=bcm2709-rpi-2-b.dtb
filesize=1c5
importbootenv=echo Importing environment from ${target} ...; env import -t -r $loadaddr $filesize
initrd_addr=0x02100000
initrd_file=initrd.img
kernel_addr_r=0x01000000
kernel_file=kernel.img
loadaddr=0x00200000
loadbootenv=echo LOADBOOTENV; load ${devtype} ${devnum} ${loadaddr} ${bootenv}
loadfdt=fdt addr 0x02000000; fdt get value args /chosen bootargs
loadfiles=run loadkernel; run loadinitrd; run loadfdt
loadinitrd=load ${target} ${devnumber}:${partition} ${initrd_addr} ${snap_kernel}/${initrd_file}; setenv initrd_size ${filesize}
loadkernel=load ${target} ${devnumber}:${partition} ${loadaddr} ${snap_kernel}/${kernel_file}
mmcrootfstype=ext4
partition=1
pxefile_addr_r=0x00100000
ramdisk_addr_r=0x02100000
scan_dev_for_boot=echo Scanning ${devtype} ${devnum}:${bootpart}...; for prefix in ${boot_prefixes}; do run scan_dev_for_extlinux; run scan_dev_for_scripts; done
scan_dev_for_boot_part=part list ${devtype} ${devnum} devplist; for bootpart in ${devplist}; do if fstype ${devtype} ${devnum}:${bootpart} bootfstype; then run scan_dev_for_boot; fi; done
scan_dev_for_extlinux=if test -e ${devtype} ${devnum}:${bootpart} ${prefix}extlinux/extlinux.conf; then echo Found ${prefix}extlinux/extlinux.conf; run boot_extlinux; echo SCRIPT FAILED: continuing...; fi
scan_dev_for_scripts=for script in ${boot_scripts}; do if test -e ${devtype} ${devnum}:${bootpart} ${prefix}${script}; then echo Found U-Boot script ${prefix}${script}; run boot_a_script; echo SCRIPT FAILED: continuing...; fi; done
scriptaddr=0x00000000
serial#=0000000028de8b3e
snap_core=core_5020.snap
snap_kernel=pi2-kernel_56.snap
snappy_boot=if test "${snap_mode}" = "try"; then setenv snap_mode "trying"; saveenv; if test "${snap_try_core}" != ""; then setenv snap_core "${snap_try_core}"; fi; if test "${snap_try_kernel}" != ""; then setenv snap_kernel "${snap_try_kernel}"; fi; elif test "${snap_mode}" = "trying"; then setenv snap_mode ""; saveenv; fi; run loadfiles; setenv devroot "/dev/disk/by-label/writable ${snappy_cmdline} snap_core=${snap_core} snap_kernel=${snap_kernel}"; run allargs; bootz ${loadaddr} ${initrd_addr}:${initrd_size} 0x02000000
snappy_cmdline=net.ifnames=0 init=/lib/systemd/systemd ro panic=-1 fixrtc
soc=bcm2835
stderr=serial,lcd
stdin=serial,usbkbd
stdout=serial,lcd
uenvcmd=echo ENVCMD; run snappy_boot
vendor=raspberrypi
+ cat /proc/cmdline
dma.dmachans=0x7f35 bcm2708_fb.fbwidth=656 bcm2708_fb.fbheight=416 bcm2709.boardrev=0xa020a0 bcm2709.serial=0x28de8b3e smsc95xx.macaddr=B8:27:EB:DE:8B:3E bcm2708_fb.fbswap=1 bcm2709.uart_clock=48000000 vc_mem.mem_base=0x3dc00000 vc_mem.mem_size=0x3f000000  dwc_otg.lpm_enable=0 console=ttyAMA0,115200 console=tty0 elevator=deadline rng_core.default_quality=700 root=/dev/disk/by-label/writable net.ifnames=0 init=/lib/systemd/systemd ro panic=-1 fixrtc snap_core=core_5020.snap snap_kernel=pi2-kernel_56.snap
+ '[' 1 = 1 ']'
+ . /home/gopath/src/github.com/snapcore/snapd/tests/lib/journalctl.sh
++ . /home/gopath/src/github.com/snapcore/snapd/tests/lib/state.sh
+++ SNAPD_STATE_PATH=/home/gopath/src/github.com/snapcore/snapd/tests/snapd-state
+++ SNAPD_STATE_FILE=/home/gopath/src/github.com/snapcore/snapd/tests/snapd-state/snapd-state.tar
+++ RUNTIME_STATE_PATH=/home/gopath/src/github.com/snapcore/snapd/tests/runtime-state
+++ SNAPD_ACTIVE_UNITS=/home/gopath/src/github.com/snapcore/snapd/tests/runtime-state/snapd-active-units
+++ . /home/gopath/src/github.com/snapcore/snapd/tests/lib/dirs.sh
++++ export SNAP_MOUNT_DIR=/snap
++++ SNAP_MOUNT_DIR=/snap
++++ export LIBEXECDIR=/usr/lib
++++ LIBEXECDIR=/usr/lib
++++ export MEDIA_DIR=/media
++++ MEDIA_DIR=/media
++++ case "$SPREAD_SYSTEM" in
+++ . /home/gopath/src/github.com/snapcore/snapd/tests/lib/boot.sh
++++ GRUB_EDITENV=grub-editenv
++++ case "$SPREAD_SYSTEM" in
+++ . /home/gopath/src/github.com/snapcore/snapd/tests/lib/systemd.sh
+++ . /home/gopath/src/github.com/snapcore/snapd/tests/lib/systems.sh
++ JOURNALCTL_CURSOR_FILE=/home/gopath/src/github.com/snapcore/snapd/tests/runtime-state/journalctl_cursor
+ . /home/gopath/src/github.com/snapcore/snapd/tests/lib/state.sh
++ SNAPD_STATE_PATH=/home/gopath/src/github.com/snapcore/snapd/tests/snapd-state
++ SNAPD_STATE_FILE=/home/gopath/src/github.com/snapcore/snapd/tests/snapd-state/snapd-state.tar
++ RUNTIME_STATE_PATH=/home/gopath/src/github.com/snapcore/snapd/tests/runtime-state
++ SNAPD_ACTIVE_UNITS=/home/gopath/src/github.com/snapcore/snapd/tests/runtime-state/snapd-active-units
++ . /home/gopath/src/github.com/snapcore/snapd/tests/lib/dirs.sh
+++ export SNAP_MOUNT_DIR=/snap
+++ SNAP_MOUNT_DIR=/snap
+++ export LIBEXECDIR=/usr/lib
+++ LIBEXECDIR=/usr/lib
+++ export MEDIA_DIR=/media
+++ MEDIA_DIR=/media
+++ case "$SPREAD_SYSTEM" in
++ . /home/gopath/src/github.com/snapcore/snapd/tests/lib/boot.sh
+++ GRUB_EDITENV=grub-editenv
+++ case "$SPREAD_SYSTEM" in
++ . /home/gopath/src/github.com/snapcore/snapd/tests/lib/systemd.sh
++ . /home/gopath/src/github.com/snapcore/snapd/tests/lib/systems.sh
+ echo '# journal messages for snapd'
# journal messages for snapd
+ get_journalctl_log -u snapd
++ tail -n1 /home/gopath/src/github.com/snapcore/snapd/tests/runtime-state/journalctl_cursor
+ cursor='s=5f71d830cf4e42f88d77c6d5a9c86329;i=38c;b=a445c689d118425c8326c72917e863c6;m=98b4d1e;t=57089d67b7b24;x=cb2b921e258148cb'
+ get_journalctl_log_from_cursor 's=5f71d830cf4e42f88d77c6d5a9c86329;i=38c;b=a445c689d118425c8326c72917e863c6;m=98b4d1e;t=57089d67b7b24;x=cb2b921e258148cb' -u snapd
+ cursor='s=5f71d830cf4e42f88d77c6d5a9c86329;i=38c;b=a445c689d118425c8326c72917e863c6;m=98b4d1e;t=57089d67b7b24;x=cb2b921e258148cb'
+ shift
+ journalctl -u snapd --cursor 's=5f71d830cf4e42f88d77c6d5a9c86329;i=38c;b=a445c689d118425c8326c72917e863c6;m=98b4d1e;t=57089d67b7b24;x=cb2b921e258148cb'
-- Logs begin at Mon 2018-07-09 04:39:29 UTC, end at Mon 2018-07-09 05:19:11 UTC. --
Jul 09 04:56:38 localhost.localdomain snapd[2418]: 2018/07/09 04:56:38.546550 autorefresh.go:255: DEBUG: Next refresh scheduled for 2018-07-10 12:58:23.843544777 +0000 UTC.
Jul 09 04:56:38 localhost.localdomain snapd[2418]: 2018/07/09 04:56:38.559270 catalogrefresh.go:71: DEBUG: Catalog refresh starting now; next scheduled for 2018-07-10 04:56:38.559148623 +0000 UTC.
Jul 09 04:56:38 localhost.localdomain snapd[2418]: 2018/07/09 04:56:38.559982 retry.go:40: DEBUG: Retrying https://api.snapcraft.io/api/v1/snaps/sections, attempt 1, elapsed time=65.423s
Jul 09 04:56:38 localhost.localdomain snapd[2418]: 2018/07/09 04:56:38.565364 logger.go:69: DEBUG: > "GET /api/v1/snaps/sections HTTP/1.1\r\nHost: api.snapcraft.io\r\nUser-Agent: snapd/2.34 (series 16; testing) ubuntu-core/16 (armhf) linux/4.4.0-1092-raspi2\r\nAccept: application/hal+json\r\nX-Ubuntu-Architecture: armhf\r\nX-Ubuntu-Classic: false\r\nX-Ubuntu-Series: 16\r\nX-Ubuntu-Wire-Protocol: 1\r\nAccept-Encoding: gzip\r\n\r\n"
Jul 09 04:56:38 localhost.localdomain snapd[2418]: 2018/07/09 04:56:38.720414 daemon.go:272: DEBUG: pid=2472;uid=0;socket=/run/snapd.socket;@ POST /v2/snaps 3.182164505s 202
Jul 09 04:56:39 localhost.localdomain snapd[2418]: 2018/07/09 04:56:39.931845 logger.go:76: DEBUG: < "HTTP/1.1 200 OK\r\nContent-Length: 286\r\nAge: 2027\r\nCache-Control: public, max-age=3600\r\nContent-Type: application/hal+json\r\nDate: Mon, 09 Jul 2018 04:22:52 GMT\r\nServer: gunicorn/19.7.1\r\nSnap-Store-Version: 5\r\nVary: X-Ubuntu-Series\r\nVia: 1.1 juju-7794b8-prod-ols-snap-store-indep-397 (squid/3.5.23)\r\nX-Cache: HIT from juju-7794b8-prod-ols-snap-store-indep-397\r\nX-Cache-Lookup: HIT from juju-7794b8-prod-ols-snap-store-indep-397:3128\r\nX-Request-Id: 23C8A2C299AA0A325DCC01BB5B42E31B5698E3C\r\nX-Vcs-Revision: 1179d26\r\nX-View-Name: snapdevicegw.webapi_search.section_listing\r\n\r\n{\"_embedded\": {\"clickindex:sections\": [{\"name\": \"featured\"}, {\"name\": \"games\"}, {\"name\": \"finance\"}, {\"name\": \"developers\"}, {\"name\": \"social-networking\"}, {\"name\": \"video\"}, {\"name\": \"music\"}, {\"name\": \"productivity\"}, {\"name\": \"utilities\"}, {\"name\": \"graphics\"}, {\"name\": \"server\"}]}}"
Jul 09 04:56:39 localhost.localdomain snapd[2418]: 2018/07/09 04:56:39.932966 retry.go:52: DEBUG: The retry loop for https://api.snapcraft.io/api/v1/snaps/sections finished after 1 retries, elapsed time=1.373082585s, status: 200
Jul 09 04:56:39 localhost.localdomain snapd[2418]: 2018/07/09 04:56:39.945563 retry.go:40: DEBUG: Retrying https://api.snapcraft.io/api/v1/snaps/names?confinement=strict, attempt 1, elapsed time=47.504s
Jul 09 04:56:39 localhost.localdomain snapd[2418]: 2018/07/09 04:56:39.948860 logger.go:69: DEBUG: > "GET /api/v1/snaps/names?confinement=strict HTTP/1.1\r\nHost: api.snapcraft.io\r\nUser-Agent: snapd/2.34 (series 16; testing) ubuntu-core/16 (armhf) linux/4.4.0-1092-raspi2\r\nAccept: application/hal+json\r\nX-Ubuntu-Architecture: armhf\r\nX-Ubuntu-Classic: false\r\nX-Ubuntu-Series: 16\r\nX-Ubuntu-Wire-Protocol: 1\r\nAccept-Encoding: gzip\r\n\r\n"
Jul 09 04:56:41 localhost.localdomain snapd[2418]: 2018/07/09 04:56:41.134433 logger.go:76: DEBUG: < "HTTP/1.1 200 OK\r\nContent-Length: 96361\r\nAge: 2690\r\nCache-Control: public, max-age=3600\r\nContent-Type: application/hal+json\r\nDate: Mon, 09 Jul 2018 04:11:53 GMT\r\nServer: gunicorn/19.7.1\r\nSnap-Store-Version: 5\r\nVary: X-Ubuntu-Store, X-Ubuntu-Series, X-Ubuntu-Architecture\r\nVia: 1.1 juju-7794b8-prod-ols-snap-store-indep-397 (squid/3.5.23)\r\nX-Cache: HIT from juju-7794b8-prod-ols-snap-store-indep-397\r\nX-Cache-Lookup: HIT from juju-7794b8-prod-ols-snap-store-indep-397:3128\r\nX-Request-Id: 54C7556F86450A325DCF01BB5B42E08656F796A\r\nX-Vcs-Revision: 1179d26\r\nX-View-Name: snapdevicegw.webapi_search.snap_names\r\n\r\n"
Jul 09 04:56:41 localhost.localdomain snapd[2418]: 2018/07/09 04:56:41.791152 retry.go:52: DEBUG: The retry loop for https://api.snapcraft.io/api/v1/snaps/names?confinement=strict finished after 1 retries, elapsed time=1.84564442s, status: 200
Jul 09 04:56:41 localhost.localdomain snapd[2418]: 2018/07/09 04:56:41.840445 taskrunner.go:403: DEBUG: Running task 132 on Do: Ensure prerequisites for "test-snapd-broadcom-asic-control" are available
Jul 09 04:56:42 localhost.localdomain snapd[2418]: 2018/07/09 04:56:42.078443 taskrunner.go:403: DEBUG: Running task 133 on Do: Prepare snap "/tmp/snapd-sideload-pkg-510513867" (unset)
Jul 09 04:56:42 localhost.localdomain snapd[2418]: 2018/07/09 04:56:42.272130 taskrunner.go:403: DEBUG: Running task 134 on Do: Mount snap "test-snapd-broadcom-asic-control" (unset)
Jul 09 04:56:47 localhost.localdomain snapd[2418]: 2018/07/09 04:56:47.335332 taskrunner.go:403: DEBUG: Running task 135 on Do: Copy snap "test-snapd-broadcom-asic-control" data
Jul 09 04:56:47 localhost.localdomain snapd[2418]: 2018/07/09 04:56:47.467681 taskrunner.go:403: DEBUG: Running task 136 on Do: Setup snap "test-snapd-broadcom-asic-control" (unset) security profiles
Jul 09 04:56:48 localhost.localdomain snapd[2418]: 2018/07/09 04:56:48.933375 taskrunner.go:403: DEBUG: Running task 137 on Do: Make snap "test-snapd-broadcom-asic-control" (unset) available to the system
Jul 09 04:56:49 localhost.localdomain snapd[2418]: 2018/07/09 04:56:49.104000 taskrunner.go:403: DEBUG: Running task 138 on Do: Automatically connect eligible plugs and slots of snap "test-snapd-broadcom-asic-control"
Jul 09 04:56:49 localhost.localdomain snapd[2418]: 2018/07/09 04:56:49.244517 taskrunner.go:403: DEBUG: Running task 139 on Do: Set automatic aliases for snap "test-snapd-broadcom-asic-control"
Jul 09 04:56:49 localhost.localdomain snapd[2418]: 2018/07/09 04:56:49.438650 taskrunner.go:403: DEBUG: Running task 140 on Do: Setup snap "test-snapd-broadcom-asic-control" aliases
Jul 09 04:56:49 localhost.localdomain snapd[2418]: 2018/07/09 04:56:49.619723 taskrunner.go:403: DEBUG: Running task 141 on Do: Run install hook of "test-snapd-broadcom-asic-control" snap if present
Jul 09 04:56:49 localhost.localdomain snapd[2418]: 2018/07/09 04:56:49.771448 taskrunner.go:403: DEBUG: Running task 142 on Do: Start snap "test-snapd-broadcom-asic-control" (unset) services
Jul 09 04:56:49 localhost.localdomain snapd[2418]: 2018/07/09 04:56:49.903691 taskrunner.go:403: DEBUG: Running task 143 on Do: Run configure hook of "test-snapd-broadcom-asic-control" snap if present
Jul 09 04:56:50 localhost.localdomain snapd[2418]: 2018/07/09 04:56:50.099159 daemon.go:272: DEBUG: pid=2472;uid=0;socket=/run/snapd.socket;@ GET /v2/snaps?snaps=test-snapd-broadcom-asic-control 5.814139ms 200
Jul 09 04:56:50 localhost.localdomain snapd[2418]: 2018/07/09 04:56:50.440873 daemon.go:272: DEBUG: pid=2650;uid=0;socket=/run/snapd.socket;@ POST /v2/interfaces 81.40274ms 202
Jul 09 04:56:50 localhost.localdomain snapd[2418]: 2018/07/09 04:56:50.442087 taskrunner.go:403: DEBUG: Running task 145 on Do: Run hook prepare-plug-broadcom-asic-control of snap "test-snapd-broadcom-asic-control"
Jul 09 04:56:50 localhost.localdomain snapd[2418]: 2018/07/09 04:56:50.772694 taskrunner.go:403: DEBUG: Running task 146 on Do: Run hook prepare-slot-broadcom-asic-control of snap "core"
Jul 09 04:56:50 localhost.localdomain snapd[2418]: 2018/07/09 04:56:50.927761 taskrunner.go:403: DEBUG: Running task 144 on Do: Connect test-snapd-broadcom-asic-control:broadcom-asic-control to core:broadcom-asic-control
Jul 09 04:57:05 localhost.localdomain snapd[2418]: 2018/07/09 04:57:05.144597 taskrunner.go:403: DEBUG: Running task 147 on Do: Run hook connect-slot-broadcom-asic-control of snap "core"
Jul 09 04:57:05 localhost.localdomain snapd[2418]: 2018/07/09 04:57:05.292187 taskrunner.go:403: DEBUG: Running task 148 on Do: Run hook connect-plug-broadcom-asic-control of snap "test-snapd-broadcom-asic-control"
Jul 09 04:57:07 localhost.localdomain snapd[2418]: 2018/07/09 04:57:07.060044 daemon.go:272: DEBUG: pid=2787;uid=0;socket=/run/snapd.socket;@ GET /v2/system-info 3.959596ms 200
Jul 09 04:57:07 localhost.localdomain snapd[2418]: 2018/07/09 04:57:07.236633 daemon.go:272: DEBUG: pid=2793;uid=0;socket=/run/snapd.socket;@ POST /v2/interfaces 80.142874ms 202
Jul 09 04:57:07 localhost.localdomain snapd[2418]: 2018/07/09 04:57:07.308704 taskrunner.go:403: DEBUG: Running task 149 on Do: Disconnect test-snapd-broadcom-asic-control:broadcom-asic-control from core:broadcom-asic-control
Jul 09 04:57:08 localhost.localdomain snapd[2418]: 2018/07/09 04:57:08.476560 cmd.go:133: DEBUG: exe doesn't have snap mount dir prefix: "/usr/lib/snapd/snapd" vs "/snap"
Jul 09 04:57:21 localhost.localdomain snapd[2418]: 2018/07/09 04:57:21.551190 daemon.go:272: DEBUG: pid=2893;uid=0;socket=/run/snapd.socket;@ GET /v2/snaps 21.313689ms 200
Jul 09 04:57:21 localhost.localdomain snapd[2418]: 2018/07/09 04:57:21.678239 daemon.go:272: DEBUG: pid=2902;uid=0;socket=/run/snapd.socket;@ GET /v2/snaps 21.145452ms 200
Jul 09 04:57:21 localhost.localdomain snapd[2418]: 2018/07/09 04:57:21.785547 daemon.go:272: DEBUG: pid=2911;uid=0;socket=/run/snapd.socket;@ GET /v2/assertions/model 1.964361ms 200
Jul 09 04:57:21 localhost.localdomain snapd[2418]: 2018/07/09 04:57:21.947813 daemon.go:272: DEBUG: pid=2920;uid=0;socket=/run/snapd.socket;@ POST /v2/snaps/manifest.yaml 1.45887ms 400
Jul 09 04:57:22 localhost.localdomain snapd[2418]: 2018/07/09 04:57:22.102223 daemon.go:272: DEBUG: pid=2929;uid=0;socket=/run/snapd.socket;@ POST /v2/snaps/snapcraft.yaml 1.176408ms 400
Jul 09 04:57:22 localhost.localdomain snapd[2418]: 2018/07/09 04:57:22.353526 daemon.go:272: DEBUG: pid=2938;uid=0;socket=/run/snapd.socket;@ POST /v2/snaps/test-snapd-broadcom-asic-control 96.893365ms 202
Jul 09 04:57:22 localhost.localdomain snapd[2418]: 2018/07/09 04:57:22.363743 taskrunner.go:403: DEBUG: Running task 151 on Do: Stop snap "test-snapd-broadcom-asic-control" services
Jul 09 04:57:22 localhost.localdomain snapd[2418]: 2018/07/09 04:57:22.568985 taskrunner.go:403: DEBUG: Running task 150 on Do: Run remove hook of "test-snapd-broadcom-asic-control" snap if present
Jul 09 04:57:22 localhost.localdomain snapd[2418]: 2018/07/09 04:57:22.720131 taskrunner.go:403: DEBUG: Running task 152 on Do: Remove aliases for snap "test-snapd-broadcom-asic-control"
Jul 09 04:57:22 localhost.localdomain snapd[2418]: 2018/07/09 04:57:22.975607 taskrunner.go:403: DEBUG: Running task 153 on Do: Make snap "test-snapd-broadcom-asic-control" unavailable to the system
Jul 09 04:57:23 localhost.localdomain snapd[2418]: 2018/07/09 04:57:23.194642 taskrunner.go:403: DEBUG: Running task 154 on Do: Remove security profile for snap "test-snapd-broadcom-asic-control" (x1)
Jul 09 04:57:23 localhost.localdomain snapd[2418]: 2018/07/09 04:57:23.368051 taskrunner.go:403: DEBUG: Running task 155 on Do: Remove data for snap "test-snapd-broadcom-asic-control" (x1)
Jul 09 04:57:23 localhost.localdomain snapd[2418]: 2018/07/09 04:57:23.531150 taskrunner.go:403: DEBUG: Running task 156 on Do: Remove snap "test-snapd-broadcom-asic-control" (x1) from the system
Jul 09 04:57:49 localhost.localdomain snapd[2418]: 2018/07/09 04:57:49.104850 task.go:303: DEBUG: 2018-07-09T04:57:49Z ERROR cannot remove snap file "test-snapd-broadcom-asic-control", will retry in 3 mins: [--root / disable snap-test\x2dsnapd\x2dbroadcom\x2dasic\x2dcontrol-x1.mount] failed with exit status 1: Removed symlink /etc/systemd/system/multi-user.target.wants/snap-test\x2dsnapd\x2dbroadcom\x2dasic\x2dcontrol-x1.mount.
Jul 09 04:57:49 localhost.localdomain snapd[2418]: Failed to execute operation: Connection timed out
Jul 09 05:00:49 localhost.localdomain snapd[2418]: 2018/07/09 05:00:49.190144 taskrunner.go:403: DEBUG: Running task 156 on Doing: Remove snap "test-snapd-broadcom-asic-control" (x1) from the system
Jul 09 05:01:14 localhost.localdomain snapd[2418]: 2018/07/09 05:01:14.298324 task.go:303: DEBUG: 2018-07-09T05:01:14Z ERROR cannot remove snap file "test-snapd-broadcom-asic-control", will retry in 3 mins: [--root / disable snap-test\x2dsnapd\x2dbroadcom\x2dasic\x2dcontrol-x1.mount] failed with exit status 1: Failed to execute operation: Connection timed out
Jul 09 05:04:14 localhost.localdomain snapd[2418]: 2018/07/09 05:04:14.388290 taskrunner.go:403: DEBUG: Running task 156 on Doing: Remove snap "test-snapd-broadcom-asic-control" (x1) from the system
Jul 09 05:04:39 localhost.localdomain snapd[2418]: 2018/07/09 05:04:39.509807 task.go:303: DEBUG: 2018-07-09T05:04:39Z ERROR cannot remove snap file "test-snapd-broadcom-asic-control", will retry in 3 mins: [--root / disable snap-test\x2dsnapd\x2dbroadcom\x2dasic\x2dcontrol-x1.mount] failed with exit status 1: Failed to execute operation: Connection timed out
Jul 09 05:07:39 localhost.localdomain snapd[2418]: 2018/07/09 05:07:39.598827 taskrunner.go:403: DEBUG: Running task 156 on Doing: Remove snap "test-snapd-broadcom-asic-control" (x1) from the system
Jul 09 05:08:04 localhost.localdomain snapd[2418]: 2018/07/09 05:08:04.728196 task.go:303: DEBUG: 2018-07-09T05:08:04Z ERROR cannot remove snap file "test-snapd-broadcom-asic-control", will retry in 3 mins: [--root / disable snap-test\x2dsnapd\x2dbroadcom\x2dasic\x2dcontrol-x1.mount] failed with exit status 1: Failed to execute operation: Connection timed out
Jul 09 05:11:04 localhost.localdomain snapd[2418]: 2018/07/09 05:11:04.821286 taskrunner.go:403: DEBUG: Running task 156 on Doing: Remove snap "test-snapd-broadcom-asic-control" (x1) from the system
Jul 09 05:11:29 localhost.localdomain snapd[2418]: 2018/07/09 05:11:29.941722 task.go:303: DEBUG: 2018-07-09T05:11:29Z ERROR cannot remove snap file "test-snapd-broadcom-asic-control", will retry in 3 mins: [--root / disable snap-test\x2dsnapd\x2dbroadcom\x2dasic\x2dcontrol-x1.mount] failed with exit status 1: Failed to execute operation: Connection timed out
Jul 09 05:14:30 localhost.localdomain snapd[2418]: 2018/07/09 05:14:30.032873 taskrunner.go:403: DEBUG: Running task 156 on Doing: Remove snap "test-snapd-broadcom-asic-control" (x1) from the system
Jul 09 05:14:55 localhost.localdomain snapd[2418]: 2018/07/09 05:14:55.130352 task.go:303: DEBUG: 2018-07-09T05:14:55Z ERROR cannot remove snap file "test-snapd-broadcom-asic-control", will retry in 3 mins: [--root / disable snap-test\x2dsnapd\x2dbroadcom\x2dasic\x2dcontrol-x1.mount] failed with exit status 1: Failed to execute operation: Connection timed out
Jul 09 05:17:20 localhost.localdomain snapd[2418]: 2018/07/09 05:17:20.262125 snapmgr.go:232: cannot read snap info of snap "test-snapd-broadcom-asic-control" at revision x1: cannot find installed snap "test-snapd-broadcom-asic-control" at revision x1: missing file /snap/test-snapd-broadcom-asic-control/x1/meta/snap.yaml
Jul 09 05:17:20 localhost.localdomain snapd[2418]: 2018/07/09 05:17:20.269567 daemon.go:272: DEBUG: pid=3007;uid=0;socket=/run/snapd.socket;@ GET /v2/snaps 21.544169ms 200
Jul 09 05:17:20 localhost.localdomain snapd[2418]: 2018/07/09 05:17:20.386714 daemon.go:272: DEBUG: pid=3013;uid=0;socket=/run/snapd.socket;@ GET /v2/changes?select=all 19.438117ms 200
Jul 09 05:17:27 localhost.localdomain snapd[2418]: 2018/07/09 05:17:27.848152 daemon.go:272: DEBUG: pid=3027;uid=0;socket=/run/snapd.socket;@ GET /v2/interfaces 4.287209ms 200
Jul 09 05:17:28 localhost.localdomain snapd[2418]: 2018/07/09 05:17:28.821678 snapmgr.go:232: cannot read snap info of snap "test-snapd-broadcom-asic-control" at revision x1: cannot find installed snap "test-snapd-broadcom-asic-control" at revision x1: missing file /snap/test-snapd-broadcom-asic-control/x1/meta/snap.yaml
Jul 09 05:17:28 localhost.localdomain snapd[2418]: 2018/07/09 05:17:28.837378 daemon.go:272: DEBUG: pid=3071;uid=0;socket=/run/snapd.socket;@ GET /v2/snaps 21.263493ms 200
Jul 09 05:17:28 localhost.localdomain snapd[2418]: 2018/07/09 05:17:28.947363 snapmgr.go:232: cannot read snap info of snap "test-snapd-broadcom-asic-control" at revision x1: cannot find installed snap "test-snapd-broadcom-asic-control" at revision x1: missing file /snap/test-snapd-broadcom-asic-control/x1/meta/snap.yaml
Jul 09 05:17:28 localhost.localdomain snapd[2418]: 2018/07/09 05:17:28.965587 daemon.go:272: DEBUG: pid=3080;uid=0;socket=/run/snapd.socket;@ GET /v2/snaps 21.878965ms 200
Jul 09 05:17:29 localhost.localdomain snapd[2418]: 2018/07/09 05:17:29.073234 daemon.go:272: DEBUG: pid=3089;uid=0;socket=/run/snapd.socket;@ GET /v2/assertions/model 2.035062ms 200
Jul 09 05:17:55 localhost.localdomain snapd[2418]: 2018/07/09 05:17:55.234919 taskrunner.go:403: DEBUG: Running task 156 on Doing: Remove snap "test-snapd-broadcom-asic-control" (x1) from the system
Jul 09 05:18:20 localhost.localdomain snapd[2418]: 2018/07/09 05:18:20.357060 task.go:303: DEBUG: 2018-07-09T05:18:20Z ERROR cannot remove snap file "test-snapd-broadcom-asic-control", will retry in 3 mins: [--root / disable snap-test\x2dsnapd\x2dbroadcom\x2dasic\x2dcontrol-x1.mount] failed with exit status 1: Failed to execute operation: Connection timed out
Jul 09 05:18:20 localhost.localdomain snapd[2418]: 2018/07/09 05:18:20.508077 daemon.go:272: DEBUG: pid=3112;uid=0;socket=/run/snapd.socket;@ GET /v2/interfaces 1.083989165s 200
Jul 09 05:18:21 localhost.localdomain snapd[2418]: 2018/07/09 05:18:21.402084 snapmgr.go:232: cannot read snap info of snap "test-snapd-broadcom-asic-control" at revision x1: cannot find installed snap "test-snapd-broadcom-asic-control" at revision x1: missing file /snap/test-snapd-broadcom-asic-control/x1/meta/snap.yaml
Jul 09 05:18:21 localhost.localdomain snapd[2418]: 2018/07/09 05:18:21.409654 daemon.go:272: DEBUG: pid=3151;uid=0;socket=/run/snapd.socket;@ GET /v2/snaps 21.553929ms 200
Jul 09 05:18:21 localhost.localdomain snapd[2418]: 2018/07/09 05:18:21.517391 snapmgr.go:232: cannot read snap info of snap "test-snapd-broadcom-asic-control" at revision x1: cannot find installed snap "test-snapd-broadcom-asic-control" at revision x1: missing file /snap/test-snapd-broadcom-asic-control/x1/meta/snap.yaml
Jul 09 05:18:21 localhost.localdomain snapd[2418]: 2018/07/09 05:18:21.536770 daemon.go:272: DEBUG: pid=3160;uid=0;socket=/run/snapd.socket;@ GET /v2/snaps 21.050696ms 200
Jul 09 05:18:21 localhost.localdomain snapd[2418]: 2018/07/09 05:18:21.644646 daemon.go:272: DEBUG: pid=3169;uid=0;socket=/run/snapd.socket;@ GET /v2/assertions/model 1.867094ms 200
Jul 09 05:19:11 localhost.localdomain snapd[2418]: 2018/07/09 05:19:11.930562 snapmgr.go:232: cannot read snap info of snap "test-snapd-broadcom-asic-control" at revision x1: cannot find installed snap "test-snapd-broadcom-asic-control" at revision x1: missing file /snap/test-snapd-broadcom-asic-control/x1/meta/snap.yaml
Jul 09 05:19:11 localhost.localdomain snapd[2418]: 2018/07/09 05:19:11.935201 daemon.go:272: DEBUG: pid=3185;uid=0;socket=/run/snapd.socket;@ GET /v2/snaps 21.227846ms 200
+ echo '# apparmor denials '
# apparmor denials 
+ dmesg --ctime
+ grep DENIED
+ true
+ echo '# seccomp denials (kills) '
# seccomp denials (kills) 
+ dmesg --ctime
+ grep type=1326
+ true
+ echo '# snap interfaces'
# snap interfaces
+ snap interfaces
Slot                      Plug
cm3:bcm-gpio-0            -
cm3:bcm-gpio-1            -
cm3:bcm-gpio-10           -
cm3:bcm-gpio-11           -
cm3:bcm-gpio-12           -
cm3:bcm-gpio-13           -
cm3:bcm-gpio-14           -
cm3:bcm-gpio-15           -
cm3:bcm-gpio-16           -
cm3:bcm-gpio-17           -
cm3:bcm-gpio-18           -
cm3:bcm-gpio-19           -
cm3:bcm-gpio-2            -
cm3:bcm-gpio-20           -
cm3:bcm-gpio-21           -
cm3:bcm-gpio-22           -
cm3:bcm-gpio-23           -
cm3:bcm-gpio-24           -
cm3:bcm-gpio-25           -
cm3:bcm-gpio-26           -
cm3:bcm-gpio-27           -
cm3:bcm-gpio-3            -
cm3:bcm-gpio-4            -
cm3:bcm-gpio-5            -
cm3:bcm-gpio-6            -
cm3:bcm-gpio-7            -
cm3:bcm-gpio-8            -
cm3:bcm-gpio-9            -
cm3:bt-serial             -
cm3:i2c-0                 -
cm3:i2c-1                 -
cm3:i2c-2                 -
:account-control          -
:alsa                     -
:autopilot-introspection  -
:bluetooth-control        -
:broadcom-asic-control    -
:browser-support          -
:camera                   -
:classic-support          -
:core-support             -
:daemon-notify            -
:dcdbas-control           -
:docker-support           -
:dvb                      -
:firewall-control         -
:framebuffer              -
:fuse-support             -
:gpg-keys                 -
:gpg-public-keys          -
:gpio-memory-control      -
:greengrass-support       -
:hardware-observe         -
:hardware-random-control  -
:hardware-random-observe  -
:home                     -
:hostname-control         -
:io-ports-control         -
:joystick                 -
:kernel-module-control    -
:kubernetes-support       -
:kvm                      -
:log-observe              -
:lxd-support              -
:mount-observe            -
:netlink-audit            -
:netlink-connector        -
:network                  -
:network-bind             -
:network-control          -
:network-observe          -
:network-setup-control    -
:network-setup-observe    -
:opengl                   -
:openvswitch-support      -
:physical-memory-control  -
:physical-memory-observe  -
:ppp                      -
:process-control          -
:raw-usb                  -
:removable-media          -
:shutdown                 -
:snapd-control            -
:ssh-keys                 -
:ssh-public-keys          -
:system-observe           -
:system-trace             -
:time-control             -
:timeserver-control       -
:timezone-control         -
:tpm                      -
:uhid                     -
+ echo '# tasks executed on system'
# tasks executed on system
+ cat /home/gopath/src/github.com/snapcore/snapd/tests/runtime-state/runs
external:ubuntu-core-16-arm-32:tests/main/lxd external:ubuntu-core-16-arm-32:tests/main/interfaces-broadcom-asic-control external:ubuntu-core-16-arm-32:tests/main/failover:rclocalcrash external:ubuntu-core-16-arm-32:tests/main/ubuntu-core-reboot external:ubuntu-core-16-arm-32:tests/main/ubuntu-core-upgrade
-----
.
2018-07-09 05:18:05 Restoring external:ubuntu-core-16-arm-32:tests/main/ubuntu-core-upgrade...
2018-07-09 05:18:30 Error restoring external:ubuntu-core-16-arm-32:tests/main/ubuntu-core-upgrade : 
-----
+ systemctl restart snapd
Failed to restart snapd.service: Connection timed out
See system logs and 'systemctl status snapd.service' for details.
-----
.
2018-07-09 05:18:30 Restoring external:ubuntu-core-16-arm-32:tests/main/...
2018-07-09 05:19:21 Error restoring external:ubuntu-core-16-arm-32:tests/main/ : 

-----
+ /home/gopath/src/github.com/snapcore/snapd/tests/lib/prepare-restore.sh --restore-suite
+ set -e
+ set -o pipefail
+ . /home/gopath/src/github.com/snapcore/snapd/tests/lib/quiet.sh
+ . /home/gopath/src/github.com/snapcore/snapd/tests/lib/boot.sh
++ GRUB_EDITENV=grub-editenv
++ case "$SPREAD_SYSTEM" in
+ . /home/gopath/src/github.com/snapcore/snapd/tests/lib/dirs.sh
++ export SNAP_MOUNT_DIR=/snap
++ SNAP_MOUNT_DIR=/snap
++ export LIBEXECDIR=/usr/lib
++ LIBEXECDIR=/usr/lib
++ export MEDIA_DIR=/media
++ MEDIA_DIR=/media
++ case "$SPREAD_SYSTEM" in
+ . /home/gopath/src/github.com/snapcore/snapd/tests/lib/pkgdb.sh
++ . /home/gopath/src/github.com/snapcore/snapd/tests/lib/quiet.sh
+ . /home/gopath/src/github.com/snapcore/snapd/tests/lib/random.sh
+ . /home/gopath/src/github.com/snapcore/snapd/tests/lib/spread-funcs.sh
+ . /home/gopath/src/github.com/snapcore/snapd/tests/lib/journalctl.sh
++ . /home/gopath/src/github.com/snapcore/snapd/tests/lib/state.sh
+++ SNAPD_STATE_PATH=/home/gopath/src/github.com/snapcore/snapd/tests/snapd-state
+++ SNAPD_STATE_FILE=/home/gopath/src/github.com/snapcore/snapd/tests/snapd-state/snapd-state.tar
+++ RUNTIME_STATE_PATH=/home/gopath/src/github.com/snapcore/snapd/tests/runtime-state
+++ SNAPD_ACTIVE_UNITS=/home/gopath/src/github.com/snapcore/snapd/tests/runtime-state/snapd-active-units
+++ . /home/gopath/src/github.com/snapcore/snapd/tests/lib/dirs.sh
++++ export SNAP_MOUNT_DIR=/snap
++++ SNAP_MOUNT_DIR=/snap
++++ export LIBEXECDIR=/usr/lib
++++ LIBEXECDIR=/usr/lib
++++ export MEDIA_DIR=/media
++++ MEDIA_DIR=/media
++++ case "$SPREAD_SYSTEM" in
+++ . /home/gopath/src/github.com/snapcore/snapd/tests/lib/boot.sh
++++ GRUB_EDITENV=grub-editenv
++++ case "$SPREAD_SYSTEM" in
+++ . /home/gopath/src/github.com/snapcore/snapd/tests/lib/systemd.sh
+++ . /home/gopath/src/github.com/snapcore/snapd/tests/lib/systems.sh
++ JOURNALCTL_CURSOR_FILE=/home/gopath/src/github.com/snapcore/snapd/tests/runtime-state/journalctl_cursor
+ . /home/gopath/src/github.com/snapcore/snapd/tests/lib/state.sh
++ SNAPD_STATE_PATH=/home/gopath/src/github.com/snapcore/snapd/tests/snapd-state
++ SNAPD_STATE_FILE=/home/gopath/src/github.com/snapcore/snapd/tests/snapd-state/snapd-state.tar
++ RUNTIME_STATE_PATH=/home/gopath/src/github.com/snapcore/snapd/tests/runtime-state
++ SNAPD_ACTIVE_UNITS=/home/gopath/src/github.com/snapcore/snapd/tests/runtime-state/snapd-active-units
++ . /home/gopath/src/github.com/snapcore/snapd/tests/lib/dirs.sh
+++ export SNAP_MOUNT_DIR=/snap
+++ SNAP_MOUNT_DIR=/snap
+++ export LIBEXECDIR=/usr/lib
+++ LIBEXECDIR=/usr/lib
+++ export MEDIA_DIR=/media
+++ MEDIA_DIR=/media
+++ case "$SPREAD_SYSTEM" in
++ . /home/gopath/src/github.com/snapcore/snapd/tests/lib/boot.sh
+++ GRUB_EDITENV=grub-editenv
+++ case "$SPREAD_SYSTEM" in
++ . /home/gopath/src/github.com/snapcore/snapd/tests/lib/systemd.sh
++ . /home/gopath/src/github.com/snapcore/snapd/tests/lib/systems.sh
+ . /home/gopath/src/github.com/snapcore/snapd/tests/lib/systems.sh
+ case "$1" in
+ restore_suite
+ /home/gopath/src/github.com/snapcore/snapd/tests/lib/reset.sh --store
+ . /home/gopath/src/github.com/snapcore/snapd/tests/lib/dirs.sh
++ export SNAP_MOUNT_DIR=/snap
++ SNAP_MOUNT_DIR=/snap
++ export LIBEXECDIR=/usr/lib
++ LIBEXECDIR=/usr/lib
++ export MEDIA_DIR=/media
++ MEDIA_DIR=/media
++ case "$SPREAD_SYSTEM" in
+ . /home/gopath/src/github.com/snapcore/snapd/tests/lib/state.sh
++ SNAPD_STATE_PATH=/home/gopath/src/github.com/snapcore/snapd/tests/snapd-state
++ SNAPD_STATE_FILE=/home/gopath/src/github.com/snapcore/snapd/tests/snapd-state/snapd-state.tar
++ RUNTIME_STATE_PATH=/home/gopath/src/github.com/snapcore/snapd/tests/runtime-state
++ SNAPD_ACTIVE_UNITS=/home/gopath/src/github.com/snapcore/snapd/tests/runtime-state/snapd-active-units
++ . /home/gopath/src/github.com/snapcore/snapd/tests/lib/dirs.sh
+++ export SNAP_MOUNT_DIR=/snap
+++ SNAP_MOUNT_DIR=/snap
+++ export LIBEXECDIR=/usr/lib
+++ LIBEXECDIR=/usr/lib
+++ export MEDIA_DIR=/media
+++ MEDIA_DIR=/media
+++ case "$SPREAD_SYSTEM" in
++ . /home/gopath/src/github.com/snapcore/snapd/tests/lib/boot.sh
+++ GRUB_EDITENV=grub-editenv
+++ case "$SPREAD_SYSTEM" in
++ . /home/gopath/src/github.com/snapcore/snapd/tests/lib/systemd.sh
++ . /home/gopath/src/github.com/snapcore/snapd/tests/lib/systems.sh
+ . /home/gopath/src/github.com/snapcore/snapd/tests/lib/systemd.sh
+ . /home/gopath/src/github.com/snapcore/snapd/tests/lib/systems.sh
+ is_core_system
+ [[ ubuntu-core-16-arm-32 == ubuntu-core-* ]]
+ return 0
+ reset_all_snap --store
+ . /home/gopath/src/github.com/snapcore/snapd/tests/lib/names.sh
+++ snap list
+++ grep 'gadget$'
+++ awk '{ print $1 }'
++ gadget_name=cm3
+++ snap list
+++ grep 'kernel$'
+++ awk '{ print $1 }'
++ kernel_name=pi2-kernel
+++ snap known model
+++ awk '/^base: / { print $2 }'
++ core_name=
++ '[' -z '' ']'
++ core_name=core
+ for snap in '"$SNAP_MOUNT_DIR"/*'
+ snap=README
+ case "$snap" in
+ for snap in '"$SNAP_MOUNT_DIR"/*'
+ snap=bin
+ case "$snap" in
+ for snap in '"$SNAP_MOUNT_DIR"/*'
+ snap=cm3
+ case "$snap" in
+ for snap in '"$SNAP_MOUNT_DIR"/*'
+ snap=core
+ case "$snap" in
+ for snap in '"$SNAP_MOUNT_DIR"/*'
+ snap=manifest.yaml
+ case "$snap" in
+ systemctl status snapd.service snapd.socket
Failed to get properties: Connection timed out
+ systemctl start snapd.service snapd.socket
Failed to start snapd.service: Connection timed out
See system logs and 'systemctl status snapd.service' for details.
Failed to start snapd.socket: Connection timed out
See system logs and 'systemctl status snapd.socket' for details.
-----
.
2018-07-09 05:19:21 Restoring external:ubuntu-core-16-arm-32...
2018-07-09 05:19:22 Discarding external:ubuntu-core-16-arm-32...
2018-07-09 05:19:22 Successful tasks: 2
2018-07-09 05:19:22 Aborted tasks: 193
2018-07-09 05:19:22 Failed task prepare: 3
    - external:ubuntu-core-16-arm-32:tests/main/failover:rclocalcrash
    - external:ubuntu-core-16-arm-32:tests/main/ubuntu-core-reboot
    - external:ubuntu-core-16-arm-32:tests/main/ubuntu-core-upgrade
2018-07-09 05:19:22 Failed task restore: 1
    - external:ubuntu-core-16-arm-32:tests/main/ubuntu-core-upgrade
2018-07-09 05:19:22 Failed suite restore: 1
    - external:ubuntu-core-16-arm-32:tests/main/
error: unsuccessful run
2018-07-09 05:19:22,306 cm3-001 WARNING: Tests failed, rc=1
2018-07-09 05:19:22,307 cm3-001 INFO: END testrun
complete
