Running tests on a test flinger device
Loading environment variables
Using environment file: tf_snapd_cm3_refresh
Deleting test flinger data
Creating job for snapd using a device
Running testflinger client
Submitting job to testflinger
JOB_ID: cd8cf24a-d85c-4612-b75b-f51eb42b7c25
Print job: /var/snap/testflinger-cli/current/job.yaml 
job_queue: cm3
global_timeout: 36000
provision_data:
    url: http://cdimage.ubuntu.com/ubuntu-core/16/stable/current/ubuntu-core-16-cm3.img.xz
test_data:
    test_cmds: |
        #!/bin/bash
        sudo apt update || ps aux | grep apt
        sudo apt install -y git curl sshpass
        git clone https://github.com/sergiocazzolato/snappy-qa-jobs.git
        (cd snappy-qa-jobs && git checkout master)
        git clone https://git.launchpad.net/snapd-vendor snapd
        (cd snapd && git checkout master)
        . snapd/tests/lib/external/prepare-ssh.sh "{device_ip}" "22" "ubuntu"
        . snappy-qa-jobs/scripts/utils/register_device.sh "{device_ip}" "22" "test" "ubuntu" "sergiocazzolato@yahoo.com.ar"
        . snappy-qa-jobs/scripts/utils/refresh_core.sh "{device_ip}" "22" "test" "ubuntu" "stable" "edge"
        . snappy-qa-jobs/scripts/utils/run_setup.sh "{device_ip}" "22" "test" "ubuntu" ""
        . snappy-qa-jobs/scripts/utils/get_spread.sh
        . snappy-qa-jobs/scripts/utils/run_spread.sh "{device_ip}" "22" "snapd" "external:ubuntu-core-16-arm-32:tests/" "" "tests/main/auto-refresh" "-v"
Showing job data
This job is currently waiting on a node to become available. You will see no further output until the job starts running.
***********************************

* Starting setup phase on cm3-001 *

***********************************

Cleaning up container if it exists...
Error response from daemon: No such container: cm3001

***************************************

* Starting provision phase on cm3-001 *

***************************************
Install python-logstash if you want to use logstash logging
2018-02-22 15:06:45,827 cm3-001 INFO: BEGIN provision
2018-02-22 15:06:45,827 cm3-001 INFO: Provisioning device
2018-02-22 15:06:52,126 cm3-001 INFO: Running snmpset -c private -v1 10.101.48.8 .1.3.6.1.4.1.318.1.1.12.3.3.1.1.4.1 i 2
iso.3.6.1.4.1.318.1.1.12.3.3.1.1.4.1 = INTEGER: 2
2018-02-22 15:06:52,245 cm3-001 INFO: Running sleep 10
2018-02-22 15:07:02,269 cm3-001 INFO: Running snmpset -c private -v1 10.101.48.8 .1.3.6.1.4.1.318.1.1.12.3.3.1.1.4.1 i 1
iso.3.6.1.4.1.318.1.1.12.3.3.1.1.4.1 = INTEGER: 1
2018-02-22 15:07:02,388 cm3-001 INFO: Flashing image
2018-02-22 15:22:02,393 cm3-001 ERROR: exception
Traceback (most recent call last):
  File "/usr/lib/python3.5/subprocess.py", line 695, in run
    stdout, stderr = process.communicate(input, timeout=timeout)
  File "/usr/lib/python3.5/subprocess.py", line 1072, in communicate
    stdout, stderr = self._communicate(input, endtime, timeout)
  File "/usr/lib/python3.5/subprocess.py", line 1716, in _communicate
    self._check_timeout(endtime, orig_timeout)
  File "/usr/lib/python3.5/subprocess.py", line 1098, in _check_timeout
    raise TimeoutExpired(self.args, orig_timeout)
subprocess.TimeoutExpired: Command '['ssh', '-o', 'StrictHostKeyChecking=no', '-o', 'UserKnownHostsFile=/dev/null', 'ubuntu@10.101.50.180', 'sudo cm3-installer http://cdimage.ubuntu.com/ubuntu-core/16/stable/current/ubuntu-core-16-cm3.img.xz']' timed out after 900 seconds

During handling of the above exception, another exception occurred:

Traceback (most recent call last):
  File "/srv/testflinger-agent/cm3001/env/lib/python3.5/site-packages/guacamole-0.9.2-py3.5.egg/guacamole/core.py", line 248, in eat
    return self._dispatch()
  File "/srv/testflinger-agent/cm3001/env/lib/python3.5/site-packages/guacamole-0.9.2-py3.5.egg/guacamole/core.py", line 298, in _dispatch
    result = ingredient.dispatch(self.context)
  File "/srv/testflinger-agent/cm3001/env/lib/python3.5/site-packages/guacamole-0.9.2-py3.5.egg/guacamole/ingredients/cmdtree.py", line 152, in dispatch
    return self._dispatch(context, 0)
  File "/srv/testflinger-agent/cm3001/env/lib/python3.5/site-packages/guacamole-0.9.2-py3.5.egg/guacamole/ingredients/cmdtree.py", line 179, in _dispatch
    return self._dispatch_None(context, level, retval, command)
  File "/srv/testflinger-agent/cm3001/env/lib/python3.5/site-packages/guacamole-0.9.2-py3.5.egg/guacamole/ingredients/cmdtree.py", line 208, in _dispatch_None
    return self._dispatch(context, level + 1)
  File "/srv/testflinger-agent/cm3001/env/lib/python3.5/site-packages/guacamole-0.9.2-py3.5.egg/guacamole/ingredients/cmdtree.py", line 179, in _dispatch
    return self._dispatch_None(context, level, retval, command)
  File "/srv/testflinger-agent/cm3001/env/lib/python3.5/site-packages/guacamole-0.9.2-py3.5.egg/guacamole/ingredients/cmdtree.py", line 208, in _dispatch_None
    return self._dispatch(context, level + 1)
  File "/srv/testflinger-agent/cm3001/env/lib/python3.5/site-packages/guacamole-0.9.2-py3.5.egg/guacamole/ingredients/cmdtree.py", line 165, in _dispatch
    retval = command.invoked(context)
  File "/srv/testflinger-agent/cm3001/env/lib/python3.5/site-packages/snappy_device_agents-0.0.1-py3.5.egg/devices/__init__.py", line 37, in wrapper
    return func(*args, **kwargs)
  File "/srv/testflinger-agent/cm3001/env/lib/python3.5/site-packages/snappy_device_agents-0.0.1-py3.5.egg/devices/cm3/__init__.py", line 43, in invoked
    device.provision()
  File "/srv/testflinger-agent/cm3001/env/lib/python3.5/site-packages/snappy_device_agents-0.0.1-py3.5.egg/devices/cm3/cm3.py", line 75, in provision
    timeout=900)
  File "/srv/testflinger-agent/cm3001/env/lib/python3.5/site-packages/snappy_device_agents-0.0.1-py3.5.egg/devices/cm3/cm3.py", line 58, in _run_control
    ssh_cmd, stderr=subprocess.STDOUT, timeout=timeout)
  File "/usr/lib/python3.5/subprocess.py", line 626, in check_output
    **kwargs).stdout
  File "/usr/lib/python3.5/subprocess.py", line 700, in run
    stderr=stderr)
subprocess.TimeoutExpired: Command '['ssh', '-o', 'StrictHostKeyChecking=no', '-o', 'UserKnownHostsFile=/dev/null', 'ubuntu@10.101.50.180', 'sudo cm3-installer http://cdimage.ubuntu.com/ubuntu-core/16/stable/current/ubuntu-core-16-cm3.img.xz']' timed out after 900 seconds
Traceback (most recent call last):
  File "/usr/lib/python3.5/subprocess.py", line 695, in run
    stdout, stderr = process.communicate(input, timeout=timeout)
  File "/usr/lib/python3.5/subprocess.py", line 1072, in communicate
    stdout, stderr = self._communicate(input, endtime, timeout)
  File "/usr/lib/python3.5/subprocess.py", line 1716, in _communicate
    self._check_timeout(endtime, orig_timeout)
  File "/usr/lib/python3.5/subprocess.py", line 1098, in _check_timeout
    raise TimeoutExpired(self.args, orig_timeout)
subprocess.TimeoutExpired: Command '['ssh', '-o', 'StrictHostKeyChecking=no', '-o', 'UserKnownHostsFile=/dev/null', 'ubuntu@10.101.50.180', 'sudo cm3-installer http://cdimage.ubuntu.com/ubuntu-core/16/stable/current/ubuntu-core-16-cm3.img.xz']' timed out after 900 seconds

During handling of the above exception, another exception occurred:

Traceback (most recent call last):
  File "/srv/testflinger-agent/cm3001/env/bin/snappy-device-agent", line 4, in <module>
    __import__('pkg_resources').run_script('snappy-device-agents==0.0.1', 'snappy-device-agent')
  File "/srv/testflinger-agent/cm3001/env/lib/python3.5/site-packages/pkg_resources/__init__.py", line 719, in run_script
    self.require(requires)[0].run_script(script_name, ns)
  File "/srv/testflinger-agent/cm3001/env/lib/python3.5/site-packages/pkg_resources/__init__.py", line 1504, in run_script
    exec(code, namespace, namespace)
  File "/srv/testflinger-agent/cm3001/env/lib/python3.5/site-packages/snappy_device_agents-0.0.1-py3.5.egg/EGG-INFO/scripts/snappy-device-agent", line 25, in <module>
    main()
  File "/srv/testflinger-agent/cm3001/env/lib/python3.5/site-packages/snappy_device_agents-0.0.1-py3.5.egg/snappy_device_agents/cmd.py", line 75, in main
    Agent().main()
  File "/srv/testflinger-agent/cm3001/env/lib/python3.5/site-packages/snappy_device_agents-0.0.1-py3.5.egg/snappy_device_agents/cmd.py", line 71, in main
    return AgentCommandRecipe(self).main(argv, exit)
  File "/srv/testflinger-agent/cm3001/env/lib/python3.5/site-packages/guacamole-0.9.2-py3.5.egg/guacamole/recipes/__init__.py", line 119, in main
    retval = bowl.eat(argv)
  File "/srv/testflinger-agent/cm3001/env/lib/python3.5/site-packages/guacamole-0.9.2-py3.5.egg/guacamole/core.py", line 254, in eat
    self._dispatch_failed()
  File "/srv/testflinger-agent/cm3001/env/lib/python3.5/site-packages/guacamole-0.9.2-py3.5.egg/guacamole/core.py", line 310, in _dispatch_failed
    ingredient.dispatch_failed(self.context)
  File "/srv/testflinger-agent/cm3001/env/lib/python3.5/site-packages/guacamole-0.9.2-py3.5.egg/guacamole/core.py", line 248, in eat
    return self._dispatch()
  File "/srv/testflinger-agent/cm3001/env/lib/python3.5/site-packages/guacamole-0.9.2-py3.5.egg/guacamole/core.py", line 298, in _dispatch
    result = ingredient.dispatch(self.context)
  File "/srv/testflinger-agent/cm3001/env/lib/python3.5/site-packages/guacamole-0.9.2-py3.5.egg/guacamole/ingredients/cmdtree.py", line 152, in dispatch
    return self._dispatch(context, 0)
  File "/srv/testflinger-agent/cm3001/env/lib/python3.5/site-packages/guacamole-0.9.2-py3.5.egg/guacamole/ingredients/cmdtree.py", line 179, in _dispatch
    return self._dispatch_None(context, level, retval, command)
  File "/srv/testflinger-agent/cm3001/env/lib/python3.5/site-packages/guacamole-0.9.2-py3.5.egg/guacamole/ingredients/cmdtree.py", line 208, in _dispatch_None
    return self._dispatch(context, level + 1)
  File "/srv/testflinger-agent/cm3001/env/lib/python3.5/site-packages/guacamole-0.9.2-py3.5.egg/guacamole/ingredients/cmdtree.py", line 179, in _dispatch
    return self._dispatch_None(context, level, retval, command)
  File "/srv/testflinger-agent/cm3001/env/lib/python3.5/site-packages/guacamole-0.9.2-py3.5.egg/guacamole/ingredients/cmdtree.py", line 208, in _dispatch_None
    return self._dispatch(context, level + 1)
  File "/srv/testflinger-agent/cm3001/env/lib/python3.5/site-packages/guacamole-0.9.2-py3.5.egg/guacamole/ingredients/cmdtree.py", line 165, in _dispatch
    retval = command.invoked(context)
  File "/srv/testflinger-agent/cm3001/env/lib/python3.5/site-packages/snappy_device_agents-0.0.1-py3.5.egg/devices/__init__.py", line 37, in wrapper
    return func(*args, **kwargs)
  File "/srv/testflinger-agent/cm3001/env/lib/python3.5/site-packages/snappy_device_agents-0.0.1-py3.5.egg/devices/cm3/__init__.py", line 43, in invoked
    device.provision()
  File "/srv/testflinger-agent/cm3001/env/lib/python3.5/site-packages/snappy_device_agents-0.0.1-py3.5.egg/devices/cm3/cm3.py", line 75, in provision
    timeout=900)
  File "/srv/testflinger-agent/cm3001/env/lib/python3.5/site-packages/snappy_device_agents-0.0.1-py3.5.egg/devices/cm3/cm3.py", line 58, in _run_control
    ssh_cmd, stderr=subprocess.STDOUT, timeout=timeout)
  File "/usr/lib/python3.5/subprocess.py", line 626, in check_output
    **kwargs).stdout
  File "/usr/lib/python3.5/subprocess.py", line 700, in run
    stderr=stderr)
subprocess.TimeoutExpired: Command '['ssh', '-o', 'StrictHostKeyChecking=no', '-o', 'UserKnownHostsFile=/dev/null', 'ubuntu@10.101.50.180', 'sudo cm3-installer http://cdimage.ubuntu.com/ubuntu-core/16/stable/current/ubuntu-core-16-cm3.img.xz']' timed out after 900 seconds
complete
