Running tests on a test flinger device
Loading environment variables
Using environment file: tf_snapd_cm3_refresh
Deleting test flinger data
Creating job for snapd using a device
Running testflinger client
Submitting job to testflinger
JOB_ID: 8f1a2526-68d9-4f92-ab90-f84261dae7b6
Print job: /var/snap/testflinger-cli/current/job.yaml 
job_queue: dragonboard
global_timeout: 36000
provision_data:
    channel: stable
test_data:
    test_cmds: |
        #!/bin/bash
        sudo apt update || ps aux | grep apt
        sudo apt install -y git curl sshpass
        git clone https://github.com/sergiocazzolato/snappy-qa-jobs.git
        (cd snappy-qa-jobs && git checkout master)
        git clone https://git.launchpad.net/snapd-vendor snapd
        (cd snapd && git checkout master)
        . snapd/tests/lib/external/prepare-ssh.sh "{device_ip}" "22" "ubuntu"
        . snappy-qa-jobs/scripts/utils/register_device.sh "{device_ip}" "22" "test" "ubuntu" "sergiocazzolato@yahoo.com.ar"
        . snappy-qa-jobs/scripts/utils/refresh.sh "{device_ip}" "22" "test" "ubuntu" "stable" "edge"
        . snappy-qa-jobs/scripts/utils/run_setup.sh "{device_ip}" "22" "test" "ubuntu" ""
        . snappy-qa-jobs/scripts/utils/get_spread.sh
        . snappy-qa-jobs/scripts/utils/run_spread.sh "{device_ip}" "22" "snapd" "external:ubuntu-core-16-arm-64:tests/" "" "tests/main/auto-refresh,tests/main/interfaces-content,tests/main/install-sideload,tests/main/snap-core-symlinks" "-v"
Showing job data
*******************************************

* Starting setup phase on dragonboard-005 *

*******************************************

Cleaning up container if it exists...
Error response from daemon: No such container: dragonboard005

***********************************************

* Starting provision phase on dragonboard-005 *

***********************************************
Install python-logstash if you want to use logstash logging
2018-10-06 04:40:37,715 dragonboard_005 INFO: DEVICE AGENT: BEGIN provision
2018-10-06 04:40:37,715 dragonboard_005 INFO: DEVICE AGENT: Booting Master Image
2018-10-06 04:40:37,715 dragonboard_005 INFO: DEVICE AGENT: Making sure the master image is booted
2018-10-06 04:40:37,715 dragonboard_005 INFO: DEVICE AGENT: Checking if test image booted.
2018-10-06 04:40:38,149 dragonboard_005 INFO: DEVICE AGENT: Checking if master image booted.
2018-10-06 04:40:38,256 dragonboard_005 INFO: DEVICE AGENT: Error checking device state. Forcing reboot...
2018-10-06 04:40:38,256 dragonboard_005 WARNING: DEVICE AGENT: Device is in an unknown state, attempting to recover
2018-10-06 04:40:38,256 dragonboard_005 INFO: DEVICE AGENT: Running snmpset -c private -v1 10.101.48.13 .1.3.6.1.4.1.318.1.1.12.3.3.1.1.4.5 i 2
iso.3.6.1.4.1.318.1.1.12.3.3.1.1.4.5 = INTEGER: 2
2018-10-06 04:40:38,372 dragonboard_005 INFO: DEVICE AGENT: Running sleep 10
2018-10-06 04:40:48,389 dragonboard_005 INFO: DEVICE AGENT: Running snmpset -c private -v1 10.101.48.13 .1.3.6.1.4.1.318.1.1.12.3.3.1.1.4.5 i 1
iso.3.6.1.4.1.318.1.1.12.3.3.1.1.4.5 = INTEGER: 1
2018-10-06 04:40:58,518 dragonboard_005 INFO: DEVICE AGENT: Checking if master image booted.
2018-10-06 04:41:16,551 dragonboard_005 INFO: DEVICE AGENT: Error checking device state. Forcing reboot...
2018-10-06 04:41:16,552 dragonboard_005 INFO: DEVICE AGENT: Checking if test image booted.
2018-10-06 04:41:29,569 dragonboard_005 INFO: DEVICE AGENT: Checking if master image booted.
2018-10-06 04:41:32,579 dragonboard_005 INFO: DEVICE AGENT: Error checking device state. Forcing reboot...
2018-10-06 04:41:32,579 dragonboard_005 INFO: DEVICE AGENT: Checking if test image booted.
2018-10-06 04:41:44,828 dragonboard_005 INFO: DEVICE AGENT: Checking if master image booted.
2018-10-06 04:41:44,965 dragonboard_005 INFO: DEVICE AGENT: Error checking device state. Forcing reboot...
2018-10-06 04:41:44,965 dragonboard_005 INFO: DEVICE AGENT: Checking if test image booted.
2018-10-06 04:41:55,110 dragonboard_005 INFO: DEVICE AGENT: Checking if master image booted.
2018-10-06 04:41:55,244 dragonboard_005 INFO: DEVICE AGENT: Error checking device state. Forcing reboot...
2018-10-06 04:41:55,244 dragonboard_005 INFO: DEVICE AGENT: Checking if test image booted.
2018-10-06 04:42:05,390 dragonboard_005 INFO: DEVICE AGENT: Checking if master image booted.
2018-10-06 04:42:05,528 dragonboard_005 INFO: DEVICE AGENT: Error checking device state. Forcing reboot...
2018-10-06 04:42:05,529 dragonboard_005 INFO: DEVICE AGENT: Checking if test image booted.
2018-10-06 04:42:15,662 dragonboard_005 INFO: DEVICE AGENT: Checking if master image booted.
2018-10-06 04:42:15,792 dragonboard_005 INFO: DEVICE AGENT: Error checking device state. Forcing reboot...
2018-10-06 04:42:15,792 dragonboard_005 INFO: DEVICE AGENT: Checking if test image booted.
2018-10-06 04:42:25,938 dragonboard_005 INFO: DEVICE AGENT: Checking if master image booted.
2018-10-06 04:42:26,068 dragonboard_005 INFO: DEVICE AGENT: Error checking device state. Forcing reboot...
2018-10-06 04:42:26,068 dragonboard_005 INFO: DEVICE AGENT: Checking if test image booted.
2018-10-06 04:42:36,210 dragonboard_005 INFO: DEVICE AGENT: Checking if master image booted.
2018-10-06 04:42:36,573 dragonboard_005 INFO: DEVICE AGENT: Error checking device state. Forcing reboot...
2018-10-06 04:42:36,573 dragonboard_005 INFO: DEVICE AGENT: Checking if test image booted.
2018-10-06 04:42:46,706 dragonboard_005 INFO: DEVICE AGENT: Checking if master image booted.
2018-10-06 04:42:47,060 dragonboard_005 INFO: DEVICE AGENT: Error checking device state. Forcing reboot...
2018-10-06 04:42:47,060 dragonboard_005 INFO: DEVICE AGENT: Checking if test image booted.
2018-10-06 04:42:57,238 dragonboard_005 INFO: DEVICE AGENT: Checking if master image booted.
2018-10-06 04:42:57,543 dragonboard_005 INFO: DEVICE AGENT: Error checking device state. Forcing reboot...
2018-10-06 04:42:57,544 dragonboard_005 INFO: DEVICE AGENT: Checking if test image booted.
2018-10-06 04:43:07,677 dragonboard_005 INFO: DEVICE AGENT: Checking if master image booted.
2018-10-06 04:43:08,009 dragonboard_005 INFO: DEVICE AGENT: Error checking device state. Forcing reboot...
2018-10-06 04:43:08,010 dragonboard_005 INFO: DEVICE AGENT: Checking if test image booted.
2018-10-06 04:43:18,146 dragonboard_005 INFO: DEVICE AGENT: Checking if master image booted.
2018-10-06 04:43:18,484 dragonboard_005 INFO: DEVICE AGENT: Error checking device state. Forcing reboot...
2018-10-06 04:43:18,484 dragonboard_005 INFO: DEVICE AGENT: Checking if test image booted.
2018-10-06 04:43:28,611 dragonboard_005 INFO: DEVICE AGENT: Checking if master image booted.
2018-10-06 04:43:28,956 dragonboard_005 INFO: DEVICE AGENT: Error checking device state. Forcing reboot...
2018-10-06 04:43:28,956 dragonboard_005 INFO: DEVICE AGENT: Checking if test image booted.
2018-10-06 04:43:39,085 dragonboard_005 INFO: DEVICE AGENT: Checking if master image booted.
2018-10-06 04:43:39,432 dragonboard_005 INFO: DEVICE AGENT: Error checking device state. Forcing reboot...
2018-10-06 04:43:39,432 dragonboard_005 INFO: DEVICE AGENT: Checking if test image booted.
2018-10-06 04:43:49,561 dragonboard_005 INFO: DEVICE AGENT: Checking if master image booted.
2018-10-06 04:43:49,907 dragonboard_005 INFO: DEVICE AGENT: Error checking device state. Forcing reboot...
2018-10-06 04:43:49,908 dragonboard_005 INFO: DEVICE AGENT: Checking if test image booted.
2018-10-06 04:44:00,041 dragonboard_005 INFO: DEVICE AGENT: Checking if master image booted.
2018-10-06 04:44:00,383 dragonboard_005 INFO: DEVICE AGENT: Error checking device state. Forcing reboot...
2018-10-06 04:44:00,383 dragonboard_005 INFO: DEVICE AGENT: Checking if test image booted.
2018-10-06 04:44:10,521 dragonboard_005 INFO: DEVICE AGENT: Checking if master image booted.
2018-10-06 04:44:10,861 dragonboard_005 INFO: DEVICE AGENT: Error checking device state. Forcing reboot...
2018-10-06 04:44:10,862 dragonboard_005 INFO: DEVICE AGENT: Checking if test image booted.
2018-10-06 04:44:20,997 dragonboard_005 INFO: DEVICE AGENT: Checking if master image booted.
2018-10-06 04:44:21,337 dragonboard_005 INFO: DEVICE AGENT: Error checking device state. Forcing reboot...
2018-10-06 04:44:21,338 dragonboard_005 INFO: DEVICE AGENT: Checking if test image booted.
2018-10-06 04:44:31,474 dragonboard_005 INFO: DEVICE AGENT: Checking if master image booted.
2018-10-06 04:44:31,804 dragonboard_005 INFO: DEVICE AGENT: Error checking device state. Forcing reboot...
2018-10-06 04:44:31,804 dragonboard_005 INFO: DEVICE AGENT: Checking if test image booted.
2018-10-06 04:44:41,918 dragonboard_005 INFO: DEVICE AGENT: Checking if master image booted.
2018-10-06 04:44:42,276 dragonboard_005 INFO: DEVICE AGENT: Error checking device state. Forcing reboot...
2018-10-06 04:44:42,277 dragonboard_005 INFO: DEVICE AGENT: Checking if test image booted.
2018-10-06 04:44:52,412 dragonboard_005 INFO: DEVICE AGENT: Checking if master image booted.
2018-10-06 04:44:52,763 dragonboard_005 INFO: DEVICE AGENT: Error checking device state. Forcing reboot...
2018-10-06 04:44:52,763 dragonboard_005 INFO: DEVICE AGENT: Checking if test image booted.
2018-10-06 04:45:02,897 dragonboard_005 INFO: DEVICE AGENT: Checking if master image booted.
2018-10-06 04:45:03,240 dragonboard_005 INFO: DEVICE AGENT: Error checking device state. Forcing reboot...
2018-10-06 04:45:03,241 dragonboard_005 INFO: DEVICE AGENT: Checking if test image booted.
2018-10-06 04:45:13,380 dragonboard_005 INFO: DEVICE AGENT: Checking if master image booted.
2018-10-06 04:45:13,723 dragonboard_005 INFO: DEVICE AGENT: Error checking device state. Forcing reboot...
2018-10-06 04:45:13,724 dragonboard_005 INFO: DEVICE AGENT: Checking if test image booted.
2018-10-06 04:45:23,905 dragonboard_005 INFO: DEVICE AGENT: Checking if master image booted.
2018-10-06 04:45:24,214 dragonboard_005 INFO: DEVICE AGENT: Error checking device state. Forcing reboot...
2018-10-06 04:45:24,214 dragonboard_005 INFO: DEVICE AGENT: Checking if test image booted.
2018-10-06 04:45:34,390 dragonboard_005 INFO: DEVICE AGENT: Checking if master image booted.
2018-10-06 04:45:34,698 dragonboard_005 INFO: DEVICE AGENT: Error checking device state. Forcing reboot...
2018-10-06 04:45:34,698 dragonboard_005 INFO: DEVICE AGENT: Checking if test image booted.
2018-10-06 04:45:44,879 dragonboard_005 INFO: DEVICE AGENT: Checking if master image booted.
2018-10-06 04:45:45,156 dragonboard_005 INFO: DEVICE AGENT: Error checking device state. Forcing reboot...
2018-10-06 04:45:45,157 dragonboard_005 INFO: DEVICE AGENT: Checking if test image booted.
2018-10-06 04:45:55,279 dragonboard_005 INFO: DEVICE AGENT: Checking if master image booted.

2018-10-06 04:45:55,619 dragonboard_005 INFO: DEVICE AGENT: Error checking device state. Forcing reboot...
2018-10-06 04:45:55,620 dragonboard_005 INFO: DEVICE AGENT: Checking if test image booted.


            There was an unrecoverable error while running this stage. Your job
            has been automatically resubmitted back to the queue.
            Resubmitting job: 8f1a2526-68d9-4f92-ab90-f84261dae7b6

*******************************************

* Starting setup phase on dragonboard-003 *
*******************************************

Cleaning up container if it exists...
Error response from daemon: No such container: dragonboard003

***********************************************

* Starting provision phase on dragonboard-003 *

***********************************************
Install python-logstash if you want to use logstash logging
2018-10-06 04:46:08,495 dragonboard_003 INFO: DEVICE AGENT: BEGIN provision
2018-10-06 04:46:08,495 dragonboard_003 INFO: DEVICE AGENT: Booting Master Image
2018-10-06 04:46:08,495 dragonboard_003 INFO: DEVICE AGENT: Making sure the master image is booted
2018-10-06 04:46:08,496 dragonboard_003 INFO: DEVICE AGENT: Checking if test image booted.
2018-10-06 04:46:09,434 dragonboard_003 INFO: DEVICE AGENT: Running ssh -o StrictHostKeyChecking=no -o UserKnownHostsFile=/dev/null ubuntu@10.101.51.13 sudo sgdisk -o /dev/mmcblk1
Warning: The kernel is still using the old partition table.
The new table will be used at the next reboot or after you
run partprobe(8) or kpartx(8)
The operation has completed successfully.
2018-10-06 04:46:11,312 dragonboard_003 INFO: DEVICE AGENT: Running ssh -o StrictHostKeyChecking=no -o UserKnownHostsFile=/dev/null ubuntu@10.101.51.13 sudo sync
2018-10-06 04:46:12,034 dragonboard_003 INFO: DEVICE AGENT: Running snmpset -c private -v1 10.101.48.13 .1.3.6.1.4.1.318.1.1.12.3.3.1.1.4.3 i 2
iso.3.6.1.4.1.318.1.1.12.3.3.1.1.4.3 = INTEGER: 2
2018-10-06 04:46:12,152 dragonboard_003 INFO: DEVICE AGENT: Running sleep 10
2018-10-06 04:46:22,181 dragonboard_003 INFO: DEVICE AGENT: Running snmpset -c private -v1 10.101.48.13 .1.3.6.1.4.1.318.1.1.12.3.3.1.1.4.3 i 1
iso.3.6.1.4.1.318.1.1.12.3.3.1.1.4.3 = INTEGER: 1
2018-10-06 04:46:32,307 dragonboard_003 INFO: DEVICE AGENT: Checking if master image booted.
2018-10-06 04:46:50,342 dragonboard_003 INFO: DEVICE AGENT: Error checking device state. Forcing reboot...
2018-10-06 04:47:00,350 dragonboard_003 INFO: DEVICE AGENT: Checking if master image booted.
2018-10-06 04:49:30,593 dragonboard_003 INFO: DEVICE AGENT: Flashing Test Image
2018-10-06 04:49:31,012 dragonboard_003 INFO: DEVICE AGENT: Running: nc 10.101.50.22 42810| gunzip| sudo dd of=/dev/mmcblk1 bs=16M
2018-10-06 04:51:06,861 dragonboard_003 WARNING: DEVICE AGENT: Something went wrong with the sync, sleeping...
2018-10-06 04:51:37,031 dragonboard_003 ERROR: DEVICE AGENT: Failed to write image, cleaning up...

2018-10-06 04:51:40,043 dragonboard_003 ERROR: DEVICE AGENT: exception
Traceback (most recent call last):
  File "/srv/testflinger-agent/dragonboard003/env/lib/python3.5/site-packages/snappy_device_agents-0.0.1-py3.5.egg/devices/dragonboard/dragonboard.py", line 59, in _run_control
    cmd, stderr=subprocess.STDOUT, timeout=timeout)
  File "/usr/lib/python3.5/subprocess.py", line 626, in check_output
    **kwargs).stdout
  File "/usr/lib/python3.5/subprocess.py", line 708, in run
    output=stdout, stderr=stderr)
subprocess.CalledProcessError: Command '['ssh', '-o', 'StrictHostKeyChecking=no', '-o', 'UserKnownHostsFile=/dev/null', 'linaro@10.101.51.13', 'sudo hdparm -z /dev/mmcblk1']' returned non-zero exit status 255

During handling of the above exception, another exception occurred:

Traceback (most recent call last):
  File "/srv/testflinger-agent/dragonboard003/env/lib/python3.5/site-packages/snappy_device_agents-0.0.1-py3.5.egg/devices/dragonboard/dragonboard.py", line 273, in flash_test_image
    timeout=30)
  File "/srv/testflinger-agent/dragonboard003/env/lib/python3.5/site-packages/snappy_device_agents-0.0.1-py3.5.egg/devices/dragonboard/dragonboard.py", line 61, in _run_control
    raise ProvisioningError(e.output)
devices.ProvisioningError: b''

During handling of the above exception, another exception occurred:

Traceback (most recent call last):
  File "/srv/testflinger-agent/dragonboard003/env/lib/python3.5/site-packages/guacamole-0.9.2-py3.5.egg/guacamole/core.py", line 248, in eat
    return self._dispatch()
  File "/srv/testflinger-agent/dragonboard003/env/lib/python3.5/site-packages/guacamole-0.9.2-py3.5.egg/guacamole/core.py", line 298, in _dispatch
    result = ingredient.dispatch(self.context)
  File "/srv/testflinger-agent/dragonboard003/env/lib/python3.5/site-packages/guacamole-0.9.2-py3.5.egg/guacamole/ingredients/cmdtree.py", line 152, in dispatch
    return self._dispatch(context, 0)
  File "/srv/testflinger-agent/dragonboard003/env/lib/python3.5/site-packages/guacamole-0.9.2-py3.5.egg/guacamole/ingredients/cmdtree.py", line 179, in _dispatch
    return self._dispatch_None(context, level, retval, command)
  File "/srv/testflinger-agent/dragonboard003/env/lib/python3.5/site-packages/guacamole-0.9.2-py3.5.egg/guacamole/ingredients/cmdtree.py", line 208, in _dispatch_None
    return self._dispatch(context, level + 1)
  File "/srv/testflinger-agent/dragonboard003/env/lib/python3.5/site-packages/guacamole-0.9.2-py3.5.egg/guacamole/ingredients/cmdtree.py", line 179, in _dispatch
    return self._dispatch_None(context, level, retval, command)
  File "/srv/testflinger-agent/dragonboard003/env/lib/python3.5/site-packages/guacamole-0.9.2-py3.5.egg/guacamole/ingredients/cmdtree.py", line 208, in _dispatch_None
    return self._dispatch(context, level + 1)
  File "/srv/testflinger-agent/dragonboard003/env/lib/python3.5/site-packages/guacamole-0.9.2-py3.5.egg/guacamole/ingredients/cmdtree.py", line 165, in _dispatch
    retval = command.invoked(context)
  File "/srv/testflinger-agent/dragonboard003/env/lib/python3.5/site-packages/snappy_device_agents-0.0.1-py3.5.egg/devices/__init__.py", line 37, in wrapper
    return func(*args, **kwargs)
  File "/srv/testflinger-agent/dragonboard003/env/lib/python3.5/site-packages/snappy_device_agents-0.0.1-py3.5.egg/devices/dragonboard/__init__.py", line 44, in invoked
    device.provision()
  File "/srv/testflinger-agent/dragonboard003/env/lib/python3.5/site-packages/snappy_device_agents-0.0.1-py3.5.egg/devices/dragonboard/dragonboard.py", line 374, in provision
    self.flash_test_image(server_ip, server_port)
  File "/srv/testflinger-agent/dragonboard003/env/lib/python3.5/site-packages/snappy_device_agents-0.0.1-py3.5.egg/devices/dragonboard/dragonboard.py", line 275, in flash_test_image
    raise ProvisioningError("Unable to run hdparm to rescan "
devices.ProvisioningError: Unable to run hdparm to rescan partitions
Traceback (most recent call last):
  File "/srv/testflinger-agent/dragonboard003/env/lib/python3.5/site-packages/snappy_device_agents-0.0.1-py3.5.egg/devices/dragonboard/dragonboard.py", line 59, in _run_control
    cmd, stderr=subprocess.STDOUT, timeout=timeout)
  File "/usr/lib/python3.5/subprocess.py", line 626, in check_output
    **kwargs).stdout
  File "/usr/lib/python3.5/subprocess.py", line 708, in run
    output=stdout, stderr=stderr)
subprocess.CalledProcessError: Command '['ssh', '-o', 'StrictHostKeyChecking=no', '-o', 'UserKnownHostsFile=/dev/null', 'linaro@10.101.51.13', 'sudo hdparm -z /dev/mmcblk1']' returned non-zero exit status 255

During handling of the above exception, another exception occurred:

Traceback (most recent call last):
  File "/srv/testflinger-agent/dragonboard003/env/lib/python3.5/site-packages/snappy_device_agents-0.0.1-py3.5.egg/devices/dragonboard/dragonboard.py", line 273, in flash_test_image
    timeout=30)
  File "/srv/testflinger-agent/dragonboard003/env/lib/python3.5/site-packages/snappy_device_agents-0.0.1-py3.5.egg/devices/dragonboard/dragonboard.py", line 61, in _run_control
    raise ProvisioningError(e.output)
devices.ProvisioningError: b''

During handling of the above exception, another exception occurred:

Traceback (most recent call last):
  File "/srv/testflinger-agent/dragonboard003/env/bin/snappy-device-agent", line 4, in <module>
    __import__('pkg_resources').run_script('snappy-device-agents==0.0.1', 'snappy-device-agent')
  File "/srv/testflinger-agent/dragonboard003/env/lib/python3.5/site-packages/pkg_resources/__init__.py", line 719, in run_script
    self.require(requires)[0].run_script(script_name, ns)
  File "/srv/testflinger-agent/dragonboard003/env/lib/python3.5/site-packages/pkg_resources/__init__.py", line 1504, in run_script
    exec(code, namespace, namespace)
  File "/srv/testflinger-agent/dragonboard003/env/lib/python3.5/site-packages/snappy_device_agents-0.0.1-py3.5.egg/EGG-INFO/scripts/snappy-device-agent", line 25, in <module>
    main()
  File "/srv/testflinger-agent/dragonboard003/env/lib/python3.5/site-packages/snappy_device_agents-0.0.1-py3.5.egg/snappy_device_agents/cmd.py", line 75, in main
    Agent().main()
  File "/srv/testflinger-agent/dragonboard003/env/lib/python3.5/site-packages/snappy_device_agents-0.0.1-py3.5.egg/snappy_device_agents/cmd.py", line 71, in main
    return AgentCommandRecipe(self).main(argv, exit)
  File "/srv/testflinger-agent/dragonboard003/env/lib/python3.5/site-packages/guacamole-0.9.2-py3.5.egg/guacamole/recipes/__init__.py", line 119, in main
    retval = bowl.eat(argv)
  File "/srv/testflinger-agent/dragonboard003/env/lib/python3.5/site-packages/guacamole-0.9.2-py3.5.egg/guacamole/core.py", line 254, in eat
    self._dispatch_failed()
  File "/srv/testflinger-agent/dragonboard003/env/lib/python3.5/site-packages/guacamole-0.9.2-py3.5.egg/guacamole/core.py", line 310, in _dispatch_failed
    ingredient.dispatch_failed(self.context)
  File "/srv/testflinger-agent/dragonboard003/env/lib/python3.5/site-packages/guacamole-0.9.2-py3.5.egg/guacamole/core.py", line 248, in eat
    return self._dispatch()
  File "/srv/testflinger-agent/dragonboard003/env/lib/python3.5/site-packages/guacamole-0.9.2-py3.5.egg/guacamole/core.py", line 298, in _dispatch
    result = ingredient.dispatch(self.context)
  File "/srv/testflinger-agent/dragonboard003/env/lib/python3.5/site-packages/guacamole-0.9.2-py3.5.egg/guacamole/ingredients/cmdtree.py", line 152, in dispatch
    return self._dispatch(context, 0)
  File "/srv/testflinger-agent/dragonboard003/env/lib/python3.5/site-packages/guacamole-0.9.2-py3.5.egg/guacamole/ingredients/cmdtree.py", line 179, in _dispatch
    return self._dispatch_None(context, level, retval, command)
  File "/srv/testflinger-agent/dragonboard003/env/lib/python3.5/site-packages/guacamole-0.9.2-py3.5.egg/guacamole/ingredients/cmdtree.py", line 208, in _dispatch_None
    return self._dispatch(context, level + 1)
  File "/srv/testflinger-agent/dragonboard003/env/lib/python3.5/site-packages/guacamole-0.9.2-py3.5.egg/guacamole/ingredients/cmdtree.py", line 179, in _dispatch
    return self._dispatch_None(context, level, retval, command)
  File "/srv/testflinger-agent/dragonboard003/env/lib/python3.5/site-packages/guacamole-0.9.2-py3.5.egg/guacamole/ingredients/cmdtree.py", line 208, in _dispatch_None
    return self._dispatch(context, level + 1)
  File "/srv/testflinger-agent/dragonboard003/env/lib/python3.5/site-packages/guacamole-0.9.2-py3.5.egg/guacamole/ingredients/cmdtree.py", line 165, in _dispatch
    retval = command.invoked(context)
  File "/srv/testflinger-agent/dragonboard003/env/lib/python3.5/site-packages/snappy_device_agents-0.0.1-py3.5.egg/devices/__init__.py", line 37, in wrapper
    return func(*args, **kwargs)
  File "/srv/testflinger-agent/dragonboard003/env/lib/python3.5/site-packages/snappy_device_agents-0.0.1-py3.5.egg/devices/dragonboard/__init__.py", line 44, in invoked
    device.provision()
  File "/srv/testflinger-agent/dragonboard003/env/lib/python3.5/site-packages/snappy_device_agents-0.0.1-py3.5.egg/devices/dragonboard/dragonboard.py", line 374, in provision
    self.flash_test_image(server_ip, server_port)
  File "/srv/testflinger-agent/dragonboard003/env/lib/python3.5/site-packages/snappy_device_agents-0.0.1-py3.5.egg/devices/dragonboard/dragonboard.py", line 275, in flash_test_image
    raise ProvisioningError("Unable to run hdparm to rescan "
devices.ProvisioningError: Unable to run hdparm to rescan partitions
complete
